[2506967ns] [INFO] create a client socket: 8 Invalid argument
[2567719ns] [INFO] SRC process DST server connection succeed: No such file or directory
[2583858ns] [INFO] SRC 2 DST 0 sending packet number: 0, of messageId: 0 No such file or directory ID for connection: 2
[2043412556ns] [INFO] SRC 2 DST 1 Complete message:0x10d5d75da75a8901ade3d3b951b377abe62f754f4c41a1f11a518d6ee8bc1c94d53e4989564147ab785f8a35d26e74edb0462c4dade7834e96a20750da7ed6f4712c70fc03c86476e3d7bdd0cede30d48056494198b61ce072a85c38c768c55fa215ea15d59d864378183ccc1e809c8d4db927e7a7a6e085745604eee27d273b0c878ba77bf6a6172ce2bcae9a75ce1078b58cf50f1fec3d12bcb3c6b09f06cc1579810ca7d8cece17ef05f9a357921242bacdff10f687062126a1dbdd183d4caa3ac0246ef98afd763020acf62364ba5d77aabe8ad2dd3c28a33f819cce1a9a5ee1cabb96882f77c9609ee02257a048f5c58dbeff0855936b324070c7617891bfa3a6bb134fad27c504a04e45a8292d
[2043492206ns] [INFO] SRC 2 DST 1 sending packet number: 0, of messageId: 3 File exists Data: 0x10d5d75da75a8901
[2043507544ns] [INFO] SRC 2 DST 1 sending packet number: 1, of messageId: 3 File exists Data: 0xade3d3b951b377ab
[2043516869ns] [INFO] SRC 2 DST 1 sending packet number: 2, of messageId: 3 File exists Data: 0xe62f754f4c41a1f1
[2043526404ns] [INFO] SRC 2 DST 1 sending packet number: 3, of messageId: 3 File exists Data: 0x1a518d6ee8bc1c94
[2043535529ns] [INFO] SRC 2 DST 1 sending packet number: 4, of messageId: 3 File exists Data: 0xd53e4989564147ab
[2043543786ns] [INFO] SRC 2 DST 1 sending packet number: 5, of messageId: 3 File exists Data: 0x785f8a35d26e74ed
[2043552302ns] [INFO] SRC 2 DST 1 sending packet number: 6, of messageId: 3 File exists Data: 0xb0462c4dade7834e
[2043561102ns] [INFO] SRC 2 DST 1 sending packet number: 7, of messageId: 3 File exists Data: 0x96a20750da7ed6f4
[2043569889ns] [INFO] SRC 2 DST 1 sending packet number: 8, of messageId: 3 File exists Data: 0x712c70fc03c86476
[2043578268ns] [INFO] SRC 2 DST 1 sending packet number: 9, of messageId: 3 File exists Data: 0xe3d7bdd0cede30d4
[2043624484ns] [INFO] SRC 2 DST 1 sending packet number: 10, of messageId: 3 File exists Data: 0x8056494198b61ce0
[2043640950ns] [INFO] SRC 2 DST 1 sending packet number: 11, of messageId: 3 File exists Data: 0x72a85c38c768c55f
[2043652253ns] [INFO] SRC 2 DST 1 sending packet number: 12, of messageId: 3 File exists Data: 0xa215ea15d59d8643
[2043663958ns] [INFO] SRC 2 DST 1 sending packet number: 13, of messageId: 3 File exists Data: 0x78183ccc1e809c8d
[2043673698ns] [INFO] SRC 2 DST 1 sending packet number: 14, of messageId: 3 File exists Data: 0x4db927e7a7a6e085
[2043683277ns] [INFO] SRC 2 DST 1 sending packet number: 15, of messageId: 3 File exists Data: 0x745604eee27d273b
[2043693908ns] [INFO] SRC 2 DST 1 sending packet number: 16, of messageId: 3 File exists Data: 0x0c878ba77bf6a617
[2043701871ns] [INFO] SRC 2 DST 1 sending packet number: 17, of messageId: 3 File exists Data: 0x2ce2bcae9a75ce10
[2043709528ns] [INFO] SRC 2 DST 1 sending packet number: 18, of messageId: 3 File exists Data: 0x78b58cf50f1fec3d
[2043716890ns] [INFO] SRC 2 DST 1 sending packet number: 19, of messageId: 3 File exists Data: 0x12bcb3c6b09f06cc
[2043723800ns] [INFO] SRC 2 DST 1 sending packet number: 20, of messageId: 3 File exists Data: 0x1579810ca7d8cece
[2043730567ns] [INFO] SRC 2 DST 1 sending packet number: 21, of messageId: 3 File exists Data: 0x17ef05f9a3579212
[2043737558ns] [INFO] SRC 2 DST 1 sending packet number: 22, of messageId: 3 File exists Data: 0x42bacdff10f68706
[2043745123ns] [INFO] SRC 2 DST 1 sending packet number: 23, of messageId: 3 File exists Data: 0x2126a1dbdd183d4c
[2043751885ns] [INFO] SRC 2 DST 1 sending packet number: 24, of messageId: 3 File exists Data: 0xaa3ac0246ef98afd
[2043758450ns] [INFO] SRC 2 DST 1 sending packet number: 25, of messageId: 3 File exists Data: 0x763020acf62364ba
[2043765247ns] [INFO] SRC 2 DST 1 sending packet number: 26, of messageId: 3 File exists Data: 0x5d77aabe8ad2dd3c
[2043773437ns] [INFO] SRC 2 DST 1 sending packet number: 27, of messageId: 3 File exists Data: 0x28a33f819cce1a9a
[2043780217ns] [INFO] SRC 2 DST 1 sending packet number: 28, of messageId: 3 File exists Data: 0x5ee1cabb96882f77
[2043793932ns] [INFO] SRC 2 DST 1 sending packet number: 29, of messageId: 3 File exists Data: 0xc9609ee02257a048
[2043801505ns] [INFO] SRC 2 DST 1 sending packet number: 30, of messageId: 3 File exists Data: 0xf5c58dbeff085593
[2043808561ns] [INFO] SRC 2 DST 1 sending packet number: 31, of messageId: 3 File exists Data: 0x6b324070c7617891
[2043816456ns] [INFO] SRC 2 DST 1 sending packet number: 32, of messageId: 3 File exists Data: 0xbfa3a6bb134fad27
[2043823396ns] [INFO] SRC 2 DST 1 sending packet number: 33, of messageId: 3 File exists Data: 0xc504a04e45a8292d
[7629200726ns] [INFO] close socket number: 8
