[2054315ns] [INFO] create a client socket: 8 Invalid argument
[2128291ns] [INFO] SRC process DST server connection succeed: No such file or directory
[2154980ns] [INFO] SRC 2 DST 0 sending packet number: 0, of messageId: 0 No such file or directory ID for connection: 2
[1341443819ns] [INFO] SRC 2 DST 1 Complete message:0x17a060484c55159af698fbefca099383af4687d38f5f94a300c92f0c4285ea4ca1a55b81af7513fe510f025bfa01fe2cc1c9403bf29f9b99144abee0c15b4a05178961c9827d5840da1c4eb269f7573bf5e1e84df8ee1266efcd4a5b949dfa96467db5838519f8088cd98e8872529ab8d6ef098d785bd3ba1af5fc54af9b2d8325a91473aa3080cd3d54c4e2b9edf6a3782de2101198ccaab3dce4e5312ea505026dabfb7211fa614615ee9b19bcf471b029ebb495452531753deffc6d44f6fbb9ea3247f84300c633344fb0f009669bf1504d718cdeba58b06a8e3315d3f42e2c8d9f3c2f311d29b09503e635aa4e4aa3b4ebc2060ca6d6b689f1dd2f5fb6f9bfa3a6bb134fad27c504a04e45a8292d
[1341515183ns] [INFO] SRC 2 DST 1 sending packet number: 0, of messageId: 3 File exists Data: 0x17a060484c55159a
[1341539332ns] [INFO] SRC 2 DST 1 sending packet number: 1, of messageId: 3 File exists Data: 0xf698fbefca099383
[1341546792ns] [INFO] SRC 2 DST 1 sending packet number: 2, of messageId: 3 File exists Data: 0xaf4687d38f5f94a3
[1341553153ns] [INFO] SRC 2 DST 1 sending packet number: 3, of messageId: 3 File exists Data: 0x00c92f0c4285ea4c
[1341558861ns] [INFO] SRC 2 DST 1 sending packet number: 4, of messageId: 3 File exists Data: 0xa1a55b81af7513fe
[1341564683ns] [INFO] SRC 2 DST 1 sending packet number: 5, of messageId: 3 File exists Data: 0x510f025bfa01fe2c
[1341570617ns] [INFO] SRC 2 DST 1 sending packet number: 6, of messageId: 3 File exists Data: 0xc1c9403bf29f9b99
[1341576616ns] [INFO] SRC 2 DST 1 sending packet number: 7, of messageId: 3 File exists Data: 0x144abee0c15b4a05
[1341582409ns] [INFO] SRC 2 DST 1 sending packet number: 8, of messageId: 3 File exists Data: 0x178961c9827d5840
[1341588062ns] [INFO] SRC 2 DST 1 sending packet number: 9, of messageId: 3 File exists Data: 0xda1c4eb269f7573b
[1341594075ns] [INFO] SRC 2 DST 1 sending packet number: 10, of messageId: 3 File exists Data: 0xf5e1e84df8ee1266
[1341599940ns] [INFO] SRC 2 DST 1 sending packet number: 11, of messageId: 3 File exists Data: 0xefcd4a5b949dfa96
[1341605709ns] [INFO] SRC 2 DST 1 sending packet number: 12, of messageId: 3 File exists Data: 0x467db5838519f808
[1341612759ns] [INFO] SRC 2 DST 1 sending packet number: 13, of messageId: 3 File exists Data: 0x8cd98e8872529ab8
[1341619211ns] [INFO] SRC 2 DST 1 sending packet number: 14, of messageId: 3 File exists Data: 0xd6ef098d785bd3ba
[1341624634ns] [INFO] SRC 2 DST 1 sending packet number: 15, of messageId: 3 File exists Data: 0x1af5fc54af9b2d83
[1341629485ns] [INFO] SRC 2 DST 1 sending packet number: 16, of messageId: 3 File exists Data: 0x25a91473aa3080cd
[1341634711ns] [INFO] SRC 2 DST 1 sending packet number: 17, of messageId: 3 File exists Data: 0x3d54c4e2b9edf6a3
[1341639099ns] [INFO] SRC 2 DST 1 sending packet number: 18, of messageId: 3 File exists Data: 0x782de2101198ccaa
[1341643422ns] [INFO] SRC 2 DST 1 sending packet number: 19, of messageId: 3 File exists Data: 0xb3dce4e5312ea505
[1341647823ns] [INFO] SRC 2 DST 1 sending packet number: 20, of messageId: 3 File exists Data: 0x026dabfb7211fa61
[1341652185ns] [INFO] SRC 2 DST 1 sending packet number: 21, of messageId: 3 File exists Data: 0x4615ee9b19bcf471
[1341656637ns] [INFO] SRC 2 DST 1 sending packet number: 22, of messageId: 3 File exists Data: 0xb029ebb495452531
[1341661031ns] [INFO] SRC 2 DST 1 sending packet number: 23, of messageId: 3 File exists Data: 0x753deffc6d44f6fb
[1341665471ns] [INFO] SRC 2 DST 1 sending packet number: 24, of messageId: 3 File exists Data: 0xb9ea3247f84300c6
[1341669751ns] [INFO] SRC 2 DST 1 sending packet number: 25, of messageId: 3 File exists Data: 0x33344fb0f009669b
[1341674505ns] [INFO] SRC 2 DST 1 sending packet number: 26, of messageId: 3 File exists Data: 0xf1504d718cdeba58
[1341678883ns] [INFO] SRC 2 DST 1 sending packet number: 27, of messageId: 3 File exists Data: 0xb06a8e3315d3f42e
[1341683119ns] [INFO] SRC 2 DST 1 sending packet number: 28, of messageId: 3 File exists Data: 0x2c8d9f3c2f311d29
[1341693102ns] [INFO] SRC 2 DST 1 sending packet number: 29, of messageId: 3 File exists Data: 0xb09503e635aa4e4a
[1341697614ns] [INFO] SRC 2 DST 1 sending packet number: 30, of messageId: 3 File exists Data: 0xa3b4ebc2060ca6d6
[1341701945ns] [INFO] SRC 2 DST 1 sending packet number: 31, of messageId: 3 File exists Data: 0xb689f1dd2f5fb6f9
[1341706465ns] [INFO] SRC 2 DST 1 sending packet number: 32, of messageId: 3 File exists Data: 0xbfa3a6bb134fad27
[1341710913ns] [INFO] SRC 2 DST 1 sending packet number: 33, of messageId: 3 File exists Data: 0xc504a04e45a8292d
[89176564210ns] [INFO] SRC 0 DST 0  connection closed: in socket 8 Success
[89176615688ns] [INFO] close socket number: 8
