[1943882ns] [INFO] create a client socket: 8 Invalid argument
[2004381ns] [INFO] SRC process DST server connection succeed: No such file or directory
[2018599ns] [INFO] SRC 2 DST 0 sending packet number: 0, of messageId: 0 No such file or directory ID for connection: 2
[1271426567ns] [INFO] SRC 2 DST 1 Complete message:0x09ba0abe3bc5b7350e63f710f8b93c526165bbf33ad00cf7ccb917dd62afa375f406a33cd44e9140f70696fdf82bf698e4fc2f9b18957790b6d614af665477cad0f6565568b5b14fd19c4467480179af31dadf8519255a4f17bd0bed635d4eea4835dbd30b85cfc32221b5030c3af7826802323958551ab740958b8ffe06afd50b526574c79878293fbadd9abeb975a2a4330dd209af49317e58825f547f58d6cb6de30156b93e2e43bf5d2ca0e0c0e5d47a23fafa9b0dac93750bfe2f311392c0e66de3da25c07246741fe815be71b45f80db5490db7e631ebb7e860e47dfadcaec295991ead75b31e6cafce75eb4c93bce02185c41059ba6cf0b52d1b1c423bfa3a6bb134fad27c504a04e45a8292d
[1271478982ns] [INFO] SRC 2 DST 1 sending packet number: 0, of messageId: 3 File exists Data: 0x09ba0abe3bc5b735
[1271487492ns] [INFO] SRC 2 DST 1 sending packet number: 1, of messageId: 3 File exists Data: 0x0e63f710f8b93c52
[1271493195ns] [INFO] SRC 2 DST 1 sending packet number: 2, of messageId: 3 File exists Data: 0x6165bbf33ad00cf7
[1271498187ns] [INFO] SRC 2 DST 1 sending packet number: 3, of messageId: 3 File exists Data: 0xccb917dd62afa375
[1271504014ns] [INFO] SRC 2 DST 1 sending packet number: 4, of messageId: 3 File exists Data: 0xf406a33cd44e9140
[1271508994ns] [INFO] SRC 2 DST 1 sending packet number: 5, of messageId: 3 File exists Data: 0xf70696fdf82bf698
[1271513751ns] [INFO] SRC 2 DST 1 sending packet number: 6, of messageId: 3 File exists Data: 0xe4fc2f9b18957790
[1271518769ns] [INFO] SRC 2 DST 1 sending packet number: 7, of messageId: 3 File exists Data: 0xb6d614af665477ca
[1271524001ns] [INFO] SRC 2 DST 1 sending packet number: 8, of messageId: 3 File exists Data: 0xd0f6565568b5b14f
[1271529023ns] [INFO] SRC 2 DST 1 sending packet number: 9, of messageId: 3 File exists Data: 0xd19c4467480179af
[1271534802ns] [INFO] SRC 2 DST 1 sending packet number: 10, of messageId: 3 File exists Data: 0x31dadf8519255a4f
[1271540183ns] [INFO] SRC 2 DST 1 sending packet number: 11, of messageId: 3 File exists Data: 0x17bd0bed635d4eea
[1271545121ns] [INFO] SRC 2 DST 1 sending packet number: 12, of messageId: 3 File exists Data: 0x4835dbd30b85cfc3
[1271549950ns] [INFO] SRC 2 DST 1 sending packet number: 13, of messageId: 3 File exists Data: 0x2221b5030c3af782
[1271554895ns] [INFO] SRC 2 DST 1 sending packet number: 14, of messageId: 3 File exists Data: 0x6802323958551ab7
[1271559981ns] [INFO] SRC 2 DST 1 sending packet number: 15, of messageId: 3 File exists Data: 0x40958b8ffe06afd5
[1271565073ns] [INFO] SRC 2 DST 1 sending packet number: 16, of messageId: 3 File exists Data: 0x0b526574c7987829
[1271569302ns] [INFO] SRC 2 DST 1 sending packet number: 17, of messageId: 3 File exists Data: 0x3fbadd9abeb975a2
[1271573436ns] [INFO] SRC 2 DST 1 sending packet number: 18, of messageId: 3 File exists Data: 0xa4330dd209af4931
[1271579830ns] [INFO] SRC 2 DST 1 sending packet number: 19, of messageId: 3 File exists Data: 0x7e58825f547f58d6
[1271584094ns] [INFO] SRC 2 DST 1 sending packet number: 20, of messageId: 3 File exists Data: 0xcb6de30156b93e2e
[1271588421ns] [INFO] SRC 2 DST 1 sending packet number: 21, of messageId: 3 File exists Data: 0x43bf5d2ca0e0c0e5
[1271593645ns] [INFO] SRC 2 DST 1 sending packet number: 22, of messageId: 3 File exists Data: 0xd47a23fafa9b0dac
[1271598045ns] [INFO] SRC 2 DST 1 sending packet number: 23, of messageId: 3 File exists Data: 0x93750bfe2f311392
[1271602141ns] [INFO] SRC 2 DST 1 sending packet number: 24, of messageId: 3 File exists Data: 0xc0e66de3da25c072
[1271606331ns] [INFO] SRC 2 DST 1 sending packet number: 25, of messageId: 3 File exists Data: 0x46741fe815be71b4
[1271610620ns] [INFO] SRC 2 DST 1 sending packet number: 26, of messageId: 3 File exists Data: 0x5f80db5490db7e63
[1271614754ns] [INFO] SRC 2 DST 1 sending packet number: 27, of messageId: 3 File exists Data: 0x1ebb7e860e47dfad
[1271618626ns] [INFO] SRC 2 DST 1 sending packet number: 28, of messageId: 3 File exists Data: 0xcaec295991ead75b
[1271627940ns] [INFO] SRC 2 DST 1 sending packet number: 29, of messageId: 3 File exists Data: 0x31e6cafce75eb4c9
[1271632198ns] [INFO] SRC 2 DST 1 sending packet number: 30, of messageId: 3 File exists Data: 0x3bce02185c41059b
[1271636287ns] [INFO] SRC 2 DST 1 sending packet number: 31, of messageId: 3 File exists Data: 0xa6cf0b52d1b1c423
[1271640650ns] [INFO] SRC 2 DST 1 sending packet number: 32, of messageId: 3 File exists Data: 0xbfa3a6bb134fad27
[1271644863ns] [INFO] SRC 2 DST 1 sending packet number: 33, of messageId: 3 File exists Data: 0xc504a04e45a8292d
[54148992808ns] [INFO] SRC 0 DST 0  connection closed: in socket 8 Success
[54149019309ns] [INFO] close socket number: 8
