[2242616ns] [INFO] create a client socket: 8 Invalid argument
[2372244ns] [INFO] SRC process DST server connection succeed: No such file or directory
[2423380ns] [INFO] SRC 2 DST 0 sending packet number: 0, of messageId: 0 No such file or directory ID for connection: 2
[1183186465ns] [INFO] SRC 2 DST 1 Complete message:0x31abb337d046d8705f6ad29c614b47b6a55f9241322b1470f85c137a1c640588b36f237edb15c63d8a2d96b5a7dbef4f6de4557fc859bcb9dd45b770286e608eeb680976555de684d24c87455d6f610128c2e074338da9a17bd92b83938c6dcb179d78dfac70033ca148c479852b50870167088573b7dcd8fda74945336d0d300b105608374d4e82e74fc26ce852b3bd68cbe406f1dc322c0bb46ddd034df820bdbb925e8c1240776823a08c7e8ba139ce5b4e1313b9439f94d796065599bebd3ff5a63f50508c5723950b1f9a32891a1fcf9b3f0234b726985de49b7045c0c78d88e7040c46bb606d6e3f6b26c96dffd46bb78690bdeffeacf1928bdbafa41fbfa3a6bb134fad27c504a04e45a8292d
[1183254308ns] [INFO] SRC 2 DST 1 sending packet number: 0, of messageId: 3 File exists Data: 0x31abb337d046d870
[1183274415ns] [INFO] SRC 2 DST 1 sending packet number: 1, of messageId: 3 File exists Data: 0x5f6ad29c614b47b6
[1183281046ns] [INFO] SRC 2 DST 1 sending packet number: 2, of messageId: 3 File exists Data: 0xa55f9241322b1470
[1183286462ns] [INFO] SRC 2 DST 1 sending packet number: 3, of messageId: 3 File exists Data: 0xf85c137a1c640588
[1183291232ns] [INFO] SRC 2 DST 1 sending packet number: 4, of messageId: 3 File exists Data: 0xb36f237edb15c63d
[1183295883ns] [INFO] SRC 2 DST 1 sending packet number: 5, of messageId: 3 File exists Data: 0x8a2d96b5a7dbef4f
[1183300708ns] [INFO] SRC 2 DST 1 sending packet number: 6, of messageId: 3 File exists Data: 0x6de4557fc859bcb9
[1183305689ns] [INFO] SRC 2 DST 1 sending packet number: 7, of messageId: 3 File exists Data: 0xdd45b770286e608e
[1183310508ns] [INFO] SRC 2 DST 1 sending packet number: 8, of messageId: 3 File exists Data: 0xeb680976555de684
[1183315253ns] [INFO] SRC 2 DST 1 sending packet number: 9, of messageId: 3 File exists Data: 0xd24c87455d6f6101
[1183320389ns] [INFO] SRC 2 DST 1 sending packet number: 10, of messageId: 3 File exists Data: 0x28c2e074338da9a1
[1183327065ns] [INFO] SRC 2 DST 1 sending packet number: 11, of messageId: 3 File exists Data: 0x7bd92b83938c6dcb
[1183332508ns] [INFO] SRC 2 DST 1 sending packet number: 12, of messageId: 3 File exists Data: 0x179d78dfac70033c
[1183337990ns] [INFO] SRC 2 DST 1 sending packet number: 13, of messageId: 3 File exists Data: 0xa148c479852b5087
[1183343186ns] [INFO] SRC 2 DST 1 sending packet number: 14, of messageId: 3 File exists Data: 0x0167088573b7dcd8
[1183348886ns] [INFO] SRC 2 DST 1 sending packet number: 15, of messageId: 3 File exists Data: 0xfda74945336d0d30
[1183353887ns] [INFO] SRC 2 DST 1 sending packet number: 16, of messageId: 3 File exists Data: 0x0b105608374d4e82
[1183357991ns] [INFO] SRC 2 DST 1 sending packet number: 17, of messageId: 3 File exists Data: 0xe74fc26ce852b3bd
[1183362196ns] [INFO] SRC 2 DST 1 sending packet number: 18, of messageId: 3 File exists Data: 0x68cbe406f1dc322c
[1183366266ns] [INFO] SRC 2 DST 1 sending packet number: 19, of messageId: 3 File exists Data: 0x0bb46ddd034df820
[1183372716ns] [INFO] SRC 2 DST 1 sending packet number: 20, of messageId: 3 File exists Data: 0xbdbb925e8c124077
[1183377073ns] [INFO] SRC 2 DST 1 sending packet number: 21, of messageId: 3 File exists Data: 0x6823a08c7e8ba139
[1183381675ns] [INFO] SRC 2 DST 1 sending packet number: 22, of messageId: 3 File exists Data: 0xce5b4e1313b9439f
[1183386322ns] [INFO] SRC 2 DST 1 sending packet number: 23, of messageId: 3 File exists Data: 0x94d796065599bebd
[1183390577ns] [INFO] SRC 2 DST 1 sending packet number: 24, of messageId: 3 File exists Data: 0x3ff5a63f50508c57
[1183394419ns] [INFO] SRC 2 DST 1 sending packet number: 25, of messageId: 3 File exists Data: 0x23950b1f9a32891a
[1183398290ns] [INFO] SRC 2 DST 1 sending packet number: 26, of messageId: 3 File exists Data: 0x1fcf9b3f0234b726
[1183402190ns] [INFO] SRC 2 DST 1 sending packet number: 27, of messageId: 3 File exists Data: 0x985de49b7045c0c7
[1183406299ns] [INFO] SRC 2 DST 1 sending packet number: 28, of messageId: 3 File exists Data: 0x8d88e7040c46bb60
[1183437486ns] [INFO] SRC 2 DST 1 sending packet number: 29, of messageId: 3 File exists Data: 0x6d6e3f6b26c96dff
[1183441846ns] [INFO] SRC 2 DST 1 sending packet number: 30, of messageId: 3 File exists Data: 0xd46bb78690bdeffe
[1183446323ns] [INFO] SRC 2 DST 1 sending packet number: 31, of messageId: 3 File exists Data: 0xacf1928bdbafa41f
[1183451014ns] [INFO] SRC 2 DST 1 sending packet number: 32, of messageId: 3 File exists Data: 0xbfa3a6bb134fad27
[1183455304ns] [INFO] SRC 2 DST 1 sending packet number: 33, of messageId: 3 File exists Data: 0xc504a04e45a8292d
[28609758803ns] [INFO] close socket number: 8
