[1810760ns] [INFO] create a client socket: 8 Invalid argument
[1865351ns] [INFO] SRC process DST server connection succeed: No such file or directory
[1879000ns] [INFO] SRC 2 DST 0 sending packet number: 0, of messageId: 0 No such file or directory ID for connection: 2
[1144084879ns] [INFO] SRC 2 DST 1 Complete message:0x17f02e7694fe388a1afecf9f63d59091d3941edb96ae161f8e0455478211c4a70879cdda7ec6e0e3a0bca9dbc36ed065708cedda798129417cc8fa1751c77fb2ba46d02db447968da20493e506476e4b48cf182b9082992816c83c1743f34ef800556c1f7aef61d67b73b73420a3cf82f450e4e64ca6d2c6036fd9926f3c3a912b2a5822620bc15e1375e97bd5d449101dca820890dad509de096d9891fa0d1be8127964fa9d3f831775a2f2e7c8bd4f96893117b5ad6a4752222d108044ddcbac620fe82907536557a1da5ffcd128379bf9794b58dc5db3514f7a8a133377916340c22cf577b5ce4a73e6205ca0f97b3ced23dbd3129205d27101a3d8d88d44bfa3a6bb134fad27c504a04e45a8292d
[1144145088ns] [INFO] SRC 2 DST 1 sending packet number: 0, of messageId: 3 File exists Data: 0x17f02e7694fe388a
[1144166161ns] [INFO] SRC 2 DST 1 sending packet number: 1, of messageId: 3 File exists Data: 0x1afecf9f63d59091
[1144171840ns] [INFO] SRC 2 DST 1 sending packet number: 2, of messageId: 3 File exists Data: 0xd3941edb96ae161f
[1144177083ns] [INFO] SRC 2 DST 1 sending packet number: 3, of messageId: 3 File exists Data: 0x8e0455478211c4a7
[1144182115ns] [INFO] SRC 2 DST 1 sending packet number: 4, of messageId: 3 File exists Data: 0x0879cdda7ec6e0e3
[1144187094ns] [INFO] SRC 2 DST 1 sending packet number: 5, of messageId: 3 File exists Data: 0xa0bca9dbc36ed065
[1144192095ns] [INFO] SRC 2 DST 1 sending packet number: 6, of messageId: 3 File exists Data: 0x708cedda79812941
[1144197436ns] [INFO] SRC 2 DST 1 sending packet number: 7, of messageId: 3 File exists Data: 0x7cc8fa1751c77fb2
[1144202501ns] [INFO] SRC 2 DST 1 sending packet number: 8, of messageId: 3 File exists Data: 0xba46d02db447968d
[1144207594ns] [INFO] SRC 2 DST 1 sending packet number: 9, of messageId: 3 File exists Data: 0xa20493e506476e4b
[1144212883ns] [INFO] SRC 2 DST 1 sending packet number: 10, of messageId: 3 File exists Data: 0x48cf182b90829928
[1144217913ns] [INFO] SRC 2 DST 1 sending packet number: 11, of messageId: 3 File exists Data: 0x16c83c1743f34ef8
[1144223318ns] [INFO] SRC 2 DST 1 sending packet number: 12, of messageId: 3 File exists Data: 0x00556c1f7aef61d6
[1144228549ns] [INFO] SRC 2 DST 1 sending packet number: 13, of messageId: 3 File exists Data: 0x7b73b73420a3cf82
[1144233546ns] [INFO] SRC 2 DST 1 sending packet number: 14, of messageId: 3 File exists Data: 0xf450e4e64ca6d2c6
[1144238578ns] [INFO] SRC 2 DST 1 sending packet number: 15, of messageId: 3 File exists Data: 0x036fd9926f3c3a91
[1144244019ns] [INFO] SRC 2 DST 1 sending packet number: 16, of messageId: 3 File exists Data: 0x2b2a5822620bc15e
[1144248086ns] [INFO] SRC 2 DST 1 sending packet number: 17, of messageId: 3 File exists Data: 0x1375e97bd5d44910
[1144252036ns] [INFO] SRC 2 DST 1 sending packet number: 18, of messageId: 3 File exists Data: 0x1dca820890dad509
[1144255975ns] [INFO] SRC 2 DST 1 sending packet number: 19, of messageId: 3 File exists Data: 0xde096d9891fa0d1b
[1144259924ns] [INFO] SRC 2 DST 1 sending packet number: 20, of messageId: 3 File exists Data: 0xe8127964fa9d3f83
[1144263647ns] [INFO] SRC 2 DST 1 sending packet number: 21, of messageId: 3 File exists Data: 0x1775a2f2e7c8bd4f
[1144267706ns] [INFO] SRC 2 DST 1 sending packet number: 22, of messageId: 3 File exists Data: 0x96893117b5ad6a47
[1144271583ns] [INFO] SRC 2 DST 1 sending packet number: 23, of messageId: 3 File exists Data: 0x52222d108044ddcb
[1144276290ns] [INFO] SRC 2 DST 1 sending packet number: 24, of messageId: 3 File exists Data: 0xac620fe829075365
[1144280146ns] [INFO] SRC 2 DST 1 sending packet number: 25, of messageId: 3 File exists Data: 0x57a1da5ffcd12837
[1144283874ns] [INFO] SRC 2 DST 1 sending packet number: 26, of messageId: 3 File exists Data: 0x9bf9794b58dc5db3
[1144287602ns] [INFO] SRC 2 DST 1 sending packet number: 27, of messageId: 3 File exists Data: 0x514f7a8a13337791
[1144291720ns] [INFO] SRC 2 DST 1 sending packet number: 28, of messageId: 3 File exists Data: 0x6340c22cf577b5ce
[1144301787ns] [INFO] SRC 2 DST 1 sending packet number: 29, of messageId: 3 File exists Data: 0x4a73e6205ca0f97b
[1144305703ns] [INFO] SRC 2 DST 1 sending packet number: 30, of messageId: 3 File exists Data: 0x3ced23dbd3129205
[1144309550ns] [INFO] SRC 2 DST 1 sending packet number: 31, of messageId: 3 File exists Data: 0xd27101a3d8d88d44
[1144313570ns] [INFO] SRC 2 DST 1 sending packet number: 32, of messageId: 3 File exists Data: 0xbfa3a6bb134fad27
[1144317367ns] [INFO] SRC 2 DST 1 sending packet number: 33, of messageId: 3 File exists Data: 0xc504a04e45a8292d
[16187515183ns] [INFO] close socket number: 8
