[2053663ns] [INFO] create a client socket: 7 Invalid argument
[2114062ns] [INFO] SRC process DST server connection succeed: No such file or directory
[2128655ns] [INFO] SRC 2 DST 0 sending packet number: 0, of messageId: 0 No such file or directory ID for connection: 2
[2513032651ns] [INFO] SRC 2 DST 1 Complete message:0x36d84dbc4b7248c60b3de3b8e287c800b2f2f497cf568e75584a8b734b5310bd103ba6fb99f1d491d84b478bc29a8ecda8deb09f29ed001aa64b88972557230724a722d4b68a35c83b841f7c4d8dc05d3e1d3f2f03559904e213d5cde4b6b4a634cae3ecd6a2e45e6ac04fae3d1b51d15007d02baf7a0ed5f3671f448f9ce30d23487330809b911db85474f52fcc148d59d5312c3e6fa92b94b89788a480cc8f7efeb8a68782bfcad491f6ee555168b9c78f8a0265d63dd0f253beb5fb431ee3f83a43f7f1786474a0da4d1dc1cf91a9405a25dce93131156999385c6ef50c81f30b21d39b539d475705a6ba090cc5e7d7587e308dc72391d9a81ea2216de8fc05d106c3673275b0491c498bbb7d0739
[2513119310ns] [INFO] SRC 2 DST 1 sending packet number: 0, of messageId: 3 File exists Data: 0x36d84dbc4b7248c6
[2513131239ns] [INFO] SRC 2 DST 1 sending packet number: 1, of messageId: 3 File exists Data: 0x0b3de3b8e287c800
[2513138481ns] [INFO] SRC 2 DST 1 sending packet number: 2, of messageId: 3 File exists Data: 0xb2f2f497cf568e75
[2513145039ns] [INFO] SRC 2 DST 1 sending packet number: 3, of messageId: 3 File exists Data: 0x584a8b734b5310bd
[2513151683ns] [INFO] SRC 2 DST 1 sending packet number: 4, of messageId: 3 File exists Data: 0x103ba6fb99f1d491
[2513158047ns] [INFO] SRC 2 DST 1 sending packet number: 5, of messageId: 3 File exists Data: 0xd84b478bc29a8ecd
[2513164715ns] [INFO] SRC 2 DST 1 sending packet number: 6, of messageId: 3 File exists Data: 0xa8deb09f29ed001a
[2513171322ns] [INFO] SRC 2 DST 1 sending packet number: 7, of messageId: 3 File exists Data: 0xa64b889725572307
[2513177805ns] [INFO] SRC 2 DST 1 sending packet number: 8, of messageId: 3 File exists Data: 0x24a722d4b68a35c8
[2513184246ns] [INFO] SRC 2 DST 1 sending packet number: 9, of messageId: 3 File exists Data: 0x3b841f7c4d8dc05d
[2513191116ns] [INFO] SRC 2 DST 1 sending packet number: 10, of messageId: 3 File exists Data: 0x3e1d3f2f03559904
[2513197586ns] [INFO] SRC 2 DST 1 sending packet number: 11, of messageId: 3 File exists Data: 0xe213d5cde4b6b4a6
[2513204791ns] [INFO] SRC 2 DST 1 sending packet number: 12, of messageId: 3 File exists Data: 0x34cae3ecd6a2e45e
[2513211512ns] [INFO] SRC 2 DST 1 sending packet number: 13, of messageId: 3 File exists Data: 0x6ac04fae3d1b51d1
[2513218253ns] [INFO] SRC 2 DST 1 sending packet number: 14, of messageId: 3 File exists Data: 0x5007d02baf7a0ed5
[2513225068ns] [INFO] SRC 2 DST 1 sending packet number: 15, of messageId: 3 File exists Data: 0xf3671f448f9ce30d
[2513231831ns] [INFO] SRC 2 DST 1 sending packet number: 16, of messageId: 3 File exists Data: 0x23487330809b911d
[2513237089ns] [INFO] SRC 2 DST 1 sending packet number: 17, of messageId: 3 File exists Data: 0xb85474f52fcc148d
[2513242348ns] [INFO] SRC 2 DST 1 sending packet number: 18, of messageId: 3 File exists Data: 0x59d5312c3e6fa92b
[2513247518ns] [INFO] SRC 2 DST 1 sending packet number: 19, of messageId: 3 File exists Data: 0x94b89788a480cc8f
[2513252704ns] [INFO] SRC 2 DST 1 sending packet number: 20, of messageId: 3 File exists Data: 0x7efeb8a68782bfca
[2513257648ns] [INFO] SRC 2 DST 1 sending packet number: 21, of messageId: 3 File exists Data: 0xd491f6ee555168b9
[2513262457ns] [INFO] SRC 2 DST 1 sending packet number: 22, of messageId: 3 File exists Data: 0xc78f8a0265d63dd0
[2513267757ns] [INFO] SRC 2 DST 1 sending packet number: 23, of messageId: 3 File exists Data: 0xf253beb5fb431ee3
[2513272736ns] [INFO] SRC 2 DST 1 sending packet number: 24, of messageId: 3 File exists Data: 0xf83a43f7f1786474
[2513278416ns] [INFO] SRC 2 DST 1 sending packet number: 25, of messageId: 3 File exists Data: 0xa0da4d1dc1cf91a9
[2513283667ns] [INFO] SRC 2 DST 1 sending packet number: 26, of messageId: 3 File exists Data: 0x405a25dce9313115
[2513288614ns] [INFO] SRC 2 DST 1 sending packet number: 27, of messageId: 3 File exists Data: 0x6999385c6ef50c81
[2513293561ns] [INFO] SRC 2 DST 1 sending packet number: 28, of messageId: 3 File exists Data: 0xf30b21d39b539d47
[2513307374ns] [INFO] SRC 2 DST 1 sending packet number: 29, of messageId: 3 File exists Data: 0x5705a6ba090cc5e7
[2513312491ns] [INFO] SRC 2 DST 1 sending packet number: 30, of messageId: 3 File exists Data: 0xd7587e308dc72391
[2513318206ns] [INFO] SRC 2 DST 1 sending packet number: 31, of messageId: 3 File exists Data: 0xd9a81ea2216de8fc
[2513323538ns] [INFO] SRC 2 DST 1 sending packet number: 32, of messageId: 3 File exists Data: 0x05d106c3673275b0
[2513328743ns] [INFO] SRC 2 DST 1 sending packet number: 33, of messageId: 3 File exists Data: 0x491c498bbb7d0739
[14490716541ns] [INFO] close socket number: 7
