[3391704ns] [INFO] create a client socket: 8 Invalid argument
[3469068ns] [INFO] SRC process DST server connection succeed: No such file or directory
[3486701ns] [INFO] SRC 2 DST 0 sending packet number: 0, of messageId: 0 No such file or directory ID for connection: 2
[1274222109ns] [INFO] SRC 2 DST 1 Complete message:0x18742551a2b98fda46701d586431d3b154056c0474271660e1bce09ec0129707eb1e39cceac7a42d9a79cda92e683c88173ba3ba31d41fef697d82a09288267f5c741d8221db0a5599e8ca243208f08509202405115ad0d82be3fac9643d27b4a9d6b1d0fe2876625137cea4bf47a36ea66a7f22ed0cec1ad8f8feb24d5766f5123a1b3326631eda822e0a293073cad7ea44842164214929cf3e21e30d7e9a6d4160838b2e18500a08753086dc44f70d0c7c825571b0f34b4877f1cd59f61eceaf0589151ec762309f0308051e86e117949d8bf366f912a66a95366cef6a2b47c58b707c86c7eea501bd7281e228ea016f34f21b6f7eda791c233a698a5b6fc7bfa3a6bb134fad27c504a04e45a8292d
[1274294180ns] [INFO] SRC 2 DST 1 sending packet number: 0, of messageId: 3 File exists Data: 0x18742551a2b98fda
[1274303149ns] [INFO] SRC 2 DST 1 sending packet number: 1, of messageId: 3 File exists Data: 0x46701d586431d3b1
[1274308748ns] [INFO] SRC 2 DST 1 sending packet number: 2, of messageId: 3 File exists Data: 0x54056c0474271660
[1274317383ns] [INFO] SRC 2 DST 1 sending packet number: 3, of messageId: 3 File exists Data: 0xe1bce09ec0129707
[1274322296ns] [INFO] SRC 2 DST 1 sending packet number: 4, of messageId: 3 File exists Data: 0xeb1e39cceac7a42d
[1274329573ns] [INFO] SRC 2 DST 1 sending packet number: 5, of messageId: 3 File exists Data: 0x9a79cda92e683c88
[1274335869ns] [INFO] SRC 2 DST 1 sending packet number: 6, of messageId: 3 File exists Data: 0x173ba3ba31d41fef
[1274341528ns] [INFO] SRC 2 DST 1 sending packet number: 7, of messageId: 3 File exists Data: 0x697d82a09288267f
[1274347765ns] [INFO] SRC 2 DST 1 sending packet number: 8, of messageId: 3 File exists Data: 0x5c741d8221db0a55
[1274353632ns] [INFO] SRC 2 DST 1 sending packet number: 9, of messageId: 3 File exists Data: 0x99e8ca243208f085
[1274359833ns] [INFO] SRC 2 DST 1 sending packet number: 10, of messageId: 3 File exists Data: 0x09202405115ad0d8
[1274365711ns] [INFO] SRC 2 DST 1 sending packet number: 11, of messageId: 3 File exists Data: 0x2be3fac9643d27b4
[1274371579ns] [INFO] SRC 2 DST 1 sending packet number: 12, of messageId: 3 File exists Data: 0xa9d6b1d0fe287662
[1274377321ns] [INFO] SRC 2 DST 1 sending packet number: 13, of messageId: 3 File exists Data: 0x5137cea4bf47a36e
[1274382999ns] [INFO] SRC 2 DST 1 sending packet number: 14, of messageId: 3 File exists Data: 0xa66a7f22ed0cec1a
[1274389553ns] [INFO] SRC 2 DST 1 sending packet number: 15, of messageId: 3 File exists Data: 0xd8f8feb24d5766f5
[1274395269ns] [INFO] SRC 2 DST 1 sending packet number: 16, of messageId: 3 File exists Data: 0x123a1b3326631eda
[1274400085ns] [INFO] SRC 2 DST 1 sending packet number: 17, of messageId: 3 File exists Data: 0x822e0a293073cad7
[1274405280ns] [INFO] SRC 2 DST 1 sending packet number: 18, of messageId: 3 File exists Data: 0xea44842164214929
[1274409923ns] [INFO] SRC 2 DST 1 sending packet number: 19, of messageId: 3 File exists Data: 0xcf3e21e30d7e9a6d
[1274414284ns] [INFO] SRC 2 DST 1 sending packet number: 20, of messageId: 3 File exists Data: 0x4160838b2e18500a
[1274418631ns] [INFO] SRC 2 DST 1 sending packet number: 21, of messageId: 3 File exists Data: 0x08753086dc44f70d
[1274422986ns] [INFO] SRC 2 DST 1 sending packet number: 22, of messageId: 3 File exists Data: 0x0c7c825571b0f34b
[1274427436ns] [INFO] SRC 2 DST 1 sending packet number: 23, of messageId: 3 File exists Data: 0x4877f1cd59f61ece
[1274431776ns] [INFO] SRC 2 DST 1 sending packet number: 24, of messageId: 3 File exists Data: 0xaf0589151ec76230
[1274436145ns] [INFO] SRC 2 DST 1 sending packet number: 25, of messageId: 3 File exists Data: 0x9f0308051e86e117
[1274440474ns] [INFO] SRC 2 DST 1 sending packet number: 26, of messageId: 3 File exists Data: 0x949d8bf366f912a6
[1274444872ns] [INFO] SRC 2 DST 1 sending packet number: 27, of messageId: 3 File exists Data: 0x6a95366cef6a2b47
[1274449186ns] [INFO] SRC 2 DST 1 sending packet number: 28, of messageId: 3 File exists Data: 0xc58b707c86c7eea5
[1274462427ns] [INFO] SRC 2 DST 1 sending packet number: 29, of messageId: 3 File exists Data: 0x01bd7281e228ea01
[1274467319ns] [INFO] SRC 2 DST 1 sending packet number: 30, of messageId: 3 File exists Data: 0x6f34f21b6f7eda79
[1274471795ns] [INFO] SRC 2 DST 1 sending packet number: 31, of messageId: 3 File exists Data: 0x1c233a698a5b6fc7
[1274476892ns] [INFO] SRC 2 DST 1 sending packet number: 32, of messageId: 3 File exists Data: 0xbfa3a6bb134fad27
[1274481575ns] [INFO] SRC 2 DST 1 sending packet number: 33, of messageId: 3 File exists Data: 0xc504a04e45a8292d
[55728972196ns] [INFO] SRC 0 DST 0  connection closed: in socket 8 Success
[55729024805ns] [INFO] close socket number: 8
