[2000500ns] [INFO] create a client socket: 8 Invalid argument
[2071397ns] [INFO] SRC process DST server connection succeed: No such file or directory
[2085827ns] [INFO] SRC 2 DST 0 sending packet number: 0, of messageId: 0 No such file or directory ID for connection: 2
[1160905361ns] [INFO] SRC 2 DST 1 Complete message:0x39acad475bc571aad583c78e0cbd5a521d2ab61a6b300e7a9d706013a30913a82ad6ac48a8012809d5d960e5e3b14db2e299106b5078eaa8864e4df0d44630253f1f9969876cec0998da62119f67c8758c3b6ccefd598dc9de4a901ab334ea721b58b78af545295be34261edcc9862be86d6ff456d241d63e2d0b00396b2814e237354a2ddac890b070107d20eaaec07698e7cfa274ecdaeb1eae794d6b707f5930b3dacf8217b4619657da8c67e180feea780d588d81713e234a5e7857b83767363470e91d9be79fade7efac8cee6bfc71cb71a22c09a5703ec3b0f15978bd8c38ec61a0f5fa7ded487304650499990a8fac6fb3fb2e1c6a2454d996ec3525ebfa3a6bb134fad27c504a04e45a8292d
[1160971294ns] [INFO] SRC 2 DST 1 sending packet number: 0, of messageId: 3 File exists Data: 0x39acad475bc571aa
[1160981240ns] [INFO] SRC 2 DST 1 sending packet number: 1, of messageId: 3 File exists Data: 0xd583c78e0cbd5a52
[1160987260ns] [INFO] SRC 2 DST 1 sending packet number: 2, of messageId: 3 File exists Data: 0x1d2ab61a6b300e7a
[1160993122ns] [INFO] SRC 2 DST 1 sending packet number: 3, of messageId: 3 File exists Data: 0x9d706013a30913a8
[1160998780ns] [INFO] SRC 2 DST 1 sending packet number: 4, of messageId: 3 File exists Data: 0x2ad6ac48a8012809
[1161004365ns] [INFO] SRC 2 DST 1 sending packet number: 5, of messageId: 3 File exists Data: 0xd5d960e5e3b14db2
[1161009894ns] [INFO] SRC 2 DST 1 sending packet number: 6, of messageId: 3 File exists Data: 0xe299106b5078eaa8
[1161015243ns] [INFO] SRC 2 DST 1 sending packet number: 7, of messageId: 3 File exists Data: 0x864e4df0d4463025
[1161021377ns] [INFO] SRC 2 DST 1 sending packet number: 8, of messageId: 3 File exists Data: 0x3f1f9969876cec09
[1161027012ns] [INFO] SRC 2 DST 1 sending packet number: 9, of messageId: 3 File exists Data: 0x98da62119f67c875
[1161032686ns] [INFO] SRC 2 DST 1 sending packet number: 10, of messageId: 3 File exists Data: 0x8c3b6ccefd598dc9
[1161038066ns] [INFO] SRC 2 DST 1 sending packet number: 11, of messageId: 3 File exists Data: 0xde4a901ab334ea72
[1161043487ns] [INFO] SRC 2 DST 1 sending packet number: 12, of messageId: 3 File exists Data: 0x1b58b78af545295b
[1161048874ns] [INFO] SRC 2 DST 1 sending packet number: 13, of messageId: 3 File exists Data: 0xe34261edcc9862be
[1161054408ns] [INFO] SRC 2 DST 1 sending packet number: 14, of messageId: 3 File exists Data: 0x86d6ff456d241d63
[1161060016ns] [INFO] SRC 2 DST 1 sending packet number: 15, of messageId: 3 File exists Data: 0xe2d0b00396b2814e
[1161065882ns] [INFO] SRC 2 DST 1 sending packet number: 16, of messageId: 3 File exists Data: 0x237354a2ddac890b
[1161070594ns] [INFO] SRC 2 DST 1 sending packet number: 17, of messageId: 3 File exists Data: 0x070107d20eaaec07
[1161074902ns] [INFO] SRC 2 DST 1 sending packet number: 18, of messageId: 3 File exists Data: 0x698e7cfa274ecdae
[1161079168ns] [INFO] SRC 2 DST 1 sending packet number: 19, of messageId: 3 File exists Data: 0xb1eae794d6b707f5
[1161083412ns] [INFO] SRC 2 DST 1 sending packet number: 20, of messageId: 3 File exists Data: 0x930b3dacf8217b46
[1161087524ns] [INFO] SRC 2 DST 1 sending packet number: 21, of messageId: 3 File exists Data: 0x19657da8c67e180f
[1161091505ns] [INFO] SRC 2 DST 1 sending packet number: 22, of messageId: 3 File exists Data: 0xeea780d588d81713
[1161095679ns] [INFO] SRC 2 DST 1 sending packet number: 23, of messageId: 3 File exists Data: 0xe234a5e7857b8376
[1161100277ns] [INFO] SRC 2 DST 1 sending packet number: 24, of messageId: 3 File exists Data: 0x7363470e91d9be79
[1161104333ns] [INFO] SRC 2 DST 1 sending packet number: 25, of messageId: 3 File exists Data: 0xfade7efac8cee6bf
[1161108366ns] [INFO] SRC 2 DST 1 sending packet number: 26, of messageId: 3 File exists Data: 0xc71cb71a22c09a57
[1161113171ns] [INFO] SRC 2 DST 1 sending packet number: 27, of messageId: 3 File exists Data: 0x03ec3b0f15978bd8
[1161117420ns] [INFO] SRC 2 DST 1 sending packet number: 28, of messageId: 3 File exists Data: 0xc38ec61a0f5fa7de
[1161128594ns] [INFO] SRC 2 DST 1 sending packet number: 29, of messageId: 3 File exists Data: 0xd487304650499990
[1161133287ns] [INFO] SRC 2 DST 1 sending packet number: 30, of messageId: 3 File exists Data: 0xa8fac6fb3fb2e1c6
[1161137572ns] [INFO] SRC 2 DST 1 sending packet number: 31, of messageId: 3 File exists Data: 0xa2454d996ec3525e
[1161142324ns] [INFO] SRC 2 DST 1 sending packet number: 32, of messageId: 3 File exists Data: 0xbfa3a6bb134fad27
[1161146691ns] [INFO] SRC 2 DST 1 sending packet number: 33, of messageId: 3 File exists Data: 0xc504a04e45a8292d
[68759255258ns] [INFO] SRC 0 DST 0  connection closed: in socket 8 Success
[68759277671ns] [INFO] close socket number: 8
