[2068326ns] [INFO] create a client socket: 8 Invalid argument
[2126159ns] [INFO] SRC process DST server connection succeed: No such file or directory
[2144326ns] [INFO] SRC 2 DST 0 sending packet number: 0, of messageId: 0 No such file or directory ID for connection: 2
[1350225934ns] [INFO] SRC 2 DST 1 Complete message:0x1b361d52740aa26bd291a16a8dda4a78ae1e17155e1cae867b0801a7cca0cf3021af4eb459ff5b7185ebacb1ddbb8a1b31256560c6e4b16f27c1eaa6c988c40cd2b7361aec5adda9abafad1ead48b2291aefaf827fbd830fa45600d7d0960a90d329f43cc484cbfc29188bd8a5c10c53da8457a226678b9e0225e2bd026fb972190f55d0f0bd6462ee7e466d58aacaa5545d986e55205bc312121518eb24ac2b4e4645461f579bbe9dfcbb4a761de039e9a623ecf0cd182d92800b5090cc01d0569b6ac72f90a0c7fab9b3ce83d6fd64217bab245ea00d64df9b7d80d34d8f75ed90d329f5a977061608201ca6f1d5ec843386c6b36d391e6fab11e262e5f7e9bfa3a6bb134fad27c504a04e45a8292d
[1350284543ns] [INFO] SRC 2 DST 1 sending packet number: 0, of messageId: 3 File exists Data: 0x1b361d52740aa26b
[1350294560ns] [INFO] SRC 2 DST 1 sending packet number: 1, of messageId: 3 File exists Data: 0xd291a16a8dda4a78
[1350301240ns] [INFO] SRC 2 DST 1 sending packet number: 2, of messageId: 3 File exists Data: 0xae1e17155e1cae86
[1350307078ns] [INFO] SRC 2 DST 1 sending packet number: 3, of messageId: 3 File exists Data: 0x7b0801a7cca0cf30
[1350312992ns] [INFO] SRC 2 DST 1 sending packet number: 4, of messageId: 3 File exists Data: 0x21af4eb459ff5b71
[1350318480ns] [INFO] SRC 2 DST 1 sending packet number: 5, of messageId: 3 File exists Data: 0x85ebacb1ddbb8a1b
[1350323788ns] [INFO] SRC 2 DST 1 sending packet number: 6, of messageId: 3 File exists Data: 0x31256560c6e4b16f
[1350329219ns] [INFO] SRC 2 DST 1 sending packet number: 7, of messageId: 3 File exists Data: 0x27c1eaa6c988c40c
[1350334495ns] [INFO] SRC 2 DST 1 sending packet number: 8, of messageId: 3 File exists Data: 0xd2b7361aec5adda9
[1350339826ns] [INFO] SRC 2 DST 1 sending packet number: 9, of messageId: 3 File exists Data: 0xabafad1ead48b229
[1350345502ns] [INFO] SRC 2 DST 1 sending packet number: 10, of messageId: 3 File exists Data: 0x1aefaf827fbd830f
[1350350948ns] [INFO] SRC 2 DST 1 sending packet number: 11, of messageId: 3 File exists Data: 0xa45600d7d0960a90
[1350356328ns] [INFO] SRC 2 DST 1 sending packet number: 12, of messageId: 3 File exists Data: 0xd329f43cc484cbfc
[1350361771ns] [INFO] SRC 2 DST 1 sending packet number: 13, of messageId: 3 File exists Data: 0x29188bd8a5c10c53
[1350367308ns] [INFO] SRC 2 DST 1 sending packet number: 14, of messageId: 3 File exists Data: 0xda8457a226678b9e
[1350372791ns] [INFO] SRC 2 DST 1 sending packet number: 15, of messageId: 3 File exists Data: 0x0225e2bd026fb972
[1350378500ns] [INFO] SRC 2 DST 1 sending packet number: 16, of messageId: 3 File exists Data: 0x190f55d0f0bd6462
[1350382870ns] [INFO] SRC 2 DST 1 sending packet number: 17, of messageId: 3 File exists Data: 0xee7e466d58aacaa5
[1350387125ns] [INFO] SRC 2 DST 1 sending packet number: 18, of messageId: 3 File exists Data: 0x545d986e55205bc3
[1350391212ns] [INFO] SRC 2 DST 1 sending packet number: 19, of messageId: 3 File exists Data: 0x12121518eb24ac2b
[1350395195ns] [INFO] SRC 2 DST 1 sending packet number: 20, of messageId: 3 File exists Data: 0x4e4645461f579bbe
[1350399296ns] [INFO] SRC 2 DST 1 sending packet number: 21, of messageId: 3 File exists Data: 0x9dfcbb4a761de039
[1350403639ns] [INFO] SRC 2 DST 1 sending packet number: 22, of messageId: 3 File exists Data: 0xe9a623ecf0cd182d
[1350407798ns] [INFO] SRC 2 DST 1 sending packet number: 23, of messageId: 3 File exists Data: 0x92800b5090cc01d0
[1350411804ns] [INFO] SRC 2 DST 1 sending packet number: 24, of messageId: 3 File exists Data: 0x569b6ac72f90a0c7
[1350415891ns] [INFO] SRC 2 DST 1 sending packet number: 25, of messageId: 3 File exists Data: 0xfab9b3ce83d6fd64
[1350419973ns] [INFO] SRC 2 DST 1 sending packet number: 26, of messageId: 3 File exists Data: 0x217bab245ea00d64
[1350424851ns] [INFO] SRC 2 DST 1 sending packet number: 27, of messageId: 3 File exists Data: 0xdf9b7d80d34d8f75
[1350429187ns] [INFO] SRC 2 DST 1 sending packet number: 28, of messageId: 3 File exists Data: 0xed90d329f5a97706
[1350440784ns] [INFO] SRC 2 DST 1 sending packet number: 29, of messageId: 3 File exists Data: 0x1608201ca6f1d5ec
[1350445024ns] [INFO] SRC 2 DST 1 sending packet number: 30, of messageId: 3 File exists Data: 0x843386c6b36d391e
[1350449090ns] [INFO] SRC 2 DST 1 sending packet number: 31, of messageId: 3 File exists Data: 0x6fab11e262e5f7e9
[1350453213ns] [INFO] SRC 2 DST 1 sending packet number: 32, of messageId: 3 File exists Data: 0xbfa3a6bb134fad27
[1350457582ns] [INFO] SRC 2 DST 1 sending packet number: 33, of messageId: 3 File exists Data: 0xc504a04e45a8292d
[12798172432ns] [INFO] SRC 0 DST 0  connection closed: in socket 8 Success
[12798192861ns] [INFO] close socket number: 8
