[2121501ns] [INFO] create a client socket: 8 Invalid argument
[2187056ns] [INFO] SRC process DST server connection succeed: No such file or directory
[2200813ns] [INFO] SRC 2 DST 0 sending packet number: 0, of messageId: 0 No such file or directory ID for connection: 2
[4775350ns] [ERROR] RPC getEncryptedLen failed
[5107150ns] [ERROR] RPC getSignatureLength failed
[1003366792ns] [ERROR] RPC encrypt failed
[1643570ns] [INFO] create a client socket: 8 Invalid argument
[1747622ns] [INFO] SRC process DST server connection succeed: Invalid argument
[1764262ns] [INFO] SRC 2 DST 0 sending packet number: 0, of messageId: 0 Invalid argument ID for connection: 2
[1253804262ns] [INFO] SRC 2 DST 1 Complete message:0x01fc83e52c853523e60b62cc14903f82e4c02d8f2e8dec76d1f3784879570b121efd8f580833db0b2bbae9e4d8b9202b6e11717a242f91e6c0b3ef930caea5a6d06fc5b497cb97d82aa262a1fd404efec46ffc3fd38cd3b9a85243aeb3a30722b9377343b08cc4fc94b84a54218b5dd2651a3cfa9a94b95275e63ad4d36310dc0e860fa53d59d59d0a83218111715630ba2a4003163b1fa4504321b5bd30dd65dc8bbb75533440f41054ed5056e8c58e75b211b8250bb0f02a1c6876020997aca7f5b924b6a43b72ec8858d65941f50c9bdeff8e956f885165ba7fdceb30ba8c94156d1241baf6d8f0d24a894337b5f1d83d2d555ab5c6aebdd3ed45d16fcdf5d7963fef7ca799671b5561786b013b4f
[1253890059ns] [INFO] SRC 2 DST 1 sending packet number: 0, of messageId: 3 File exists Data: 0x01fc83e52c853523
[1253902143ns] [INFO] SRC 2 DST 1 sending packet number: 1, of messageId: 3 File exists Data: 0xe60b62cc14903f82
[1253910394ns] [INFO] SRC 2 DST 1 sending packet number: 2, of messageId: 3 File exists Data: 0xe4c02d8f2e8dec76
[1253917478ns] [INFO] SRC 2 DST 1 sending packet number: 3, of messageId: 3 File exists Data: 0xd1f3784879570b12
[1253924298ns] [INFO] SRC 2 DST 1 sending packet number: 4, of messageId: 3 File exists Data: 0x1efd8f580833db0b
[1253930949ns] [INFO] SRC 2 DST 1 sending packet number: 5, of messageId: 3 File exists Data: 0x2bbae9e4d8b9202b
[1253937532ns] [INFO] SRC 2 DST 1 sending packet number: 6, of messageId: 3 File exists Data: 0x6e11717a242f91e6
[1253947480ns] [INFO] SRC 2 DST 1 sending packet number: 7, of messageId: 3 File exists Data: 0xc0b3ef930caea5a6
[1253955739ns] [INFO] SRC 2 DST 1 sending packet number: 8, of messageId: 3 File exists Data: 0xd06fc5b497cb97d8
[1253963064ns] [INFO] SRC 2 DST 1 sending packet number: 9, of messageId: 3 File exists Data: 0x2aa262a1fd404efe
[1253974842ns] [INFO] SRC 2 DST 1 sending packet number: 10, of messageId: 3 File exists Data: 0xc46ffc3fd38cd3b9
[1253981939ns] [INFO] SRC 2 DST 1 sending packet number: 11, of messageId: 3 File exists Data: 0xa85243aeb3a30722
[1253989788ns] [INFO] SRC 2 DST 1 sending packet number: 12, of messageId: 3 File exists Data: 0xb9377343b08cc4fc
[1253997350ns] [INFO] SRC 2 DST 1 sending packet number: 13, of messageId: 3 File exists Data: 0x94b84a54218b5dd2
[1254004389ns] [INFO] SRC 2 DST 1 sending packet number: 14, of messageId: 3 File exists Data: 0x651a3cfa9a94b952
[1254011095ns] [INFO] SRC 2 DST 1 sending packet number: 15, of messageId: 3 File exists Data: 0x75e63ad4d36310dc
[1254017953ns] [INFO] SRC 2 DST 1 sending packet number: 16, of messageId: 3 File exists Data: 0x0e860fa53d59d59d
[1254024081ns] [INFO] SRC 2 DST 1 sending packet number: 17, of messageId: 3 File exists Data: 0x0a83218111715630
[1254029791ns] [INFO] SRC 2 DST 1 sending packet number: 18, of messageId: 3 File exists Data: 0xba2a4003163b1fa4
[1254035541ns] [INFO] SRC 2 DST 1 sending packet number: 19, of messageId: 3 File exists Data: 0x504321b5bd30dd65
[1254041617ns] [INFO] SRC 2 DST 1 sending packet number: 20, of messageId: 3 File exists Data: 0xdc8bbb75533440f4
[1254047489ns] [INFO] SRC 2 DST 1 sending packet number: 21, of messageId: 3 File exists Data: 0x1054ed5056e8c58e
[1254055709ns] [INFO] SRC 2 DST 1 sending packet number: 22, of messageId: 3 File exists Data: 0x75b211b8250bb0f0
[1254066890ns] [INFO] SRC 2 DST 1 sending packet number: 23, of messageId: 3 File exists Data: 0x2a1c6876020997ac
[1254073853ns] [INFO] SRC 2 DST 1 sending packet number: 24, of messageId: 3 File exists Data: 0xa7f5b924b6a43b72
[1254091624ns] [INFO] SRC 2 DST 1 sending packet number: 25, of messageId: 3 File exists Data: 0xec8858d65941f50c
[1254100163ns] [INFO] SRC 2 DST 1 sending packet number: 26, of messageId: 3 File exists Data: 0x9bdeff8e956f8851
[1254106080ns] [INFO] SRC 2 DST 1 sending packet number: 27, of messageId: 3 File exists Data: 0x65ba7fdceb30ba8c
[1254113016ns] [INFO] SRC 2 DST 1 sending packet number: 28, of messageId: 3 File exists Data: 0x94156d1241baf6d8
[1254119892ns] [INFO] SRC 2 DST 1 sending packet number: 29, of messageId: 3 File exists Data: 0xf0d24a894337b5f1
[1254144153ns] [INFO] SRC 2 DST 1 sending packet number: 30, of messageId: 3 File exists Data: 0xd83d2d555ab5c6ae
[1254193030ns] [INFO] SRC 2 DST 1 sending packet number: 31, of messageId: 3 File exists Data: 0xbdd3ed45d16fcdf5
[1254241728ns] [INFO] SRC 2 DST 1 sending packet number: 32, of messageId: 3 File exists Data: 0xd7963fef7ca79967
[1254294305ns] [INFO] SRC 2 DST 1 sending packet number: 33, of messageId: 3 File exists Data: 0x1b5561786b013b4f
[1356670764097ns] [INFO] SRC 0 DST 0  connection closed: in socket 8 Success
[1356670783380ns] [INFO] close socket number: 8
