[2590677ns] [INFO] create a client socket: 7 Invalid argument
[2653837ns] [INFO] SRC process DST server connection succeed: No such file or directory
[2670380ns] [INFO] SRC 2 DST 0 sending packet number: 0, of messageId: 0 No such file or directory ID for connection: 2
[1924152290ns] [INFO] SRC 2 DST 1 Complete message:0x3f3c8c803abe07d93610aa9536de2c7bd656c2b21aeb5fc07dba184e95c3744ca7bfaf9466bc8d4ee013faf8dd1ffdbdf730df216dd8004650a9f0164c5d17b09f863a329626f055790aa27273f52e25c858832a215273d6a4439f9e59574a1d6ecf6e8e3662275d1c715234506ef2d857f554e95345f4b893b520863cbaaf372b78c6f03a05ef4161b521b3e1ef0b6e7466dfd7a40f2afba0dca5877675bc7c36ae3cbd7c7f9de3522a820216dddfd4ed09d536db9cfb31f1cdb07bb258a6aa1a01ff6d9ad996e22c01622d98b3fe5d66550d5d7fd58bc901df441cabae1d56279d711d92b1148fc99e144ad1e126faff3e8d8ae3b4fb87d8fb154d9766652087606382b07ef01d758a7fe9d6aaa618
[1924245774ns] [INFO] SRC 2 DST 1 sending packet number: 0, of messageId: 3 File exists Data: 0x3f3c8c803abe07d9
[1924276343ns] [INFO] SRC 2 DST 1 sending packet number: 1, of messageId: 3 File exists Data: 0x3610aa9536de2c7b
[1924287675ns] [INFO] SRC 2 DST 1 sending packet number: 2, of messageId: 3 File exists Data: 0xd656c2b21aeb5fc0
[1924296360ns] [INFO] SRC 2 DST 1 sending packet number: 3, of messageId: 3 File exists Data: 0x7dba184e95c3744c
[1924304795ns] [INFO] SRC 2 DST 1 sending packet number: 4, of messageId: 3 File exists Data: 0xa7bfaf9466bc8d4e
[1924312541ns] [INFO] SRC 2 DST 1 sending packet number: 5, of messageId: 3 File exists Data: 0xe013faf8dd1ffdbd
[1924320125ns] [INFO] SRC 2 DST 1 sending packet number: 6, of messageId: 3 File exists Data: 0xf730df216dd80046
[1924327408ns] [INFO] SRC 2 DST 1 sending packet number: 7, of messageId: 3 File exists Data: 0x50a9f0164c5d17b0
[1924335689ns] [INFO] SRC 2 DST 1 sending packet number: 8, of messageId: 3 File exists Data: 0x9f863a329626f055
[1924343710ns] [INFO] SRC 2 DST 1 sending packet number: 9, of messageId: 3 File exists Data: 0x790aa27273f52e25
[1924352216ns] [INFO] SRC 2 DST 1 sending packet number: 10, of messageId: 3 File exists Data: 0xc858832a215273d6
[1924359927ns] [INFO] SRC 2 DST 1 sending packet number: 11, of messageId: 3 File exists Data: 0xa4439f9e59574a1d
[1924367824ns] [INFO] SRC 2 DST 1 sending packet number: 12, of messageId: 3 File exists Data: 0x6ecf6e8e3662275d
[1924375454ns] [INFO] SRC 2 DST 1 sending packet number: 13, of messageId: 3 File exists Data: 0x1c715234506ef2d8
[1924383259ns] [INFO] SRC 2 DST 1 sending packet number: 14, of messageId: 3 File exists Data: 0x57f554e95345f4b8
[1924390738ns] [INFO] SRC 2 DST 1 sending packet number: 15, of messageId: 3 File exists Data: 0x93b520863cbaaf37
[1924398339ns] [INFO] SRC 2 DST 1 sending packet number: 16, of messageId: 3 File exists Data: 0x2b78c6f03a05ef41
[1924405450ns] [INFO] SRC 2 DST 1 sending packet number: 17, of messageId: 3 File exists Data: 0x61b521b3e1ef0b6e
[1924412373ns] [INFO] SRC 2 DST 1 sending packet number: 18, of messageId: 3 File exists Data: 0x7466dfd7a40f2afb
[1924418371ns] [INFO] SRC 2 DST 1 sending packet number: 19, of messageId: 3 File exists Data: 0xa0dca5877675bc7c
[1924425061ns] [INFO] SRC 2 DST 1 sending packet number: 20, of messageId: 3 File exists Data: 0x36ae3cbd7c7f9de3
[1924431816ns] [INFO] SRC 2 DST 1 sending packet number: 21, of messageId: 3 File exists Data: 0x522a820216dddfd4
[1924437654ns] [INFO] SRC 2 DST 1 sending packet number: 22, of messageId: 3 File exists Data: 0xed09d536db9cfb31
[1924443528ns] [INFO] SRC 2 DST 1 sending packet number: 23, of messageId: 3 File exists Data: 0xf1cdb07bb258a6aa
[1924449438ns] [INFO] SRC 2 DST 1 sending packet number: 24, of messageId: 3 File exists Data: 0x1a01ff6d9ad996e2
[1924456163ns] [INFO] SRC 2 DST 1 sending packet number: 25, of messageId: 3 File exists Data: 0x2c01622d98b3fe5d
[1924464045ns] [INFO] SRC 2 DST 1 sending packet number: 26, of messageId: 3 File exists Data: 0x66550d5d7fd58bc9
[1924471686ns] [INFO] SRC 2 DST 1 sending packet number: 27, of messageId: 3 File exists Data: 0x01df441cabae1d56
[1924478323ns] [INFO] SRC 2 DST 1 sending packet number: 28, of messageId: 3 File exists Data: 0x279d711d92b1148f
[1924492211ns] [INFO] SRC 2 DST 1 sending packet number: 29, of messageId: 3 File exists Data: 0xc99e144ad1e126fa
[1924498397ns] [INFO] SRC 2 DST 1 sending packet number: 30, of messageId: 3 File exists Data: 0xff3e8d8ae3b4fb87
[1924504342ns] [INFO] SRC 2 DST 1 sending packet number: 31, of messageId: 3 File exists Data: 0xd8fb154d97666520
[1924510765ns] [INFO] SRC 2 DST 1 sending packet number: 32, of messageId: 3 File exists Data: 0x87606382b07ef01d
[1924516993ns] [INFO] SRC 2 DST 1 sending packet number: 33, of messageId: 3 File exists Data: 0x758a7fe9d6aaa618
[41628501617ns] [INFO] SRC 0 DST 0  connection closed: in socket 7 Success
[41628537795ns] [INFO] close socket number: 7
