[2733638ns] [INFO] create a client socket: 8 Invalid argument
[2787141ns] [INFO] SRC process DST server connection succeed: No such file or directory
[2807894ns] [INFO] SRC 2 DST 0 sending packet number: 0, of messageId: 0 No such file or directory ID for connection: 2
[1578070642ns] [INFO] SRC 2 DST 1 Complete message:0x1545b48cef97ab230e435dae88c8fdaf71492050f53f6df0f0c87f0b3aa4b9bec421c67c663381fdff2a57217be4ab68a6af79a3a961c316eb32f6a49716e997918c6fbde134cceb8e7faff32ffdc7ce36ad88f7668c0067f6eba33ee1a0be53c39df2fd1d3a236f6154e833fd74f37938d740377c48abf01207e6c911cd63b8207dcbcbab032aeb3486e0a4fdbe15f3cbf109557994ca7350eff338fd9fb92fc5f520dc445d5f39d6233cbc3dcf22dc0caad607e6c9defbae06e4f9bc8d58d2e4cd333d80e4b62b00dbaf692064ffa3892fa4864ff5d0018b370d5ebfba0de07d5106e0e1faf409f10762d4d748f516af1d5b41f3db81e865c75e194074f36ebfa3a6bb134fad27c504a04e45a8292d
[1578149961ns] [INFO] SRC 2 DST 1 sending packet number: 0, of messageId: 3 File exists Data: 0x1545b48cef97ab23
[1578162244ns] [INFO] SRC 2 DST 1 sending packet number: 1, of messageId: 3 File exists Data: 0x0e435dae88c8fdaf
[1578169858ns] [INFO] SRC 2 DST 1 sending packet number: 2, of messageId: 3 File exists Data: 0x71492050f53f6df0
[1578176721ns] [INFO] SRC 2 DST 1 sending packet number: 3, of messageId: 3 File exists Data: 0xf0c87f0b3aa4b9be
[1578184025ns] [INFO] SRC 2 DST 1 sending packet number: 4, of messageId: 3 File exists Data: 0xc421c67c663381fd
[1578190681ns] [INFO] SRC 2 DST 1 sending packet number: 5, of messageId: 3 File exists Data: 0xff2a57217be4ab68
[1578197189ns] [INFO] SRC 2 DST 1 sending packet number: 6, of messageId: 3 File exists Data: 0xa6af79a3a961c316
[1578203663ns] [INFO] SRC 2 DST 1 sending packet number: 7, of messageId: 3 File exists Data: 0xeb32f6a49716e997
[1578210104ns] [INFO] SRC 2 DST 1 sending packet number: 8, of messageId: 3 File exists Data: 0x918c6fbde134cceb
[1578216549ns] [INFO] SRC 2 DST 1 sending packet number: 9, of messageId: 3 File exists Data: 0x8e7faff32ffdc7ce
[1578223992ns] [INFO] SRC 2 DST 1 sending packet number: 10, of messageId: 3 File exists Data: 0x36ad88f7668c0067
[1578230579ns] [INFO] SRC 2 DST 1 sending packet number: 11, of messageId: 3 File exists Data: 0xf6eba33ee1a0be53
[1578237050ns] [INFO] SRC 2 DST 1 sending packet number: 12, of messageId: 3 File exists Data: 0xc39df2fd1d3a236f
[1578243500ns] [INFO] SRC 2 DST 1 sending packet number: 13, of messageId: 3 File exists Data: 0x6154e833fd74f379
[1578249793ns] [INFO] SRC 2 DST 1 sending packet number: 14, of messageId: 3 File exists Data: 0x38d740377c48abf0
[1578256395ns] [INFO] SRC 2 DST 1 sending packet number: 15, of messageId: 3 File exists Data: 0x1207e6c911cd63b8
[1578263646ns] [INFO] SRC 2 DST 1 sending packet number: 16, of messageId: 3 File exists Data: 0x207dcbcbab032aeb
[1578268926ns] [INFO] SRC 2 DST 1 sending packet number: 17, of messageId: 3 File exists Data: 0x3486e0a4fdbe15f3
[1578273886ns] [INFO] SRC 2 DST 1 sending packet number: 18, of messageId: 3 File exists Data: 0xcbf109557994ca73
[1578278760ns] [INFO] SRC 2 DST 1 sending packet number: 19, of messageId: 3 File exists Data: 0x50eff338fd9fb92f
[1578283614ns] [INFO] SRC 2 DST 1 sending packet number: 20, of messageId: 3 File exists Data: 0xc5f520dc445d5f39
[1578288496ns] [INFO] SRC 2 DST 1 sending packet number: 21, of messageId: 3 File exists Data: 0xd6233cbc3dcf22dc
[1578293528ns] [INFO] SRC 2 DST 1 sending packet number: 22, of messageId: 3 File exists Data: 0x0caad607e6c9defb
[1578299032ns] [INFO] SRC 2 DST 1 sending packet number: 23, of messageId: 3 File exists Data: 0xae06e4f9bc8d58d2
[1578304113ns] [INFO] SRC 2 DST 1 sending packet number: 24, of messageId: 3 File exists Data: 0xe4cd333d80e4b62b
[1578309112ns] [INFO] SRC 2 DST 1 sending packet number: 25, of messageId: 3 File exists Data: 0x00dbaf692064ffa3
[1578314112ns] [INFO] SRC 2 DST 1 sending packet number: 26, of messageId: 3 File exists Data: 0x892fa4864ff5d001
[1578319112ns] [INFO] SRC 2 DST 1 sending packet number: 27, of messageId: 3 File exists Data: 0x8b370d5ebfba0de0
[1578325351ns] [INFO] SRC 2 DST 1 sending packet number: 28, of messageId: 3 File exists Data: 0x7d5106e0e1faf409
[1578338261ns] [INFO] SRC 2 DST 1 sending packet number: 29, of messageId: 3 File exists Data: 0xf10762d4d748f516
[1578343325ns] [INFO] SRC 2 DST 1 sending packet number: 30, of messageId: 3 File exists Data: 0xaf1d5b41f3db81e8
[1578348396ns] [INFO] SRC 2 DST 1 sending packet number: 31, of messageId: 3 File exists Data: 0x65c75e194074f36e
[1578353593ns] [INFO] SRC 2 DST 1 sending packet number: 32, of messageId: 3 File exists Data: 0xbfa3a6bb134fad27
[1578358590ns] [INFO] SRC 2 DST 1 sending packet number: 33, of messageId: 3 File exists Data: 0xc504a04e45a8292d
[562761617333ns] [INFO] SRC 0 DST 0  connection closed: in socket 8 Success
[562761649848ns] [INFO] close socket number: 8
