[2456632ns] [INFO] create a client socket: 8 Invalid argument
[2518909ns] [INFO] SRC process DST server connection succeed: No such file or directory
[2547626ns] [INFO] SRC 2 DST 0 sending packet number: 0, of messageId: 0 No such file or directory ID for connection: 2
[2071883997ns] [INFO] SRC 2 DST 1 Complete message:0x26369ac018004e7e97f0d5dcd500a41cf7fce27fad719abaf38c5ecb0d301907ad3a9eb1b8af45a7c96323ee3e175d85fa5063e916f1cc8be7004d3f96864d3a854f3cd5624a1813da5e54a6c874d1204ed1c69d9499bff11d898e5c6b1ca7ab39b92cce243aba3ac506cd4f0da2d70a5d7a005b172b911858154a5e5ad928782fd547de80d4e913c628346b483c74944b9e6033cb828ea2a5de755a994722fdfc93b5defd9024e5ab391d08cccb946a014d49c02a44a0299e30d2e487f8725b2686b0e6569a0d80c4aca4df23a847322a3a1d39db7dc890e4d6e1f208c5b21a02cad9d8f0c0f6dd319af89c2b3fe6f5d210a75537fd4c3f0d72b853e4a39733bfa3a6bb134fad27c504a04e45a8292d
[2071949818ns] [INFO] SRC 2 DST 1 sending packet number: 0, of messageId: 3 File exists Data: 0x26369ac018004e7e
[2071965044ns] [INFO] SRC 2 DST 1 sending packet number: 1, of messageId: 3 File exists Data: 0x97f0d5dcd500a41c
[2071975593ns] [INFO] SRC 2 DST 1 sending packet number: 2, of messageId: 3 File exists Data: 0xf7fce27fad719aba
[2071985347ns] [INFO] SRC 2 DST 1 sending packet number: 3, of messageId: 3 File exists Data: 0xf38c5ecb0d301907
[2071994330ns] [INFO] SRC 2 DST 1 sending packet number: 4, of messageId: 3 File exists Data: 0xad3a9eb1b8af45a7
[2072002958ns] [INFO] SRC 2 DST 1 sending packet number: 5, of messageId: 3 File exists Data: 0xc96323ee3e175d85
[2072013563ns] [INFO] SRC 2 DST 1 sending packet number: 6, of messageId: 3 File exists Data: 0xfa5063e916f1cc8b
[2072022991ns] [INFO] SRC 2 DST 1 sending packet number: 7, of messageId: 3 File exists Data: 0xe7004d3f96864d3a
[2072031942ns] [INFO] SRC 2 DST 1 sending packet number: 8, of messageId: 3 File exists Data: 0x854f3cd5624a1813
[2072040841ns] [INFO] SRC 2 DST 1 sending packet number: 9, of messageId: 3 File exists Data: 0xda5e54a6c874d120
[2072050135ns] [INFO] SRC 2 DST 1 sending packet number: 10, of messageId: 3 File exists Data: 0x4ed1c69d9499bff1
[2072059918ns] [INFO] SRC 2 DST 1 sending packet number: 11, of messageId: 3 File exists Data: 0x1d898e5c6b1ca7ab
[2072069046ns] [INFO] SRC 2 DST 1 sending packet number: 12, of messageId: 3 File exists Data: 0x39b92cce243aba3a
[2072078147ns] [INFO] SRC 2 DST 1 sending packet number: 13, of messageId: 3 File exists Data: 0xc506cd4f0da2d70a
[2072089275ns] [INFO] SRC 2 DST 1 sending packet number: 14, of messageId: 3 File exists Data: 0x5d7a005b172b9118
[2072098473ns] [INFO] SRC 2 DST 1 sending packet number: 15, of messageId: 3 File exists Data: 0x58154a5e5ad92878
[2072107764ns] [INFO] SRC 2 DST 1 sending packet number: 16, of messageId: 3 File exists Data: 0x2fd547de80d4e913
[2072115402ns] [INFO] SRC 2 DST 1 sending packet number: 17, of messageId: 3 File exists Data: 0xc628346b483c7494
[2072122661ns] [INFO] SRC 2 DST 1 sending packet number: 18, of messageId: 3 File exists Data: 0x4b9e6033cb828ea2
[2072129590ns] [INFO] SRC 2 DST 1 sending packet number: 19, of messageId: 3 File exists Data: 0xa5de755a994722fd
[2072136629ns] [INFO] SRC 2 DST 1 sending packet number: 20, of messageId: 3 File exists Data: 0xfc93b5defd9024e5
[2072143869ns] [INFO] SRC 2 DST 1 sending packet number: 21, of messageId: 3 File exists Data: 0xab391d08cccb946a
[2072151589ns] [INFO] SRC 2 DST 1 sending packet number: 22, of messageId: 3 File exists Data: 0x014d49c02a44a029
[2072159098ns] [INFO] SRC 2 DST 1 sending packet number: 23, of messageId: 3 File exists Data: 0x9e30d2e487f8725b
[2072166480ns] [INFO] SRC 2 DST 1 sending packet number: 24, of messageId: 3 File exists Data: 0x2686b0e6569a0d80
[2072173764ns] [INFO] SRC 2 DST 1 sending packet number: 25, of messageId: 3 File exists Data: 0xc4aca4df23a84732
[2072181111ns] [INFO] SRC 2 DST 1 sending packet number: 26, of messageId: 3 File exists Data: 0x2a3a1d39db7dc890
[2072188225ns] [INFO] SRC 2 DST 1 sending packet number: 27, of messageId: 3 File exists Data: 0xe4d6e1f208c5b21a
[2072195109ns] [INFO] SRC 2 DST 1 sending packet number: 28, of messageId: 3 File exists Data: 0x02cad9d8f0c0f6dd
[2072209357ns] [INFO] SRC 2 DST 1 sending packet number: 29, of messageId: 3 File exists Data: 0x319af89c2b3fe6f5
[2072216934ns] [INFO] SRC 2 DST 1 sending packet number: 30, of messageId: 3 File exists Data: 0xd210a75537fd4c3f
[2072224259ns] [INFO] SRC 2 DST 1 sending packet number: 31, of messageId: 3 File exists Data: 0x0d72b853e4a39733
[2072232108ns] [INFO] SRC 2 DST 1 sending packet number: 32, of messageId: 3 File exists Data: 0xbfa3a6bb134fad27
[2072239460ns] [INFO] SRC 2 DST 1 sending packet number: 33, of messageId: 3 File exists Data: 0xc504a04e45a8292d
[7556281634ns] [INFO] close socket number: 8
