[2406912ns] [INFO] create a client socket: 7 Invalid argument
[2473216ns] [INFO] SRC process DST server connection succeed: No such file or directory
[2487191ns] [INFO] SRC 2 DST 0 sending packet number: 0, of messageId: 0 No such file or directory ID for connection: 2
[1476965808ns] [INFO] SRC 2 DST 1 Complete message:0x34438c222be6c36af777dd423520f1d0fdc12ecf925e6c7510c9a51d6d106dae6228c22b22e3db75d8b3a0889262268661f4d9167faa6105670fcb48d5a48faafae94ffe8dfd90e72d5282b9c6ac10aa705f50f61bf9edffeea21b70c3e696002ed9bf9485c498e9521d576d9a6936bcda64174f5274964865dbc033046958e11d0ea765f8974d5b37be3d366f3202a0709b1101fe135cc93f665d6ab6ee7c04aaba56320f1efc2bf80f4307b25c9a5c0ef9e821bd131cad4ea8d723b14add8a5a38467edcdb24fc29629bb1d0453a884ceff8ba5c44971e48c2926f68ab0e29ff7ee11e5f2b3c64c75a520497998c645018f75bff09e2a62186db39414b9bf6f7fa4550d88d206643442154a8c8cb03
[1477055011ns] [INFO] SRC 2 DST 1 sending packet number: 0, of messageId: 3 File exists Data: 0x34438c222be6c36a
[1477066000ns] [INFO] SRC 2 DST 1 sending packet number: 1, of messageId: 3 File exists Data: 0xf777dd423520f1d0
[1477073518ns] [INFO] SRC 2 DST 1 sending packet number: 2, of messageId: 3 File exists Data: 0xfdc12ecf925e6c75
[1477079883ns] [INFO] SRC 2 DST 1 sending packet number: 3, of messageId: 3 File exists Data: 0x10c9a51d6d106dae
[1477086004ns] [INFO] SRC 2 DST 1 sending packet number: 4, of messageId: 3 File exists Data: 0x6228c22b22e3db75
[1477092294ns] [INFO] SRC 2 DST 1 sending packet number: 5, of messageId: 3 File exists Data: 0xd8b3a08892622686
[1477098758ns] [INFO] SRC 2 DST 1 sending packet number: 6, of messageId: 3 File exists Data: 0x61f4d9167faa6105
[1477105059ns] [INFO] SRC 2 DST 1 sending packet number: 7, of messageId: 3 File exists Data: 0x670fcb48d5a48faa
[1477111240ns] [INFO] SRC 2 DST 1 sending packet number: 8, of messageId: 3 File exists Data: 0xfae94ffe8dfd90e7
[1477117393ns] [INFO] SRC 2 DST 1 sending packet number: 9, of messageId: 3 File exists Data: 0x2d5282b9c6ac10aa
[1477124198ns] [INFO] SRC 2 DST 1 sending packet number: 10, of messageId: 3 File exists Data: 0x705f50f61bf9edff
[1477131120ns] [INFO] SRC 2 DST 1 sending packet number: 11, of messageId: 3 File exists Data: 0xeea21b70c3e69600
[1477137348ns] [INFO] SRC 2 DST 1 sending packet number: 12, of messageId: 3 File exists Data: 0x2ed9bf9485c498e9
[1477143579ns] [INFO] SRC 2 DST 1 sending packet number: 13, of messageId: 3 File exists Data: 0x521d576d9a6936bc
[1477149888ns] [INFO] SRC 2 DST 1 sending packet number: 14, of messageId: 3 File exists Data: 0xda64174f52749648
[1477156156ns] [INFO] SRC 2 DST 1 sending packet number: 15, of messageId: 3 File exists Data: 0x65dbc033046958e1
[1477162014ns] [INFO] SRC 2 DST 1 sending packet number: 16, of messageId: 3 File exists Data: 0x1d0ea765f8974d5b
[1477167407ns] [INFO] SRC 2 DST 1 sending packet number: 17, of messageId: 3 File exists Data: 0x37be3d366f3202a0
[1477172292ns] [INFO] SRC 2 DST 1 sending packet number: 18, of messageId: 3 File exists Data: 0x709b1101fe135cc9
[1477176997ns] [INFO] SRC 2 DST 1 sending packet number: 19, of messageId: 3 File exists Data: 0x3f665d6ab6ee7c04
[1477181989ns] [INFO] SRC 2 DST 1 sending packet number: 20, of messageId: 3 File exists Data: 0xaaba56320f1efc2b
[1477187857ns] [INFO] SRC 2 DST 1 sending packet number: 21, of messageId: 3 File exists Data: 0xf80f4307b25c9a5c
[1477193023ns] [INFO] SRC 2 DST 1 sending packet number: 22, of messageId: 3 File exists Data: 0x0ef9e821bd131cad
[1477197729ns] [INFO] SRC 2 DST 1 sending packet number: 23, of messageId: 3 File exists Data: 0x4ea8d723b14add8a
[1477203344ns] [INFO] SRC 2 DST 1 sending packet number: 24, of messageId: 3 File exists Data: 0x5a38467edcdb24fc
[1477208601ns] [INFO] SRC 2 DST 1 sending packet number: 25, of messageId: 3 File exists Data: 0x29629bb1d0453a88
[1477214482ns] [INFO] SRC 2 DST 1 sending packet number: 26, of messageId: 3 File exists Data: 0x4ceff8ba5c44971e
[1477219419ns] [INFO] SRC 2 DST 1 sending packet number: 27, of messageId: 3 File exists Data: 0x48c2926f68ab0e29
[1477224829ns] [INFO] SRC 2 DST 1 sending packet number: 28, of messageId: 3 File exists Data: 0xff7ee11e5f2b3c64
[1477237972ns] [INFO] SRC 2 DST 1 sending packet number: 29, of messageId: 3 File exists Data: 0xc75a520497998c64
[1477243240ns] [INFO] SRC 2 DST 1 sending packet number: 30, of messageId: 3 File exists Data: 0x5018f75bff09e2a6
[1477248128ns] [INFO] SRC 2 DST 1 sending packet number: 31, of messageId: 3 File exists Data: 0x2186db39414b9bf6
[1477253713ns] [INFO] SRC 2 DST 1 sending packet number: 32, of messageId: 3 File exists Data: 0xf7fa4550d88d2066
[1477258700ns] [INFO] SRC 2 DST 1 sending packet number: 33, of messageId: 3 File exists Data: 0x43442154a8c8cb03
