[2643175ns] [INFO] create a client socket: 8 Invalid argument
[2698359ns] [INFO] SRC process DST server connection succeed: No such file or directory
[2724459ns] [INFO] SRC 2 DST 0 sending packet number: 0, of messageId: 0 No such file or directory ID for connection: 2
[1330486956ns] [INFO] SRC 2 DST 1 Complete message:0x050092d34d1a05568e76a547b4ef07757d3d8201b288bb093c7764e51e668cabc77d3118015850d709d263b77d8f9cbda96d7914d184f512e8074753300360d608ff3eb9f5e8499c6a70e3dad78006c024c4a6634e706a0c4607ba3a60cc1cfa24ee355d52d3643f39ebeca91360751866fed857907aeb37b79ab09b115cb3412e97adb3ca8f9e4784a798f56b25aa39fbcf42c7c27d47bba348606b8ace9270e88df2e3be064f1619a7f01c0b62b2fab29772de2cc3a6b5ed7056ca946f19407a98371ba234aab0439689ee6f9e776ceb5f4c5320c337cd4c9d54af8c45ebf1bd7082d8a8f489e810723ad4cadb12f611de28a2c5261b11fafefc875aef0350321935b866325ec95531698647a67507
[1330564398ns] [INFO] SRC 2 DST 1 sending packet number: 0, of messageId: 3 File exists Data: 0x050092d34d1a0556
[1330590877ns] [INFO] SRC 2 DST 1 sending packet number: 1, of messageId: 3 File exists Data: 0x8e76a547b4ef0775
[1330598989ns] [INFO] SRC 2 DST 1 sending packet number: 2, of messageId: 3 File exists Data: 0x7d3d8201b288bb09
[1330605637ns] [INFO] SRC 2 DST 1 sending packet number: 3, of messageId: 3 File exists Data: 0x3c7764e51e668cab
[1330611927ns] [INFO] SRC 2 DST 1 sending packet number: 4, of messageId: 3 File exists Data: 0xc77d3118015850d7
[1330618370ns] [INFO] SRC 2 DST 1 sending packet number: 5, of messageId: 3 File exists Data: 0x09d263b77d8f9cbd
[1330625621ns] [INFO] SRC 2 DST 1 sending packet number: 6, of messageId: 3 File exists Data: 0xa96d7914d184f512
[1330632017ns] [INFO] SRC 2 DST 1 sending packet number: 7, of messageId: 3 File exists Data: 0xe8074753300360d6
[1330638197ns] [INFO] SRC 2 DST 1 sending packet number: 8, of messageId: 3 File exists Data: 0x08ff3eb9f5e8499c
[1330644389ns] [INFO] SRC 2 DST 1 sending packet number: 9, of messageId: 3 File exists Data: 0x6a70e3dad78006c0
[1330651326ns] [INFO] SRC 2 DST 1 sending packet number: 10, of messageId: 3 File exists Data: 0x24c4a6634e706a0c
[1330657566ns] [INFO] SRC 2 DST 1 sending packet number: 11, of messageId: 3 File exists Data: 0x4607ba3a60cc1cfa
[1330663894ns] [INFO] SRC 2 DST 1 sending packet number: 12, of messageId: 3 File exists Data: 0x24ee355d52d3643f
[1330669349ns] [INFO] SRC 2 DST 1 sending packet number: 13, of messageId: 3 File exists Data: 0x39ebeca913607518
[1330676013ns] [INFO] SRC 2 DST 1 sending packet number: 14, of messageId: 3 File exists Data: 0x66fed857907aeb37
[1330682936ns] [INFO] SRC 2 DST 1 sending packet number: 15, of messageId: 3 File exists Data: 0xb79ab09b115cb341
[1330689913ns] [INFO] SRC 2 DST 1 sending packet number: 16, of messageId: 3 File exists Data: 0x2e97adb3ca8f9e47
[1330694838ns] [INFO] SRC 2 DST 1 sending packet number: 17, of messageId: 3 File exists Data: 0x84a798f56b25aa39
[1330699518ns] [INFO] SRC 2 DST 1 sending packet number: 18, of messageId: 3 File exists Data: 0xfbcf42c7c27d47bb
[1330704221ns] [INFO] SRC 2 DST 1 sending packet number: 19, of messageId: 3 File exists Data: 0xa348606b8ace9270
[1330709087ns] [INFO] SRC 2 DST 1 sending packet number: 20, of messageId: 3 File exists Data: 0xe88df2e3be064f16
[1330713737ns] [INFO] SRC 2 DST 1 sending packet number: 21, of messageId: 3 File exists Data: 0x19a7f01c0b62b2fa
[1330718300ns] [INFO] SRC 2 DST 1 sending packet number: 22, of messageId: 3 File exists Data: 0xb29772de2cc3a6b5
[1330722838ns] [INFO] SRC 2 DST 1 sending packet number: 23, of messageId: 3 File exists Data: 0xed7056ca946f1940
[1330727422ns] [INFO] SRC 2 DST 1 sending packet number: 24, of messageId: 3 File exists Data: 0x7a98371ba234aab0
[1330731980ns] [INFO] SRC 2 DST 1 sending packet number: 25, of messageId: 3 File exists Data: 0x439689ee6f9e776c
[1330736694ns] [INFO] SRC 2 DST 1 sending packet number: 26, of messageId: 3 File exists Data: 0xeb5f4c5320c337cd
[1330741959ns] [INFO] SRC 2 DST 1 sending packet number: 27, of messageId: 3 File exists Data: 0x4c9d54af8c45ebf1
[1330747065ns] [INFO] SRC 2 DST 1 sending packet number: 28, of messageId: 3 File exists Data: 0xbd7082d8a8f489e8
[1330759847ns] [INFO] SRC 2 DST 1 sending packet number: 29, of messageId: 3 File exists Data: 0x10723ad4cadb12f6
[1330764675ns] [INFO] SRC 2 DST 1 sending packet number: 30, of messageId: 3 File exists Data: 0x11de28a2c5261b11
[1330769494ns] [INFO] SRC 2 DST 1 sending packet number: 31, of messageId: 3 File exists Data: 0xfafefc875aef0350
[1330774616ns] [INFO] SRC 2 DST 1 sending packet number: 32, of messageId: 3 File exists Data: 0x321935b866325ec9
[1330779282ns] [INFO] SRC 2 DST 1 sending packet number: 33, of messageId: 3 File exists Data: 0x5531698647a67507
[66531168177ns] [INFO] SRC 0 DST 0  connection closed: in socket 8 Success
[66531184577ns] [INFO] close socket number: 8
