[1971837ns] [INFO] create a client socket: 8 Invalid argument
[2038328ns] [INFO] SRC process DST server connection succeed: No such file or directory
[2052470ns] [INFO] SRC 2 DST 0 sending packet number: 0, of messageId: 0 No such file or directory ID for connection: 2
[2461525720ns] [INFO] SRC 2 DST 1 Complete message:0x1e277023bfdc427006c328dd97be8d40b715f54b273efd29906c4717c445c006ac6b19f40114513a45e312dbc5950b43d299d1315e32d2535debd079398e21fb0b2207e5d9c0f7b7f376704e45747bfad960436511abd800b78b8298b47a9478ed4e0065107fb0cc05faff21cb5c40911d39144408939c5e2f2664c3045c6a0303077b052d1ddde401495ed68e90d3a1529aa4de493aa190e79893f956eea8625b7ed7d44938ce982d905f11c2b958b6423c8fcf3c1396c0795422667923550fff352b4bdfdc1dfd12c56e1822512987923a7c3cb92edf50970698a99f34fb1c8a810255bfcd769ffc2a83a66438a79294ac35417bb0e18595ddefdf017c81b1bfa3a6bb134fad27c504a04e45a8292d
[2461590061ns] [INFO] SRC 2 DST 1 sending packet number: 0, of messageId: 3 File exists Data: 0x1e277023bfdc4270
[2461600800ns] [INFO] SRC 2 DST 1 sending packet number: 1, of messageId: 3 File exists Data: 0x06c328dd97be8d40
[2461607241ns] [INFO] SRC 2 DST 1 sending packet number: 2, of messageId: 3 File exists Data: 0xb715f54b273efd29
[2461613060ns] [INFO] SRC 2 DST 1 sending packet number: 3, of messageId: 3 File exists Data: 0x906c4717c445c006
[2461618484ns] [INFO] SRC 2 DST 1 sending packet number: 4, of messageId: 3 File exists Data: 0xac6b19f40114513a
[2461623852ns] [INFO] SRC 2 DST 1 sending packet number: 5, of messageId: 3 File exists Data: 0x45e312dbc5950b43
[2461629088ns] [INFO] SRC 2 DST 1 sending packet number: 6, of messageId: 3 File exists Data: 0xd299d1315e32d253
[2461634360ns] [INFO] SRC 2 DST 1 sending packet number: 7, of messageId: 3 File exists Data: 0x5debd079398e21fb
[2461639701ns] [INFO] SRC 2 DST 1 sending packet number: 8, of messageId: 3 File exists Data: 0x0b2207e5d9c0f7b7
[2461645002ns] [INFO] SRC 2 DST 1 sending packet number: 9, of messageId: 3 File exists Data: 0xf376704e45747bfa
[2461650836ns] [INFO] SRC 2 DST 1 sending packet number: 10, of messageId: 3 File exists Data: 0xd960436511abd800
[2461656174ns] [INFO] SRC 2 DST 1 sending packet number: 11, of messageId: 3 File exists Data: 0xb78b8298b47a9478
[2461661430ns] [INFO] SRC 2 DST 1 sending packet number: 12, of messageId: 3 File exists Data: 0xed4e0065107fb0cc
[2461666739ns] [INFO] SRC 2 DST 1 sending packet number: 13, of messageId: 3 File exists Data: 0x05faff21cb5c4091
[2461672877ns] [INFO] SRC 2 DST 1 sending packet number: 14, of messageId: 3 File exists Data: 0x1d39144408939c5e
[2461678442ns] [INFO] SRC 2 DST 1 sending packet number: 15, of messageId: 3 File exists Data: 0x2f2664c3045c6a03
[2461683999ns] [INFO] SRC 2 DST 1 sending packet number: 16, of messageId: 3 File exists Data: 0x03077b052d1ddde4
[2461704934ns] [INFO] SRC 2 DST 1 sending packet number: 17, of messageId: 3 File exists Data: 0x01495ed68e90d3a1
[2461712007ns] [INFO] SRC 2 DST 1 sending packet number: 18, of messageId: 3 File exists Data: 0x529aa4de493aa190
[2461717621ns] [INFO] SRC 2 DST 1 sending packet number: 19, of messageId: 3 File exists Data: 0xe79893f956eea862
[2461722341ns] [INFO] SRC 2 DST 1 sending packet number: 20, of messageId: 3 File exists Data: 0x5b7ed7d44938ce98
[2461726548ns] [INFO] SRC 2 DST 1 sending packet number: 21, of messageId: 3 File exists Data: 0x2d905f11c2b958b6
[2461730880ns] [INFO] SRC 2 DST 1 sending packet number: 22, of messageId: 3 File exists Data: 0x423c8fcf3c1396c0
[2461735595ns] [INFO] SRC 2 DST 1 sending packet number: 23, of messageId: 3 File exists Data: 0x795422667923550f
[2461740028ns] [INFO] SRC 2 DST 1 sending packet number: 24, of messageId: 3 File exists Data: 0xff352b4bdfdc1dfd
[2461744696ns] [INFO] SRC 2 DST 1 sending packet number: 25, of messageId: 3 File exists Data: 0x12c56e1822512987
[2461749029ns] [INFO] SRC 2 DST 1 sending packet number: 26, of messageId: 3 File exists Data: 0x923a7c3cb92edf50
[2461753494ns] [INFO] SRC 2 DST 1 sending packet number: 27, of messageId: 3 File exists Data: 0x970698a99f34fb1c
[2461759900ns] [INFO] SRC 2 DST 1 sending packet number: 28, of messageId: 3 File exists Data: 0x8a810255bfcd769f
[2461783493ns] [INFO] SRC 2 DST 1 sending packet number: 29, of messageId: 3 File exists Data: 0xfc2a83a66438a792
[2461787857ns] [INFO] SRC 2 DST 1 sending packet number: 30, of messageId: 3 File exists Data: 0x94ac35417bb0e185
[2461792360ns] [INFO] SRC 2 DST 1 sending packet number: 31, of messageId: 3 File exists Data: 0x95ddefdf017c81b1
[2461797162ns] [INFO] SRC 2 DST 1 sending packet number: 32, of messageId: 3 File exists Data: 0xbfa3a6bb134fad27
[2461801645ns] [INFO] SRC 2 DST 1 sending packet number: 33, of messageId: 3 File exists Data: 0xc504a04e45a8292d
[34687854466ns] [INFO] SRC 0 DST 0  connection closed: in socket 8 Success
[34687899756ns] [INFO] close socket number: 8
