[2500077ns] [INFO] create a client socket: 8 Invalid argument
[2564724ns] [INFO] SRC process DST server connection succeed: No such file or directory
[2581615ns] [INFO] SRC 2 DST 0 sending packet number: 0, of messageId: 0 No such file or directory ID for connection: 2
[2009645410ns] [INFO] SRC 2 DST 1 Complete message:0x2ecbf4d0bf8b9bd2c2df9054e5ef87e6bee0668224a5296bfc592a8f7b068d80796dbea7804ebbac8efe02ca2a268e7ad7d3bd8ea457e75cf0947cb03c87fee42a89439c327491de1156b240b6bd21c14e7dbd7e0ad6b5daeee30c56b2b5a17be648027c60b8f91834becd1a001f91415943eea860fb9d9893366d08452b3df433a9cdb17f737e33b2a51fe30781939f1fa4d2910111fd84cec5929515014692832894865f7b75a396df1261a1abebf365dcd369c37962ff7254eb7a2b6c543a003857dc06b16d03dd51771546a3885a43ff8819438b60ccd9c714971b10ce9531dc2bbd889686a8b761c66d220417c25c6dba44c4bf3360a6a932a76eccbcb2bfa3a6bb134fad27c504a04e45a8292d
[2009853361ns] [INFO] SRC 2 DST 1 sending packet number: 0, of messageId: 3 File exists Data: 0x2ecbf4d0bf8b9bd2
[2009874988ns] [INFO] SRC 2 DST 1 sending packet number: 1, of messageId: 3 File exists Data: 0xc2df9054e5ef87e6
[2009885430ns] [INFO] SRC 2 DST 1 sending packet number: 2, of messageId: 3 File exists Data: 0xbee0668224a5296b
[2009895792ns] [INFO] SRC 2 DST 1 sending packet number: 3, of messageId: 3 File exists Data: 0xfc592a8f7b068d80
[2009905356ns] [INFO] SRC 2 DST 1 sending packet number: 4, of messageId: 3 File exists Data: 0x796dbea7804ebbac
[2009914472ns] [INFO] SRC 2 DST 1 sending packet number: 5, of messageId: 3 File exists Data: 0x8efe02ca2a268e7a
[2009923176ns] [INFO] SRC 2 DST 1 sending packet number: 6, of messageId: 3 File exists Data: 0xd7d3bd8ea457e75c
[2009931934ns] [INFO] SRC 2 DST 1 sending packet number: 7, of messageId: 3 File exists Data: 0xf0947cb03c87fee4
[2009941953ns] [INFO] SRC 2 DST 1 sending packet number: 8, of messageId: 3 File exists Data: 0x2a89439c327491de
[2009950966ns] [INFO] SRC 2 DST 1 sending packet number: 9, of messageId: 3 File exists Data: 0x1156b240b6bd21c1
[2009960870ns] [INFO] SRC 2 DST 1 sending packet number: 10, of messageId: 3 File exists Data: 0x4e7dbd7e0ad6b5da
[2009969887ns] [INFO] SRC 2 DST 1 sending packet number: 11, of messageId: 3 File exists Data: 0xeee30c56b2b5a17b
[2009980459ns] [INFO] SRC 2 DST 1 sending packet number: 12, of messageId: 3 File exists Data: 0xe648027c60b8f918
[2009989780ns] [INFO] SRC 2 DST 1 sending packet number: 13, of messageId: 3 File exists Data: 0x34becd1a001f9141
[2009999307ns] [INFO] SRC 2 DST 1 sending packet number: 14, of messageId: 3 File exists Data: 0x5943eea860fb9d98
[2010008616ns] [INFO] SRC 2 DST 1 sending packet number: 15, of messageId: 3 File exists Data: 0x93366d08452b3df4
[2010019241ns] [INFO] SRC 2 DST 1 sending packet number: 16, of messageId: 3 File exists Data: 0x33a9cdb17f737e33
[2010027455ns] [INFO] SRC 2 DST 1 sending packet number: 17, of messageId: 3 File exists Data: 0xb2a51fe30781939f
[2010034425ns] [INFO] SRC 2 DST 1 sending packet number: 18, of messageId: 3 File exists Data: 0x1fa4d2910111fd84
[2010041604ns] [INFO] SRC 2 DST 1 sending packet number: 19, of messageId: 3 File exists Data: 0xcec5929515014692
[2010048567ns] [INFO] SRC 2 DST 1 sending packet number: 20, of messageId: 3 File exists Data: 0x832894865f7b75a3
[2010055474ns] [INFO] SRC 2 DST 1 sending packet number: 21, of messageId: 3 File exists Data: 0x96df1261a1abebf3
[2010062313ns] [INFO] SRC 2 DST 1 sending packet number: 22, of messageId: 3 File exists Data: 0x65dcd369c37962ff
[2010069763ns] [INFO] SRC 2 DST 1 sending packet number: 23, of messageId: 3 File exists Data: 0x7254eb7a2b6c543a
[2010077420ns] [INFO] SRC 2 DST 1 sending packet number: 24, of messageId: 3 File exists Data: 0x003857dc06b16d03
[2010084866ns] [INFO] SRC 2 DST 1 sending packet number: 25, of messageId: 3 File exists Data: 0xdd51771546a3885a
[2010092436ns] [INFO] SRC 2 DST 1 sending packet number: 26, of messageId: 3 File exists Data: 0x43ff8819438b60cc
[2010099197ns] [INFO] SRC 2 DST 1 sending packet number: 27, of messageId: 3 File exists Data: 0xd9c714971b10ce95
[2010106334ns] [INFO] SRC 2 DST 1 sending packet number: 28, of messageId: 3 File exists Data: 0x31dc2bbd889686a8
[2010122287ns] [INFO] SRC 2 DST 1 sending packet number: 29, of messageId: 3 File exists Data: 0xb761c66d220417c2
[2010130177ns] [INFO] SRC 2 DST 1 sending packet number: 30, of messageId: 3 File exists Data: 0x5c6dba44c4bf3360
[2010137419ns] [INFO] SRC 2 DST 1 sending packet number: 31, of messageId: 3 File exists Data: 0xa6a932a76eccbcb2
[2010144813ns] [INFO] SRC 2 DST 1 sending packet number: 32, of messageId: 3 File exists Data: 0xbfa3a6bb134fad27
[2010151944ns] [INFO] SRC 2 DST 1 sending packet number: 33, of messageId: 3 File exists Data: 0xc504a04e45a8292d
[10191585637ns] [INFO] close socket number: 8
