[2371252ns] [INFO] create a client socket: 8 Invalid argument
[2426101ns] [INFO] SRC process DST server connection succeed: No such file or directory
[2440543ns] [INFO] SRC 2 DST 0 sending packet number: 0, of messageId: 0 No such file or directory ID for connection: 2
[1201660553ns] [INFO] SRC 2 DST 1 Complete message:0x128931bcac4f9e4a60502f48015b1afc9fd7fae5c5f5a4312e4fa4aed4ca52acb515a7fd2252f59f83b22de3ce6b4edb4098df8989cf0c6830fd0afa32992be5986d18c5eef0ce2932dc528c19bf2af4fd63040c8edbe478e8f6c49e1c271a6e1d954136a0ac28e36aa57dacde3a0ce806bf9ecbf4e661626a294b88f32f941401d39c42f5158d9b0daf56b1690bfff44535ee8618fbd2b5d22da4ad7b4ee4c9eaff893eea949b06077971bcd77497ee2068f3dbfa9ee6b814663506f19efc239b1c060759286dd7569532f88acfa206da46e12bd5a846672e09e3936105c670cd38d088a5d94d39236bd5a780528275d029791e112928db66db94840a3510e6bfa3a6bb134fad27c504a04e45a8292d
[1201748679ns] [INFO] SRC 2 DST 1 sending packet number: 0, of messageId: 3 File exists Data: 0x128931bcac4f9e4a
[1201761322ns] [INFO] SRC 2 DST 1 sending packet number: 1, of messageId: 3 File exists Data: 0x60502f48015b1afc
[1201777331ns] [INFO] SRC 2 DST 1 sending packet number: 2, of messageId: 3 File exists Data: 0x9fd7fae5c5f5a431
[1201785217ns] [INFO] SRC 2 DST 1 sending packet number: 3, of messageId: 3 File exists Data: 0x2e4fa4aed4ca52ac
[1201792601ns] [INFO] SRC 2 DST 1 sending packet number: 4, of messageId: 3 File exists Data: 0xb515a7fd2252f59f
[1201799526ns] [INFO] SRC 2 DST 1 sending packet number: 5, of messageId: 3 File exists Data: 0x83b22de3ce6b4edb
[1201807401ns] [INFO] SRC 2 DST 1 sending packet number: 6, of messageId: 3 File exists Data: 0x4098df8989cf0c68
[1201837107ns] [INFO] SRC 2 DST 1 sending packet number: 7, of messageId: 3 File exists Data: 0x30fd0afa32992be5
[1201850990ns] [INFO] SRC 2 DST 1 sending packet number: 8, of messageId: 3 File exists Data: 0x986d18c5eef0ce29
[1201856969ns] [INFO] SRC 2 DST 1 sending packet number: 9, of messageId: 3 File exists Data: 0x32dc528c19bf2af4
[1201862661ns] [INFO] SRC 2 DST 1 sending packet number: 10, of messageId: 3 File exists Data: 0xfd63040c8edbe478
[1201867709ns] [INFO] SRC 2 DST 1 sending packet number: 11, of messageId: 3 File exists Data: 0xe8f6c49e1c271a6e
[1201872488ns] [INFO] SRC 2 DST 1 sending packet number: 12, of messageId: 3 File exists Data: 0x1d954136a0ac28e3
[1201877405ns] [INFO] SRC 2 DST 1 sending packet number: 13, of messageId: 3 File exists Data: 0x6aa57dacde3a0ce8
[1201882272ns] [INFO] SRC 2 DST 1 sending packet number: 14, of messageId: 3 File exists Data: 0x06bf9ecbf4e66162
[1201887214ns] [INFO] SRC 2 DST 1 sending packet number: 15, of messageId: 3 File exists Data: 0x6a294b88f32f9414
[1201892778ns] [INFO] SRC 2 DST 1 sending packet number: 16, of messageId: 3 File exists Data: 0x01d39c42f5158d9b
[1201897072ns] [INFO] SRC 2 DST 1 sending packet number: 17, of messageId: 3 File exists Data: 0x0daf56b1690bfff4
[1201901093ns] [INFO] SRC 2 DST 1 sending packet number: 18, of messageId: 3 File exists Data: 0x4535ee8618fbd2b5
[1201904870ns] [INFO] SRC 2 DST 1 sending packet number: 19, of messageId: 3 File exists Data: 0xd22da4ad7b4ee4c9
[1201908742ns] [INFO] SRC 2 DST 1 sending packet number: 20, of messageId: 3 File exists Data: 0xeaff893eea949b06
[1201912481ns] [INFO] SRC 2 DST 1 sending packet number: 21, of messageId: 3 File exists Data: 0x077971bcd77497ee
[1201916052ns] [INFO] SRC 2 DST 1 sending packet number: 22, of messageId: 3 File exists Data: 0x2068f3dbfa9ee6b8
[1201919763ns] [INFO] SRC 2 DST 1 sending packet number: 23, of messageId: 3 File exists Data: 0x14663506f19efc23
[1201923595ns] [INFO] SRC 2 DST 1 sending packet number: 24, of messageId: 3 File exists Data: 0x9b1c060759286dd7
[1201927380ns] [INFO] SRC 2 DST 1 sending packet number: 25, of messageId: 3 File exists Data: 0x569532f88acfa206
[1201931639ns] [INFO] SRC 2 DST 1 sending packet number: 26, of messageId: 3 File exists Data: 0xda46e12bd5a84667
[1201935613ns] [INFO] SRC 2 DST 1 sending packet number: 27, of messageId: 3 File exists Data: 0x2e09e3936105c670
[1201940425ns] [INFO] SRC 2 DST 1 sending packet number: 28, of messageId: 3 File exists Data: 0xcd38d088a5d94d39
[1201952395ns] [INFO] SRC 2 DST 1 sending packet number: 29, of messageId: 3 File exists Data: 0x236bd5a780528275
[1201956350ns] [INFO] SRC 2 DST 1 sending packet number: 30, of messageId: 3 File exists Data: 0xd029791e112928db
[1201960163ns] [INFO] SRC 2 DST 1 sending packet number: 31, of messageId: 3 File exists Data: 0x66db94840a3510e6
[1201963912ns] [INFO] SRC 2 DST 1 sending packet number: 32, of messageId: 3 File exists Data: 0xbfa3a6bb134fad27
[1201970170ns] [INFO] SRC 2 DST 1 sending packet number: 33, of messageId: 3 File exists Data: 0xc504a04e45a8292d
[30123475784ns] [INFO] SRC 0 DST 0  connection closed: in socket 8 Success
[30123493244ns] [INFO] close socket number: 8
