[2675959ns] [INFO] create a client socket: 8 Invalid argument
[2787085ns] [INFO] SRC process DST server connection succeed: No such file or directory
[2802420ns] [INFO] SRC 2 DST 0 sending packet number: 0, of messageId: 0 No such file or directory ID for connection: 2
[2361230459ns] [INFO] SRC 2 DST 1 Complete message:0x1d4e300c426fa63af41f18a395c4d74237b6a2ed0b58724046b630dcf5bda5c6cb44ba1e4748c1cb43d9d88dafea605e0ea825ae303ac9900d50fdb9b366a73793f051cb87e64577c029430ffa155de37379d0724e7412cb13e8b8c10e475111af3ddfb0435c50241424dc596d6693c1ddca10830403de57f2080c6ecaaaaed8037fd3e16759ddba8abe3b7db9db1644fa795023102b3f38bdc2b92fb609bd92f8fafa31d34cb4f95e3f095249225d303d9f32ac3e704f8b6cb15560737a97fd0f8217799df7c03180dfb385665e1f36ee8ad7b28d63302428d913650db0b0efbc1c3e657d62e1637419165a76bafa8bc44879ea6e30fec19a9dda69b03ef49dbfa3a6bb134fad27c504a04e45a8292d
[2361303755ns] [INFO] SRC 2 DST 1 sending packet number: 0, of messageId: 3 File exists Data: 0x1d4e300c426fa63a
[2361315284ns] [INFO] SRC 2 DST 1 sending packet number: 1, of messageId: 3 File exists Data: 0xf41f18a395c4d742
[2361322544ns] [INFO] SRC 2 DST 1 sending packet number: 2, of messageId: 3 File exists Data: 0x37b6a2ed0b587240
[2361329517ns] [INFO] SRC 2 DST 1 sending packet number: 3, of messageId: 3 File exists Data: 0x46b630dcf5bda5c6
[2361335844ns] [INFO] SRC 2 DST 1 sending packet number: 4, of messageId: 3 File exists Data: 0xcb44ba1e4748c1cb
[2361342187ns] [INFO] SRC 2 DST 1 sending packet number: 5, of messageId: 3 File exists Data: 0x43d9d88dafea605e
[2361348248ns] [INFO] SRC 2 DST 1 sending packet number: 6, of messageId: 3 File exists Data: 0x0ea825ae303ac990
[2361355335ns] [INFO] SRC 2 DST 1 sending packet number: 7, of messageId: 3 File exists Data: 0x0d50fdb9b366a737
[2361362139ns] [INFO] SRC 2 DST 1 sending packet number: 8, of messageId: 3 File exists Data: 0x93f051cb87e64577
[2361368357ns] [INFO] SRC 2 DST 1 sending packet number: 9, of messageId: 3 File exists Data: 0xc029430ffa155de3
[2361374944ns] [INFO] SRC 2 DST 1 sending packet number: 10, of messageId: 3 File exists Data: 0x7379d0724e7412cb
[2361381238ns] [INFO] SRC 2 DST 1 sending packet number: 11, of messageId: 3 File exists Data: 0x13e8b8c10e475111
[2361387229ns] [INFO] SRC 2 DST 1 sending packet number: 12, of messageId: 3 File exists Data: 0xaf3ddfb0435c5024
[2361393255ns] [INFO] SRC 2 DST 1 sending packet number: 13, of messageId: 3 File exists Data: 0x1424dc596d6693c1
[2361399491ns] [INFO] SRC 2 DST 1 sending packet number: 14, of messageId: 3 File exists Data: 0xddca10830403de57
[2361405792ns] [INFO] SRC 2 DST 1 sending packet number: 15, of messageId: 3 File exists Data: 0xf2080c6ecaaaaed8
[2361412332ns] [INFO] SRC 2 DST 1 sending packet number: 16, of messageId: 3 File exists Data: 0x037fd3e16759ddba
[2361417682ns] [INFO] SRC 2 DST 1 sending packet number: 17, of messageId: 3 File exists Data: 0x8abe3b7db9db1644
[2361423072ns] [INFO] SRC 2 DST 1 sending packet number: 18, of messageId: 3 File exists Data: 0xfa795023102b3f38
[2361427849ns] [INFO] SRC 2 DST 1 sending packet number: 19, of messageId: 3 File exists Data: 0xbdc2b92fb609bd92
[2361432862ns] [INFO] SRC 2 DST 1 sending packet number: 20, of messageId: 3 File exists Data: 0xf8fafa31d34cb4f9
[2361437792ns] [INFO] SRC 2 DST 1 sending packet number: 21, of messageId: 3 File exists Data: 0x5e3f095249225d30
[2361442824ns] [INFO] SRC 2 DST 1 sending packet number: 22, of messageId: 3 File exists Data: 0x3d9f32ac3e704f8b
[2361448207ns] [INFO] SRC 2 DST 1 sending packet number: 23, of messageId: 3 File exists Data: 0x6cb15560737a97fd
[2361453064ns] [INFO] SRC 2 DST 1 sending packet number: 24, of messageId: 3 File exists Data: 0x0f8217799df7c031
[2361458565ns] [INFO] SRC 2 DST 1 sending packet number: 25, of messageId: 3 File exists Data: 0x80dfb385665e1f36
[2361463722ns] [INFO] SRC 2 DST 1 sending packet number: 26, of messageId: 3 File exists Data: 0xee8ad7b28d633024
[2361469376ns] [INFO] SRC 2 DST 1 sending packet number: 27, of messageId: 3 File exists Data: 0x28d913650db0b0ef
[2361474437ns] [INFO] SRC 2 DST 1 sending packet number: 28, of messageId: 3 File exists Data: 0xbc1c3e657d62e163
[2361486713ns] [INFO] SRC 2 DST 1 sending packet number: 29, of messageId: 3 File exists Data: 0x7419165a76bafa8b
[2361491665ns] [INFO] SRC 2 DST 1 sending packet number: 30, of messageId: 3 File exists Data: 0xc44879ea6e30fec1
[2361496848ns] [INFO] SRC 2 DST 1 sending packet number: 31, of messageId: 3 File exists Data: 0x9a9dda69b03ef49d
[2361502469ns] [INFO] SRC 2 DST 1 sending packet number: 32, of messageId: 3 File exists Data: 0xbfa3a6bb134fad27
[2361508277ns] [INFO] SRC 2 DST 1 sending packet number: 33, of messageId: 3 File exists Data: 0xc504a04e45a8292d
[41323853276ns] [INFO] close socket number: 8
