[2173118ns] [INFO] create a client socket: 8 Invalid argument
[2229305ns] [INFO] SRC process DST server connection succeed: No such file or directory
[2243240ns] [INFO] SRC 2 DST 0 sending packet number: 0, of messageId: 0 No such file or directory ID for connection: 2
[1179673170ns] [INFO] SRC 2 DST 1 Complete message:0x0607192d56f7c98b40f156ea7ae53b089d5b57b7c7625c8e2debd37adf638684b59a977f2ebd27eaac14ae543accf9cdc7c78e1ab4515230988647d0606bae6ae7899bb67d4859f0683984ca3b9a960c93abdfe338fb54a0bf1af7d5059a0a6d64f962c4a2e7750072b014d1624136ffd5eaa57f4caf85bb808c9ff99ca34e1f0a3525f97d8d46807bebd5d7bc853662e4b9ca2e3b037bd6eb3366b4bf82a79b83fe181818febbe32c11c889dc089fe066c185e3c17fe27838015b39b6fcf6c411307af2efab885ce5f672ae71e26221b37e6b263869a932b0f99576aab711d4ac11b5db28ac94caa7514112d8ffcff3d094494a4a460a976e0f4b25dc90f4b4bfa3a6bb134fad27c504a04e45a8292d
[1179726645ns] [INFO] SRC 2 DST 1 sending packet number: 0, of messageId: 3 File exists Data: 0x0607192d56f7c98b
[1179745896ns] [INFO] SRC 2 DST 1 sending packet number: 1, of messageId: 3 File exists Data: 0x40f156ea7ae53b08
[1179750524ns] [INFO] SRC 2 DST 1 sending packet number: 2, of messageId: 3 File exists Data: 0x9d5b57b7c7625c8e
[1179754792ns] [INFO] SRC 2 DST 1 sending packet number: 3, of messageId: 3 File exists Data: 0x2debd37adf638684
[1179758889ns] [INFO] SRC 2 DST 1 sending packet number: 4, of messageId: 3 File exists Data: 0xb59a977f2ebd27ea
[1179762932ns] [INFO] SRC 2 DST 1 sending packet number: 5, of messageId: 3 File exists Data: 0xac14ae543accf9cd
[1179767249ns] [INFO] SRC 2 DST 1 sending packet number: 6, of messageId: 3 File exists Data: 0xc7c78e1ab4515230
[1179771625ns] [INFO] SRC 2 DST 1 sending packet number: 7, of messageId: 3 File exists Data: 0x988647d0606bae6a
[1179775725ns] [INFO] SRC 2 DST 1 sending packet number: 8, of messageId: 3 File exists Data: 0xe7899bb67d4859f0
[1179779792ns] [INFO] SRC 2 DST 1 sending packet number: 9, of messageId: 3 File exists Data: 0x683984ca3b9a960c
[1179784468ns] [INFO] SRC 2 DST 1 sending packet number: 10, of messageId: 3 File exists Data: 0x93abdfe338fb54a0
[1179788929ns] [INFO] SRC 2 DST 1 sending packet number: 11, of messageId: 3 File exists Data: 0xbf1af7d5059a0a6d
[1179793073ns] [INFO] SRC 2 DST 1 sending packet number: 12, of messageId: 3 File exists Data: 0x64f962c4a2e77500
[1179797271ns] [INFO] SRC 2 DST 1 sending packet number: 13, of messageId: 3 File exists Data: 0x72b014d1624136ff
[1179801488ns] [INFO] SRC 2 DST 1 sending packet number: 14, of messageId: 3 File exists Data: 0xd5eaa57f4caf85bb
[1179805658ns] [INFO] SRC 2 DST 1 sending packet number: 15, of messageId: 3 File exists Data: 0x808c9ff99ca34e1f
[1179810184ns] [INFO] SRC 2 DST 1 sending packet number: 16, of messageId: 3 File exists Data: 0x0a3525f97d8d4680
[1179813746ns] [INFO] SRC 2 DST 1 sending packet number: 17, of messageId: 3 File exists Data: 0x7bebd5d7bc853662
[1179816968ns] [INFO] SRC 2 DST 1 sending packet number: 18, of messageId: 3 File exists Data: 0xe4b9ca2e3b037bd6
[1179820091ns] [INFO] SRC 2 DST 1 sending packet number: 19, of messageId: 3 File exists Data: 0xeb3366b4bf82a79b
[1179823304ns] [INFO] SRC 2 DST 1 sending packet number: 20, of messageId: 3 File exists Data: 0x83fe181818febbe3
[1179826629ns] [INFO] SRC 2 DST 1 sending packet number: 21, of messageId: 3 File exists Data: 0x2c11c889dc089fe0
[1179829987ns] [INFO] SRC 2 DST 1 sending packet number: 22, of messageId: 3 File exists Data: 0x66c185e3c17fe278
[1179833160ns] [INFO] SRC 2 DST 1 sending packet number: 23, of messageId: 3 File exists Data: 0x38015b39b6fcf6c4
[1179836271ns] [INFO] SRC 2 DST 1 sending packet number: 24, of messageId: 3 File exists Data: 0x11307af2efab885c
[1179840302ns] [INFO] SRC 2 DST 1 sending packet number: 25, of messageId: 3 File exists Data: 0xe5f672ae71e26221
[1179843628ns] [INFO] SRC 2 DST 1 sending packet number: 26, of messageId: 3 File exists Data: 0xb37e6b263869a932
[1179846723ns] [INFO] SRC 2 DST 1 sending packet number: 27, of messageId: 3 File exists Data: 0xb0f99576aab711d4
[1179849894ns] [INFO] SRC 2 DST 1 sending packet number: 28, of messageId: 3 File exists Data: 0xac11b5db28ac94ca
[1179857260ns] [INFO] SRC 2 DST 1 sending packet number: 29, of messageId: 3 File exists Data: 0xa7514112d8ffcff3
[1179863305ns] [INFO] SRC 2 DST 1 sending packet number: 30, of messageId: 3 File exists Data: 0xd094494a4a460a97
[1179866996ns] [INFO] SRC 2 DST 1 sending packet number: 31, of messageId: 3 File exists Data: 0x6e0f4b25dc90f4b4
[1179870910ns] [INFO] SRC 2 DST 1 sending packet number: 32, of messageId: 3 File exists Data: 0xbfa3a6bb134fad27
[1179874870ns] [INFO] SRC 2 DST 1 sending packet number: 33, of messageId: 3 File exists Data: 0xc504a04e45a8292d
[10628251068ns] [INFO] close socket number: 8
