[1958092ns] [INFO] create a client socket: 8 Invalid argument
[2031466ns] [INFO] SRC process DST server connection succeed: No such file or directory
[2044765ns] [INFO] SRC 2 DST 0 sending packet number: 0, of messageId: 0 No such file or directory ID for connection: 2
[1059427366ns] [INFO] SRC 2 DST 1 Complete message:0x188128cb28386dc2020c40d7cac070d5544295794dc6baf20ac1263ede9818c70304e85419dab40318751b8c52ba723c163fe27a791060453ac11845a66ce1ac882cf86ad3a49f7b85d839e1a3e9d483dcbe2d1f179a81282febd60aff7d7172c5e6fd77f785f071ed211760593d07815a0886b8866fb6c796faa5db1551a63d0458b914999121499ffcba3f4764a43717fd31a05a143b4092f3a67801aca288319ae28cc8ce5b3e31a54fad6814ba801c1b1c768313fe0b589fe63473d058c837dda45ebb8abbb5f9ecebaebe4ffd22b658da6b2b644c7fee5a6e821a24c680de16c816000a395669ef79ccc5d4647be57a18f46fe2731910cba2596519e6d38227278c5ba48a6a4e8b45752d689dca
[1059529610ns] [INFO] SRC 2 DST 1 sending packet number: 0, of messageId: 3 File exists Data: 0x188128cb28386dc2
[1059543030ns] [INFO] SRC 2 DST 1 sending packet number: 1, of messageId: 3 File exists Data: 0x020c40d7cac070d5
[1059550308ns] [INFO] SRC 2 DST 1 sending packet number: 2, of messageId: 3 File exists Data: 0x544295794dc6baf2
[1059557925ns] [INFO] SRC 2 DST 1 sending packet number: 3, of messageId: 3 File exists Data: 0x0ac1263ede9818c7
[1059565255ns] [INFO] SRC 2 DST 1 sending packet number: 4, of messageId: 3 File exists Data: 0x0304e85419dab403
[1059572263ns] [INFO] SRC 2 DST 1 sending packet number: 5, of messageId: 3 File exists Data: 0x18751b8c52ba723c
[1059579247ns] [INFO] SRC 2 DST 1 sending packet number: 6, of messageId: 3 File exists Data: 0x163fe27a79106045
[1059586068ns] [INFO] SRC 2 DST 1 sending packet number: 7, of messageId: 3 File exists Data: 0x3ac11845a66ce1ac
[1059592873ns] [INFO] SRC 2 DST 1 sending packet number: 8, of messageId: 3 File exists Data: 0x882cf86ad3a49f7b
[1059599465ns] [INFO] SRC 2 DST 1 sending packet number: 9, of messageId: 3 File exists Data: 0x85d839e1a3e9d483
[1059606757ns] [INFO] SRC 2 DST 1 sending packet number: 10, of messageId: 3 File exists Data: 0xdcbe2d1f179a8128
[1059613898ns] [INFO] SRC 2 DST 1 sending packet number: 11, of messageId: 3 File exists Data: 0x2febd60aff7d7172
[1059620580ns] [INFO] SRC 2 DST 1 sending packet number: 12, of messageId: 3 File exists Data: 0xc5e6fd77f785f071
[1059627499ns] [INFO] SRC 2 DST 1 sending packet number: 13, of messageId: 3 File exists Data: 0xed211760593d0781
[1059634521ns] [INFO] SRC 2 DST 1 sending packet number: 14, of messageId: 3 File exists Data: 0x5a0886b8866fb6c7
[1059701834ns] [INFO] SRC 2 DST 1 sending packet number: 15, of messageId: 3 File exists Data: 0x96faa5db1551a63d
[1059731510ns] [INFO] SRC 2 DST 1 sending packet number: 16, of messageId: 3 File exists Data: 0x0458b91499912149
[1059740853ns] [INFO] SRC 2 DST 1 sending packet number: 17, of messageId: 3 File exists Data: 0x9ffcba3f4764a437
[1059747872ns] [INFO] SRC 2 DST 1 sending packet number: 18, of messageId: 3 File exists Data: 0x17fd31a05a143b40
[1059755340ns] [INFO] SRC 2 DST 1 sending packet number: 19, of messageId: 3 File exists Data: 0x92f3a67801aca288
[1059761259ns] [INFO] SRC 2 DST 1 sending packet number: 20, of messageId: 3 File exists Data: 0x319ae28cc8ce5b3e
[1059766878ns] [INFO] SRC 2 DST 1 sending packet number: 21, of messageId: 3 File exists Data: 0x31a54fad6814ba80
[1059772671ns] [INFO] SRC 2 DST 1 sending packet number: 22, of messageId: 3 File exists Data: 0x1c1b1c768313fe0b
[1059778252ns] [INFO] SRC 2 DST 1 sending packet number: 23, of messageId: 3 File exists Data: 0x589fe63473d058c8
[1059783817ns] [INFO] SRC 2 DST 1 sending packet number: 24, of messageId: 3 File exists Data: 0x37dda45ebb8abbb5
[1059789413ns] [INFO] SRC 2 DST 1 sending packet number: 25, of messageId: 3 File exists Data: 0xf9ecebaebe4ffd22
[1059795292ns] [INFO] SRC 2 DST 1 sending packet number: 26, of messageId: 3 File exists Data: 0xb658da6b2b644c7f
[1059800957ns] [INFO] SRC 2 DST 1 sending packet number: 27, of messageId: 3 File exists Data: 0xee5a6e821a24c680
[1059806653ns] [INFO] SRC 2 DST 1 sending packet number: 28, of messageId: 3 File exists Data: 0xde16c816000a3956
[1059822511ns] [INFO] SRC 2 DST 1 sending packet number: 29, of messageId: 3 File exists Data: 0x69ef79ccc5d4647b
[1059828496ns] [INFO] SRC 2 DST 1 sending packet number: 30, of messageId: 3 File exists Data: 0xe57a18f46fe27319
[1059834025ns] [INFO] SRC 2 DST 1 sending packet number: 31, of messageId: 3 File exists Data: 0x10cba2596519e6d3
[1059839731ns] [INFO] SRC 2 DST 1 sending packet number: 32, of messageId: 3 File exists Data: 0x8227278c5ba48a6a
[1059845278ns] [INFO] SRC 2 DST 1 sending packet number: 33, of messageId: 3 File exists Data: 0x4e8b45752d689dca
[111279725995ns] [INFO] close socket number: 8
