[2238261ns] [INFO] create a client socket: 8 Invalid argument
[2286491ns] [INFO] SRC process DST server connection succeed: No such file or directory
[2298712ns] [INFO] SRC 2 DST 0 sending packet number: 0, of messageId: 0 No such file or directory ID for connection: 2
[1234748930ns] [INFO] SRC 2 DST 1 Complete message:0x0af36e8e44c007a7ed53d5797cbc054c77cbb437dda922814e47faf7bab924bcb6fe641229b71706930e7f8501646a1aa53c6e42f85a3f48373af5c123bf5aae210be5d56d5c330809038f4bc41a1918f8f231904028bcf89629ce77e9598f307f7e0a57864c8c7e94fef98af25ae0368be3d45cd3bb5fd5d4b05d913cb90ee92884ffbbca405227f90fd12db32d14024bd1ff369063540fac837cd2d743f14a5ebaad2d6bf32febcafbc5a82ee430a812e321abc00b456018dc50c8f2fd35077efdcaa12ce1203da1f76d8f12f1372ca0821eb8a9a2e5d7cfc66698883437c6c44221f0b5f7b0582989bef2c57114349adde2da25fafcfc639644ec5475bc7bbfa3a6bb134fad27c504a04e45a8292d
[1234809811ns] [INFO] SRC 2 DST 1 sending packet number: 0, of messageId: 3 File exists Data: 0x0af36e8e44c007a7
[1234817329ns] [INFO] SRC 2 DST 1 sending packet number: 1, of messageId: 3 File exists Data: 0xed53d5797cbc054c
[1234822191ns] [INFO] SRC 2 DST 1 sending packet number: 2, of messageId: 3 File exists Data: 0x77cbb437dda92281
[1234828382ns] [INFO] SRC 2 DST 1 sending packet number: 3, of messageId: 3 File exists Data: 0x4e47faf7bab924bc
[1234832633ns] [INFO] SRC 2 DST 1 sending packet number: 4, of messageId: 3 File exists Data: 0xb6fe641229b71706
[1234836855ns] [INFO] SRC 2 DST 1 sending packet number: 5, of messageId: 3 File exists Data: 0x930e7f8501646a1a
[1234841335ns] [INFO] SRC 2 DST 1 sending packet number: 6, of messageId: 3 File exists Data: 0xa53c6e42f85a3f48
[1234845408ns] [INFO] SRC 2 DST 1 sending packet number: 7, of messageId: 3 File exists Data: 0x373af5c123bf5aae
[1234850427ns] [INFO] SRC 2 DST 1 sending packet number: 8, of messageId: 3 File exists Data: 0x210be5d56d5c3308
[1234854790ns] [INFO] SRC 2 DST 1 sending packet number: 9, of messageId: 3 File exists Data: 0x09038f4bc41a1918
[1234859592ns] [INFO] SRC 2 DST 1 sending packet number: 10, of messageId: 3 File exists Data: 0xf8f231904028bcf8
[1234863908ns] [INFO] SRC 2 DST 1 sending packet number: 11, of messageId: 3 File exists Data: 0x9629ce77e9598f30
[1234868253ns] [INFO] SRC 2 DST 1 sending packet number: 12, of messageId: 3 File exists Data: 0x7f7e0a57864c8c7e
[1234872691ns] [INFO] SRC 2 DST 1 sending packet number: 13, of messageId: 3 File exists Data: 0x94fef98af25ae036
[1234877149ns] [INFO] SRC 2 DST 1 sending packet number: 14, of messageId: 3 File exists Data: 0x8be3d45cd3bb5fd5
[1234887421ns] [INFO] SRC 2 DST 1 sending packet number: 15, of messageId: 3 File exists Data: 0xd4b05d913cb90ee9
[1234892401ns] [INFO] SRC 2 DST 1 sending packet number: 16, of messageId: 3 File exists Data: 0x2884ffbbca405227
[1234897072ns] [INFO] SRC 2 DST 1 sending packet number: 17, of messageId: 3 File exists Data: 0xf90fd12db32d1402
[1234900983ns] [INFO] SRC 2 DST 1 sending packet number: 18, of messageId: 3 File exists Data: 0x4bd1ff369063540f
[1234904845ns] [INFO] SRC 2 DST 1 sending packet number: 19, of messageId: 3 File exists Data: 0xac837cd2d743f14a
[1234908625ns] [INFO] SRC 2 DST 1 sending packet number: 20, of messageId: 3 File exists Data: 0x5ebaad2d6bf32feb
[1234912231ns] [INFO] SRC 2 DST 1 sending packet number: 21, of messageId: 3 File exists Data: 0xcafbc5a82ee430a8
[1234915841ns] [INFO] SRC 2 DST 1 sending packet number: 22, of messageId: 3 File exists Data: 0x12e321abc00b4560
[1234919679ns] [INFO] SRC 2 DST 1 sending packet number: 23, of messageId: 3 File exists Data: 0x18dc50c8f2fd3507
[1234923439ns] [INFO] SRC 2 DST 1 sending packet number: 24, of messageId: 3 File exists Data: 0x7efdcaa12ce1203d
[1234927132ns] [INFO] SRC 2 DST 1 sending packet number: 25, of messageId: 3 File exists Data: 0xa1f76d8f12f1372c
[1234930826ns] [INFO] SRC 2 DST 1 sending packet number: 26, of messageId: 3 File exists Data: 0xa0821eb8a9a2e5d7
[1234936134ns] [INFO] SRC 2 DST 1 sending packet number: 27, of messageId: 3 File exists Data: 0xcfc66698883437c6
[1234939537ns] [INFO] SRC 2 DST 1 sending packet number: 28, of messageId: 3 File exists Data: 0xc44221f0b5f7b058
[1234951513ns] [INFO] SRC 2 DST 1 sending packet number: 29, of messageId: 3 File exists Data: 0x2989bef2c5711434
[1234955154ns] [INFO] SRC 2 DST 1 sending packet number: 30, of messageId: 3 File exists Data: 0x9adde2da25fafcfc
[1234958847ns] [INFO] SRC 2 DST 1 sending packet number: 31, of messageId: 3 File exists Data: 0x639644ec5475bc7b
[1234962494ns] [INFO] SRC 2 DST 1 sending packet number: 32, of messageId: 3 File exists Data: 0xbfa3a6bb134fad27
[1234966500ns] [INFO] SRC 2 DST 1 sending packet number: 33, of messageId: 3 File exists Data: 0xc504a04e45a8292d
[53140283526ns] [INFO] SRC 0 DST 0  connection closed: in socket 8 Success
[53140323248ns] [INFO] close socket number: 8
