[8567614ns] [INFO] create a client socket: 8 Invalid argument
[8631169ns] [INFO] SRC process DST server connection succeed: No such file or directory
[8645629ns] [INFO] SRC 2 DST 0 sending packet number: 0, of messageId: 0 No such file or directory ID for connection: 2
[1694672496ns] [INFO] SRC 2 DST 1 Complete message:0x0168069ecc31604da0f76a1016b2fee52b43a30474019ecec9223bd8a8787272960505ec1b5d78db02c706ef663d5e80f7094d50c3bb9fd7f0d8df23dd08e2cbc26982d3c28e35d1b81a5f40746ffd82235f70fa1ae163d396f256426068de093138967d00e3cbf04ea00720dc9aeddb6bf800f6536011faf6cb0ceaea6116261fc4ca1629c80682de100c14359c86210e632f737fec211fbf554afb87d98f63169429b5b1cef96ad7ec36d25b80965f27622f9a0ca414a51e3120a9c84a62b95d2477e684fa6910c082f0910ad63a863bcaf478528fe6a23033a1a7250364df935b920687ea1841594886cca83487a7ed24c23f17b4bca9a4542b49aca0147fbfa3a6bb134fad27c504a04e45a8292d
[1694772768ns] [INFO] SRC 2 DST 1 sending packet number: 0, of messageId: 3 File exists Data: 0x0168069ecc31604d
[1694809177ns] [INFO] SRC 2 DST 1 sending packet number: 1, of messageId: 3 File exists Data: 0xa0f76a1016b2fee5
[1694820331ns] [INFO] SRC 2 DST 1 sending packet number: 2, of messageId: 3 File exists Data: 0x2b43a30474019ece
[1694829291ns] [INFO] SRC 2 DST 1 sending packet number: 3, of messageId: 3 File exists Data: 0xc9223bd8a8787272
[1694838224ns] [INFO] SRC 2 DST 1 sending packet number: 4, of messageId: 3 File exists Data: 0x960505ec1b5d78db
[1694846709ns] [INFO] SRC 2 DST 1 sending packet number: 5, of messageId: 3 File exists Data: 0x02c706ef663d5e80
[1694855069ns] [INFO] SRC 2 DST 1 sending packet number: 6, of messageId: 3 File exists Data: 0xf7094d50c3bb9fd7
[1694863297ns] [INFO] SRC 2 DST 1 sending packet number: 7, of messageId: 3 File exists Data: 0xf0d8df23dd08e2cb
[1694872128ns] [INFO] SRC 2 DST 1 sending packet number: 8, of messageId: 3 File exists Data: 0xc26982d3c28e35d1
[1694880672ns] [INFO] SRC 2 DST 1 sending packet number: 9, of messageId: 3 File exists Data: 0xb81a5f40746ffd82
[1694889416ns] [INFO] SRC 2 DST 1 sending packet number: 10, of messageId: 3 File exists Data: 0x235f70fa1ae163d3
[1694899417ns] [INFO] SRC 2 DST 1 sending packet number: 11, of messageId: 3 File exists Data: 0x96f256426068de09
[1694908072ns] [INFO] SRC 2 DST 1 sending packet number: 12, of messageId: 3 File exists Data: 0x3138967d00e3cbf0
[1694916198ns] [INFO] SRC 2 DST 1 sending packet number: 13, of messageId: 3 File exists Data: 0x4ea00720dc9aeddb
[1694924787ns] [INFO] SRC 2 DST 1 sending packet number: 14, of messageId: 3 File exists Data: 0x6bf800f6536011fa
[1694933635ns] [INFO] SRC 2 DST 1 sending packet number: 15, of messageId: 3 File exists Data: 0xf6cb0ceaea611626
[1694942716ns] [INFO] SRC 2 DST 1 sending packet number: 16, of messageId: 3 File exists Data: 0x1fc4ca1629c80682
[1694949427ns] [INFO] SRC 2 DST 1 sending packet number: 17, of messageId: 3 File exists Data: 0xde100c14359c8621
[1694955993ns] [INFO] SRC 2 DST 1 sending packet number: 18, of messageId: 3 File exists Data: 0x0e632f737fec211f
[1694962709ns] [INFO] SRC 2 DST 1 sending packet number: 19, of messageId: 3 File exists Data: 0xbf554afb87d98f63
[1694969374ns] [INFO] SRC 2 DST 1 sending packet number: 20, of messageId: 3 File exists Data: 0x169429b5b1cef96a
[1694975841ns] [INFO] SRC 2 DST 1 sending packet number: 21, of messageId: 3 File exists Data: 0xd7ec36d25b80965f
[1694982722ns] [INFO] SRC 2 DST 1 sending packet number: 22, of messageId: 3 File exists Data: 0x27622f9a0ca414a5
[1694990013ns] [INFO] SRC 2 DST 1 sending packet number: 23, of messageId: 3 File exists Data: 0x1e3120a9c84a62b9
[1694997548ns] [INFO] SRC 2 DST 1 sending packet number: 24, of messageId: 3 File exists Data: 0x5d2477e684fa6910
[1695004018ns] [INFO] SRC 2 DST 1 sending packet number: 25, of messageId: 3 File exists Data: 0xc082f0910ad63a86
[1695010322ns] [INFO] SRC 2 DST 1 sending packet number: 26, of messageId: 3 File exists Data: 0x3bcaf478528fe6a2
[1695016978ns] [INFO] SRC 2 DST 1 sending packet number: 27, of messageId: 3 File exists Data: 0x3033a1a7250364df
[1695023745ns] [INFO] SRC 2 DST 1 sending packet number: 28, of messageId: 3 File exists Data: 0x935b920687ea1841
[1695039169ns] [INFO] SRC 2 DST 1 sending packet number: 29, of messageId: 3 File exists Data: 0x594886cca83487a7
[1695045403ns] [INFO] SRC 2 DST 1 sending packet number: 30, of messageId: 3 File exists Data: 0xed24c23f17b4bca9
[1695051522ns] [INFO] SRC 2 DST 1 sending packet number: 31, of messageId: 3 File exists Data: 0xa4542b49aca0147f
[1695057860ns] [INFO] SRC 2 DST 1 sending packet number: 32, of messageId: 3 File exists Data: 0xbfa3a6bb134fad27
[1695064164ns] [INFO] SRC 2 DST 1 sending packet number: 33, of messageId: 3 File exists Data: 0xc504a04e45a8292d
[80372913992ns] [INFO] SRC 0 DST 0  connection closed: in socket 8 Success
[80373081706ns] [INFO] close socket number: 8
