[2639137ns] [INFO] create a client socket: 8 Invalid argument
[2692131ns] [INFO] SRC process DST server connection succeed: No such file or directory
[2707035ns] [INFO] SRC 2 DST 0 sending packet number: 0, of messageId: 0 No such file or directory ID for connection: 2
[1674514127ns] [INFO] SRC 2 DST 1 Complete message:0x3b99c9b2d7f2e6fcae9cb3300f4600e2f99eb060fd1402ad0b7788ea495e11754fcee24cbd2e816c9d85a735c01c12a8fe6e837b99b8b40d5264b7ee52f8b0738f67a8e1d231c12265ccc567420fb5ee0226e20ca2f0e30c9dcfc68272f574bbe1e734a43e9befd622d070ea0d79153a19e22942d787a70808309e537427983f34fbf4ccf22aa30776aa5835538c0455f1d30948fbb660fc40793471d612e5e41ceaa40e76665957dfa4ecfe6ba4edf3f1aeb68fd6cb1c484bb6bfc7ba9ce70af3712855aa96c1846b746e13149416e60e4e83275b9608b813fef395a14b88ca6d9dacd19782e47b52ba6aa7031e79f03835a6e0a01a4715e66fec22c2df8733bfa3a6bb134fad27c504a04e45a8292d
[1674628951ns] [INFO] SRC 2 DST 1 sending packet number: 0, of messageId: 3 File exists Data: 0x3b99c9b2d7f2e6fc
[1674648903ns] [INFO] SRC 2 DST 1 sending packet number: 1, of messageId: 3 File exists Data: 0xae9cb3300f4600e2
[1674658201ns] [INFO] SRC 2 DST 1 sending packet number: 2, of messageId: 3 File exists Data: 0xf99eb060fd1402ad
[1674665745ns] [INFO] SRC 2 DST 1 sending packet number: 3, of messageId: 3 File exists Data: 0x0b7788ea495e1175
[1674673539ns] [INFO] SRC 2 DST 1 sending packet number: 4, of messageId: 3 File exists Data: 0x4fcee24cbd2e816c
[1674681598ns] [INFO] SRC 2 DST 1 sending packet number: 5, of messageId: 3 File exists Data: 0x9d85a735c01c12a8
[1674689826ns] [INFO] SRC 2 DST 1 sending packet number: 6, of messageId: 3 File exists Data: 0xfe6e837b99b8b40d
[1674697579ns] [INFO] SRC 2 DST 1 sending packet number: 7, of messageId: 3 File exists Data: 0x5264b7ee52f8b073
[1674705691ns] [INFO] SRC 2 DST 1 sending packet number: 8, of messageId: 3 File exists Data: 0x8f67a8e1d231c122
[1674713689ns] [INFO] SRC 2 DST 1 sending packet number: 9, of messageId: 3 File exists Data: 0x65ccc567420fb5ee
[1674721627ns] [INFO] SRC 2 DST 1 sending packet number: 10, of messageId: 3 File exists Data: 0x0226e20ca2f0e30c
[1674729312ns] [INFO] SRC 2 DST 1 sending packet number: 11, of messageId: 3 File exists Data: 0x9dcfc68272f574bb
[1674737052ns] [INFO] SRC 2 DST 1 sending packet number: 12, of messageId: 3 File exists Data: 0xe1e734a43e9befd6
[1674744543ns] [INFO] SRC 2 DST 1 sending packet number: 13, of messageId: 3 File exists Data: 0x22d070ea0d79153a
[1674751866ns] [INFO] SRC 2 DST 1 sending packet number: 14, of messageId: 3 File exists Data: 0x19e22942d787a708
[1674759769ns] [INFO] SRC 2 DST 1 sending packet number: 15, of messageId: 3 File exists Data: 0x08309e537427983f
[1674768294ns] [INFO] SRC 2 DST 1 sending packet number: 16, of messageId: 3 File exists Data: 0x34fbf4ccf22aa307
[1674774358ns] [INFO] SRC 2 DST 1 sending packet number: 17, of messageId: 3 File exists Data: 0x76aa5835538c0455
[1674780546ns] [INFO] SRC 2 DST 1 sending packet number: 18, of messageId: 3 File exists Data: 0xf1d30948fbb660fc
[1674786756ns] [INFO] SRC 2 DST 1 sending packet number: 19, of messageId: 3 File exists Data: 0x40793471d612e5e4
[1674793317ns] [INFO] SRC 2 DST 1 sending packet number: 20, of messageId: 3 File exists Data: 0x1ceaa40e76665957
[1674801535ns] [INFO] SRC 2 DST 1 sending packet number: 21, of messageId: 3 File exists Data: 0xdfa4ecfe6ba4edf3
[1674807958ns] [INFO] SRC 2 DST 1 sending packet number: 22, of messageId: 3 File exists Data: 0xf1aeb68fd6cb1c48
[1674815122ns] [INFO] SRC 2 DST 1 sending packet number: 23, of messageId: 3 File exists Data: 0x4bb6bfc7ba9ce70a
[1674821385ns] [INFO] SRC 2 DST 1 sending packet number: 24, of messageId: 3 File exists Data: 0xf3712855aa96c184
[1674827080ns] [INFO] SRC 2 DST 1 sending packet number: 25, of messageId: 3 File exists Data: 0x6b746e13149416e6
[1674832838ns] [INFO] SRC 2 DST 1 sending packet number: 26, of messageId: 3 File exists Data: 0x0e4e83275b9608b8
[1674838594ns] [INFO] SRC 2 DST 1 sending packet number: 27, of messageId: 3 File exists Data: 0x13fef395a14b88ca
[1674844448ns] [INFO] SRC 2 DST 1 sending packet number: 28, of messageId: 3 File exists Data: 0x6d9dacd19782e47b
[1674858819ns] [INFO] SRC 2 DST 1 sending packet number: 29, of messageId: 3 File exists Data: 0x52ba6aa7031e79f0
[1674864832ns] [INFO] SRC 2 DST 1 sending packet number: 30, of messageId: 3 File exists Data: 0x3835a6e0a01a4715
[1674870477ns] [INFO] SRC 2 DST 1 sending packet number: 31, of messageId: 3 File exists Data: 0xe66fec22c2df8733
[1674876098ns] [INFO] SRC 2 DST 1 sending packet number: 32, of messageId: 3 File exists Data: 0xbfa3a6bb134fad27
[1674881626ns] [INFO] SRC 2 DST 1 sending packet number: 33, of messageId: 3 File exists Data: 0xc504a04e45a8292d
[21525348960ns] [INFO] close socket number: 8
