[2624959ns] [INFO] create a client socket: 8 Invalid argument
[2694956ns] [INFO] SRC process DST server connection succeed: No such file or directory
[2709878ns] [INFO] SRC 2 DST 0 sending packet number: 0, of messageId: 0 No such file or directory ID for connection: 2
[1214710507ns] [INFO] SRC 2 DST 1 Complete message:0x00bf6aea7d023524a1b1e5225a0c0f2fb44e1b5f0d7cd77c7f325aec83ee8f7e83ed81ea479b21d2d4dae6d675d57abce9d9b343996e0f8d3354ff4a067f7dff36244eea33933a522fdea2cfcd8321104fbe02efa40b9e2492ac83a6529a6e2348ff9b9aae09115afeb499bcd6dae48ade2dafe45e6f2181e3ee0e19bd76ab733ace1ced35c4f3a97aaa737831da49760a67d3e9a33d004aff5dcdf5cee1675e1cf366243eca11b8d9a35b7ed3a1c179c5dc9060135f8859e2bdcf673446504173705d220495e54161181be382172b70ccfb877e9e26b79c107a1f40bb178196814fa34f7470c33ce9c8300768e8800696f7d394ef71a549d41b790d2cbe171ebfa3a6bb134fad27c504a04e45a8292d
[1214770754ns] [INFO] SRC 2 DST 1 sending packet number: 0, of messageId: 3 File exists Data: 0x00bf6aea7d023524
[1214778440ns] [INFO] SRC 2 DST 1 sending packet number: 1, of messageId: 3 File exists Data: 0xa1b1e5225a0c0f2f
[1214783356ns] [INFO] SRC 2 DST 1 sending packet number: 2, of messageId: 3 File exists Data: 0xb44e1b5f0d7cd77c
[1214787759ns] [INFO] SRC 2 DST 1 sending packet number: 3, of messageId: 3 File exists Data: 0x7f325aec83ee8f7e
[1214791927ns] [INFO] SRC 2 DST 1 sending packet number: 4, of messageId: 3 File exists Data: 0x83ed81ea479b21d2
[1214796097ns] [INFO] SRC 2 DST 1 sending packet number: 5, of messageId: 3 File exists Data: 0xd4dae6d675d57abc
[1214801038ns] [INFO] SRC 2 DST 1 sending packet number: 6, of messageId: 3 File exists Data: 0xe9d9b343996e0f8d
[1214805763ns] [INFO] SRC 2 DST 1 sending packet number: 7, of messageId: 3 File exists Data: 0x3354ff4a067f7dff
[1214822222ns] [INFO] SRC 2 DST 1 sending packet number: 8, of messageId: 3 File exists Data: 0x36244eea33933a52
[1214826984ns] [INFO] SRC 2 DST 1 sending packet number: 9, of messageId: 3 File exists Data: 0x2fdea2cfcd832110
[1214832439ns] [INFO] SRC 2 DST 1 sending packet number: 10, of messageId: 3 File exists Data: 0x4fbe02efa40b9e24
[1214837126ns] [INFO] SRC 2 DST 1 sending packet number: 11, of messageId: 3 File exists Data: 0x92ac83a6529a6e23
[1214841702ns] [INFO] SRC 2 DST 1 sending packet number: 12, of messageId: 3 File exists Data: 0x48ff9b9aae09115a
[1214846210ns] [INFO] SRC 2 DST 1 sending packet number: 13, of messageId: 3 File exists Data: 0xfeb499bcd6dae48a
[1214850778ns] [INFO] SRC 2 DST 1 sending packet number: 14, of messageId: 3 File exists Data: 0xde2dafe45e6f2181
[1214855628ns] [INFO] SRC 2 DST 1 sending packet number: 15, of messageId: 3 File exists Data: 0xe3ee0e19bd76ab73
[1214860055ns] [INFO] SRC 2 DST 1 sending packet number: 16, of messageId: 3 File exists Data: 0x3ace1ced35c4f3a9
[1214865750ns] [INFO] SRC 2 DST 1 sending packet number: 17, of messageId: 3 File exists Data: 0x7aaa737831da4976
[1214869750ns] [INFO] SRC 2 DST 1 sending packet number: 18, of messageId: 3 File exists Data: 0x0a67d3e9a33d004a
[1214873555ns] [INFO] SRC 2 DST 1 sending packet number: 19, of messageId: 3 File exists Data: 0xff5dcdf5cee1675e
[1214877644ns] [INFO] SRC 2 DST 1 sending packet number: 20, of messageId: 3 File exists Data: 0x1cf366243eca11b8
[1214881649ns] [INFO] SRC 2 DST 1 sending packet number: 21, of messageId: 3 File exists Data: 0xd9a35b7ed3a1c179
[1214885698ns] [INFO] SRC 2 DST 1 sending packet number: 22, of messageId: 3 File exists Data: 0xc5dc9060135f8859
[1214889696ns] [INFO] SRC 2 DST 1 sending packet number: 23, of messageId: 3 File exists Data: 0xe2bdcf6734465041
[1214893785ns] [INFO] SRC 2 DST 1 sending packet number: 24, of messageId: 3 File exists Data: 0x73705d220495e541
[1214897807ns] [INFO] SRC 2 DST 1 sending packet number: 25, of messageId: 3 File exists Data: 0x61181be382172b70
[1214901734ns] [INFO] SRC 2 DST 1 sending packet number: 26, of messageId: 3 File exists Data: 0xccfb877e9e26b79c
[1214905714ns] [INFO] SRC 2 DST 1 sending packet number: 27, of messageId: 3 File exists Data: 0x107a1f40bb178196
[1214909677ns] [INFO] SRC 2 DST 1 sending packet number: 28, of messageId: 3 File exists Data: 0x814fa34f7470c33c
[1214924825ns] [INFO] SRC 2 DST 1 sending packet number: 29, of messageId: 3 File exists Data: 0xe9c8300768e88006
[1214930087ns] [INFO] SRC 2 DST 1 sending packet number: 30, of messageId: 3 File exists Data: 0x96f7d394ef71a549
[1214935104ns] [INFO] SRC 2 DST 1 sending packet number: 31, of messageId: 3 File exists Data: 0xd41b790d2cbe171e
[1214939794ns] [INFO] SRC 2 DST 1 sending packet number: 32, of messageId: 3 File exists Data: 0xbfa3a6bb134fad27
[1214944021ns] [INFO] SRC 2 DST 1 sending packet number: 33, of messageId: 3 File exists Data: 0xc504a04e45a8292d
[12731094485ns] [INFO] SRC 0 DST 0  connection closed: in socket 8 Success
[12731108728ns] [INFO] close socket number: 8
