[2126880ns] [INFO] create a client socket: 7 Invalid argument
[2182867ns] [INFO] SRC process DST server connection succeed: No such file or directory
[2198335ns] [INFO] SRC 2 DST 0 sending packet number: 0, of messageId: 0 No such file or directory ID for connection: 2
[1555821866ns] [INFO] SRC 2 DST 1 Complete message:0x3c354f3c2b569763f5498c25d56e335868273cc4f20f11577f1f4fe0b5ee0d79ce3c9af2e0bc70e7fbf44993cffeed335bfc53dcc8c99aa4c2971f871f93d84d74b50b75401225389cad6fe847f922fc24cde9fa43c7d9d2f0962e728297501d72cd227ff162d20fc9ced4df4e0c4b31ed309ecdfd6a853bdc7661cad913f5891d487d4865c56d702a01c086f8d4bde321c3ec82dba6911b9f5df10a6e7e17292fb139b028fd9c8bdc72a974fd1859b6690d0496d0051d299c04baf09f997c5a55957688923b8abd92c8bc3beb7367d950ac3e2de2f866a6f64184f0c6f8abe95b072ce534ecf17f9ad799a7b5932f386d64dbfc7ef3de1adef5785967f98033fbc3682804b43cdf78c3a2d99742aed1
[1555906623ns] [INFO] SRC 2 DST 1 sending packet number: 0, of messageId: 3 File exists Data: 0x3c354f3c2b569763
[1555919247ns] [INFO] SRC 2 DST 1 sending packet number: 1, of messageId: 3 File exists Data: 0xf5498c25d56e3358
[1555926311ns] [INFO] SRC 2 DST 1 sending packet number: 2, of messageId: 3 File exists Data: 0x68273cc4f20f1157
[1555933166ns] [INFO] SRC 2 DST 1 sending packet number: 3, of messageId: 3 File exists Data: 0x7f1f4fe0b5ee0d79
[1555939791ns] [INFO] SRC 2 DST 1 sending packet number: 4, of messageId: 3 File exists Data: 0xce3c9af2e0bc70e7
[1555946155ns] [INFO] SRC 2 DST 1 sending packet number: 5, of messageId: 3 File exists Data: 0xfbf44993cffeed33
[1555952548ns] [INFO] SRC 2 DST 1 sending packet number: 6, of messageId: 3 File exists Data: 0x5bfc53dcc8c99aa4
[1555959006ns] [INFO] SRC 2 DST 1 sending packet number: 7, of messageId: 3 File exists Data: 0xc2971f871f93d84d
[1555965570ns] [INFO] SRC 2 DST 1 sending packet number: 8, of messageId: 3 File exists Data: 0x74b50b7540122538
[1555972022ns] [INFO] SRC 2 DST 1 sending packet number: 9, of messageId: 3 File exists Data: 0x9cad6fe847f922fc
[1555978770ns] [INFO] SRC 2 DST 1 sending packet number: 10, of messageId: 3 File exists Data: 0x24cde9fa43c7d9d2
[1555985136ns] [INFO] SRC 2 DST 1 sending packet number: 11, of messageId: 3 File exists Data: 0xf0962e728297501d
[1555991726ns] [INFO] SRC 2 DST 1 sending packet number: 12, of messageId: 3 File exists Data: 0x72cd227ff162d20f
[1555999348ns] [INFO] SRC 2 DST 1 sending packet number: 13, of messageId: 3 File exists Data: 0xc9ced4df4e0c4b31
[1556007242ns] [INFO] SRC 2 DST 1 sending packet number: 14, of messageId: 3 File exists Data: 0xed309ecdfd6a853b
[1556014434ns] [INFO] SRC 2 DST 1 sending packet number: 15, of messageId: 3 File exists Data: 0xdc7661cad913f589
[1556021350ns] [INFO] SRC 2 DST 1 sending packet number: 16, of messageId: 3 File exists Data: 0x1d487d4865c56d70
[1556026813ns] [INFO] SRC 2 DST 1 sending packet number: 17, of messageId: 3 File exists Data: 0x2a01c086f8d4bde3
[1556031957ns] [INFO] SRC 2 DST 1 sending packet number: 18, of messageId: 3 File exists Data: 0x21c3ec82dba6911b
[1556037798ns] [INFO] SRC 2 DST 1 sending packet number: 19, of messageId: 3 File exists Data: 0x9f5df10a6e7e1729
[1556042934ns] [INFO] SRC 2 DST 1 sending packet number: 20, of messageId: 3 File exists Data: 0x2fb139b028fd9c8b
[1556047991ns] [INFO] SRC 2 DST 1 sending packet number: 21, of messageId: 3 File exists Data: 0xdc72a974fd1859b6
[1556052874ns] [INFO] SRC 2 DST 1 sending packet number: 22, of messageId: 3 File exists Data: 0x690d0496d0051d29
[1556058309ns] [INFO] SRC 2 DST 1 sending packet number: 23, of messageId: 3 File exists Data: 0x9c04baf09f997c5a
[1556063547ns] [INFO] SRC 2 DST 1 sending packet number: 24, of messageId: 3 File exists Data: 0x55957688923b8abd
[1556068511ns] [INFO] SRC 2 DST 1 sending packet number: 25, of messageId: 3 File exists Data: 0x92c8bc3beb7367d9
[1556073773ns] [INFO] SRC 2 DST 1 sending packet number: 26, of messageId: 3 File exists Data: 0x50ac3e2de2f866a6
[1556078846ns] [INFO] SRC 2 DST 1 sending packet number: 27, of messageId: 3 File exists Data: 0xf64184f0c6f8abe9
[1556083850ns] [INFO] SRC 2 DST 1 sending packet number: 28, of messageId: 3 File exists Data: 0x5b072ce534ecf17f
[1556097526ns] [INFO] SRC 2 DST 1 sending packet number: 29, of messageId: 3 File exists Data: 0x9ad799a7b5932f38
[1556102589ns] [INFO] SRC 2 DST 1 sending packet number: 30, of messageId: 3 File exists Data: 0x6d64dbfc7ef3de1a
[1556107833ns] [INFO] SRC 2 DST 1 sending packet number: 31, of messageId: 3 File exists Data: 0xdef5785967f98033
[1556113030ns] [INFO] SRC 2 DST 1 sending packet number: 32, of messageId: 3 File exists Data: 0xfbc3682804b43cdf
[1556117918ns] [INFO] SRC 2 DST 1 sending packet number: 33, of messageId: 3 File exists Data: 0x78c3a2d99742aed1
[29552241331ns] [INFO] close socket number: 7
