[2197340ns] [INFO] create a client socket: 8 Invalid argument
[2259316ns] [INFO] SRC process DST server connection succeed: No such file or directory
[2273591ns] [INFO] SRC 2 DST 0 sending packet number: 0, of messageId: 0 No such file or directory ID for connection: 2
[1122338561ns] [INFO] SRC 2 DST 1 Complete message:0x06abb9c5da423c20f0009dddb5dd408dff9e7d82bd7529c226bcf049eb7f1fd058033da55bf59c64a4908999b8023851618a77f7833dfe5b3d86aa9ebc4ed7327fe0bd61e181dedc3d0cb4611b9d02b65f75dd0e1f68397806e0bf6782be87cd921a7ccf992bd7c9c6d858073ddfae2cecfc1532d0a71d215782a7b3425f86681795ee6a1aa4babee469998499223365fc69046d8b41150a40492c1320349497e3e91ca21ef2501f9e319316ebd3cd729c0049c01fa79b6517cb3f7f16591b0a8ad31d0e9266fb4560a40018dd1df3fac72262a86dfd1a87df390467d421fcdb2180d0c9f1747ec02ea3c0d82e237a0992cf42cbbaddbf8a29e8ab8f4cff3084bfa3a6bb134fad27c504a04e45a8292d
[1122391738ns] [INFO] SRC 2 DST 1 sending packet number: 0, of messageId: 3 File exists Data: 0x06abb9c5da423c20
[1122400233ns] [INFO] SRC 2 DST 1 sending packet number: 1, of messageId: 3 File exists Data: 0xf0009dddb5dd408d
[1122405241ns] [INFO] SRC 2 DST 1 sending packet number: 2, of messageId: 3 File exists Data: 0xff9e7d82bd7529c2
[1122409557ns] [INFO] SRC 2 DST 1 sending packet number: 3, of messageId: 3 File exists Data: 0x26bcf049eb7f1fd0
[1122415404ns] [INFO] SRC 2 DST 1 sending packet number: 4, of messageId: 3 File exists Data: 0x58033da55bf59c64
[1122419898ns] [INFO] SRC 2 DST 1 sending packet number: 5, of messageId: 3 File exists Data: 0xa4908999b8023851
[1122424121ns] [INFO] SRC 2 DST 1 sending packet number: 6, of messageId: 3 File exists Data: 0x618a77f7833dfe5b
[1122428203ns] [INFO] SRC 2 DST 1 sending packet number: 7, of messageId: 3 File exists Data: 0x3d86aa9ebc4ed732
[1122432398ns] [INFO] SRC 2 DST 1 sending packet number: 8, of messageId: 3 File exists Data: 0x7fe0bd61e181dedc
[1122436660ns] [INFO] SRC 2 DST 1 sending packet number: 9, of messageId: 3 File exists Data: 0x3d0cb4611b9d02b6
[1122441047ns] [INFO] SRC 2 DST 1 sending packet number: 10, of messageId: 3 File exists Data: 0x5f75dd0e1f683978
[1122446185ns] [INFO] SRC 2 DST 1 sending packet number: 11, of messageId: 3 File exists Data: 0x06e0bf6782be87cd
[1122450705ns] [INFO] SRC 2 DST 1 sending packet number: 12, of messageId: 3 File exists Data: 0x921a7ccf992bd7c9
[1122454940ns] [INFO] SRC 2 DST 1 sending packet number: 13, of messageId: 3 File exists Data: 0xc6d858073ddfae2c
[1122459171ns] [INFO] SRC 2 DST 1 sending packet number: 14, of messageId: 3 File exists Data: 0xecfc1532d0a71d21
[1122463477ns] [INFO] SRC 2 DST 1 sending packet number: 15, of messageId: 3 File exists Data: 0x5782a7b3425f8668
[1122468137ns] [INFO] SRC 2 DST 1 sending packet number: 16, of messageId: 3 File exists Data: 0x1795ee6a1aa4babe
[1122471580ns] [INFO] SRC 2 DST 1 sending packet number: 17, of messageId: 3 File exists Data: 0xe469998499223365
[1122474916ns] [INFO] SRC 2 DST 1 sending packet number: 18, of messageId: 3 File exists Data: 0xfc69046d8b41150a
[1122478630ns] [INFO] SRC 2 DST 1 sending packet number: 19, of messageId: 3 File exists Data: 0x40492c1320349497
[1122481998ns] [INFO] SRC 2 DST 1 sending packet number: 20, of messageId: 3 File exists Data: 0xe3e91ca21ef2501f
[1122485141ns] [INFO] SRC 2 DST 1 sending packet number: 21, of messageId: 3 File exists Data: 0x9e319316ebd3cd72
[1122488604ns] [INFO] SRC 2 DST 1 sending packet number: 22, of messageId: 3 File exists Data: 0x9c0049c01fa79b65
[1122491911ns] [INFO] SRC 2 DST 1 sending packet number: 23, of messageId: 3 File exists Data: 0x17cb3f7f16591b0a
[1122495190ns] [INFO] SRC 2 DST 1 sending packet number: 24, of messageId: 3 File exists Data: 0x8ad31d0e9266fb45
[1122498362ns] [INFO] SRC 2 DST 1 sending packet number: 25, of messageId: 3 File exists Data: 0x60a40018dd1df3fa
[1122501594ns] [INFO] SRC 2 DST 1 sending packet number: 26, of messageId: 3 File exists Data: 0xc72262a86dfd1a87
[1122504795ns] [INFO] SRC 2 DST 1 sending packet number: 27, of messageId: 3 File exists Data: 0xdf390467d421fcdb
[1122508020ns] [INFO] SRC 2 DST 1 sending packet number: 28, of messageId: 3 File exists Data: 0x2180d0c9f1747ec0
[1122517013ns] [INFO] SRC 2 DST 1 sending packet number: 29, of messageId: 3 File exists Data: 0x2ea3c0d82e237a09
[1122520258ns] [INFO] SRC 2 DST 1 sending packet number: 30, of messageId: 3 File exists Data: 0x92cf42cbbaddbf8a
[1122523477ns] [INFO] SRC 2 DST 1 sending packet number: 31, of messageId: 3 File exists Data: 0x29e8ab8f4cff3084
[1122526761ns] [INFO] SRC 2 DST 1 sending packet number: 32, of messageId: 3 File exists Data: 0xbfa3a6bb134fad27
[1122530048ns] [INFO] SRC 2 DST 1 sending packet number: 33, of messageId: 3 File exists Data: 0xc504a04e45a8292d
[7610860878ns] [INFO] close socket number: 8
