[152012ns] [INFO] create a client socket: 3 Success
[161782ns] [INFO] create a server socket: 3
[172222ns] [INFO] server running on port 8080
[2753389ns] [INFO] connection succeed to client socket number: 3
[2915479ns] [INFO] SRC 3 DST 0 received packet number: 0, of messageId: 0 Success ID for connection: 3
[2966847ns] [INFO] SRC 3 DST 2 received packet number: 0, of messageId: 5 Success Data: 0x48656c6c6f2c2049
[2982564ns] [INFO] SRC 3 DST 2 received packet number: 1, of messageId: 5 Success Data: 0x276d207573657243
[2994391ns] [INFO] SRC 3 DST 2 received packet number: 2, of messageId: 5 Success Data: 0x2073656e64696e67
[3005105ns] [INFO] SRC 3 DST 2 received packet number: 3, of messageId: 5 Success Data: 0x20746f2075736572
[3017760ns] [INFO] SRC 3 DST 2 received packet number: 4, of messageId: 5 Success Data: 0x422100
[5077168ns] [INFO] connection succeed to client socket number: 3
[5217822ns] [INFO] SRC 3 DST 0 received packet number: 0, of messageId: 0 Success ID for connection: 3
[5244633ns] [INFO] SRC 3 DST 2 received packet number: 0, of messageId: 5 Success Data: 0x48656c6c6f2c2049
[5255177ns] [INFO] SRC 3 DST 2 received packet number: 1, of messageId: 5 Success Data: 0x276d207573657242
[5263417ns] [INFO] SRC 3 DST 2 received packet number: 2, of messageId: 5 Success Data: 0x2073656e64696e67
[5270999ns] [INFO] SRC 3 DST 2 received packet number: 3, of messageId: 5 Success Data: 0x20746f2075736572
[5279163ns] [INFO] SRC 3 DST 2 received packet number: 4, of messageId: 5 Success Data: 0x432100
[7003509ns] [INFO] connection succeed to client socket number: 3
[7181921ns] [INFO] SRC 3 DST 0 received packet number: 0, of messageId: 0 Success ID for connection: 3
[7227125ns] [INFO] SRC 3 DST 2 received packet number: 0, of messageId: 5 Success Data: 0x48656c6c6f2c2049
[7242016ns] [INFO] SRC 3 DST 2 received packet number: 1, of messageId: 5 Success Data: 0x276d207573657243
[7250104ns] [INFO] SRC 3 DST 2 received packet number: 2, of messageId: 5 Success Data: 0x2073656e64696e67
[7258585ns] [INFO] SRC 3 DST 2 received packet number: 3, of messageId: 5 Success Data: 0x20746f2075736572
[7268531ns] [INFO] SRC 3 DST 2 received packet number: 4, of messageId: 5 Success Data: 0x422100
[116631ns] [INFO] create a client socket: 3 Success
[167859ns] [INFO] create a server socket: 3
[189126ns] [INFO] server running on port 8080
[2302408ns] [INFO] connection succeed to client socket number: 3
[2369066ns] [INFO] SRC 3 DST 0 received packet number: 0, of messageId: 0 Success ID for connection: 3
[2446474ns] [INFO] SRC 3 DST 2 received packet number: 0, of messageId: 5 Success Data: 0x48656c6c6f2c2049
[2460858ns] [INFO] SRC 3 DST 2 received packet number: 1, of messageId: 5 Success Data: 0x276d207573657243
[2468525ns] [INFO] SRC 3 DST 2 received packet number: 2, of messageId: 5 Success Data: 0x2073656e64696e67
[2476442ns] [INFO] SRC 3 DST 2 received packet number: 3, of messageId: 5 Success Data: 0x20746f2075736572
[2484366ns] [INFO] SRC 3 DST 2 received packet number: 4, of messageId: 5 Success Data: 0x422100
[3789491ns] [INFO] connection succeed to client socket number: 3
[3963254ns] [INFO] SRC 3 DST 0 received packet number: 0, of messageId: 0 Success ID for connection: 3
[3998529ns] [INFO] SRC 3 DST 2 received packet number: 0, of messageId: 5 Success Data: 0x48656c6c6f2c2049
[4015008ns] [INFO] SRC 3 DST 2 received packet number: 1, of messageId: 5 Success Data: 0x276d207573657242
[4028385ns] [INFO] SRC 3 DST 2 received packet number: 2, of messageId: 5 Success Data: 0x2073656e64696e67
[4042445ns] [INFO] SRC 3 DST 2 received packet number: 3, of messageId: 5 Success Data: 0x20746f2075736572
[4056837ns] [INFO] SRC 3 DST 2 received packet number: 4, of messageId: 5 Success Data: 0x432100
[5304393ns] [INFO] connection succeed to client socket number: 3
[5411664ns] [INFO] SRC 3 DST 0 received packet number: 0, of messageId: 0 Success ID for connection: 3
[5440107ns] [INFO] SRC 3 DST 2 received packet number: 0, of messageId: 5 Success Data: 0x48656c6c6f2c2049
[5455477ns] [INFO] SRC 3 DST 2 received packet number: 1, of messageId: 5 Success Data: 0x276d207573657243
[5478573ns] [INFO] SRC 3 DST 2 received packet number: 2, of messageId: 5 Success Data: 0x2073656e64696e67
[5491888ns] [INFO] SRC 3 DST 2 received packet number: 3, of messageId: 5 Success Data: 0x20746f2075736572
[5504438ns] [INFO] SRC 3 DST 2 received packet number: 4, of messageId: 5 Success Data: 0x422100
[229465ns] [INFO] create a client socket: 3 Success
[293004ns] [INFO] create a server socket: 3
[314489ns] [INFO] server running on port 8080
[2447734ns] [INFO] connection succeed to client socket number: 3
[2568614ns] [INFO] SRC 3 DST 0 received packet number: 0, of messageId: 0 Success ID for connection: 3
[2604301ns] [INFO] SRC 3 DST 2 received packet number: 0, of messageId: 5 Success Data: 0x48656c6c6f2c2049
[2617801ns] [INFO] SRC 3 DST 2 received packet number: 1, of messageId: 5 Success Data: 0x276d207573657243
[2628893ns] [INFO] SRC 3 DST 2 received packet number: 2, of messageId: 5 Success Data: 0x2073656e64696e67
[2639645ns] [INFO] SRC 3 DST 2 received packet number: 3, of messageId: 5 Success Data: 0x20746f2075736572
[2652217ns] [INFO] SRC 3 DST 2 received packet number: 4, of messageId: 5 Success Data: 0x422100
[4048161ns] [INFO] connection succeed to client socket number: 3
[4144413ns] [INFO] SRC 3 DST 0 received packet number: 0, of messageId: 0 Success ID for connection: 3
[4168059ns] [INFO] SRC 3 DST 2 received packet number: 0, of messageId: 5 Success Data: 0x48656c6c6f2c2049
[4180328ns] [INFO] SRC 3 DST 2 received packet number: 1, of messageId: 5 Success Data: 0x276d207573657242
[4191278ns] [INFO] SRC 3 DST 2 received packet number: 2, of messageId: 5 Success Data: 0x2073656e64696e67
[4201923ns] [INFO] SRC 3 DST 2 received packet number: 3, of messageId: 5 Success Data: 0x20746f2075736572
[4213646ns] [INFO] SRC 3 DST 2 received packet number: 4, of messageId: 5 Success Data: 0x432100
[6237639ns] [INFO] connection succeed to client socket number: 3
[6415996ns] [INFO] SRC 3 DST 0 received packet number: 0, of messageId: 0 Success ID for connection: 3
[6538454ns] [INFO] SRC 3 DST 2 received packet number: 0, of messageId: 5 Success Data: 0x48656c6c6f2c2049
[6558459ns] [INFO] SRC 3 DST 2 received packet number: 1, of messageId: 5 Success Data: 0x276d207573657243
[6570976ns] [INFO] SRC 3 DST 2 received packet number: 2, of messageId: 5 Success Data: 0x2073656e64696e67
[6582855ns] [INFO] SRC 3 DST 2 received packet number: 3, of messageId: 5 Success Data: 0x20746f2075736572
[6594639ns] [INFO] SRC 3 DST 2 received packet number: 4, of messageId: 5 Success Data: 0x422100
[76878ns] [INFO] create a client socket: 3 Success
[145458ns] [INFO] create a server socket: 3
[168723ns] [INFO] server running on port 8080
[2274322ns] [INFO] connection succeed to client socket number: 3
[2472146ns] [INFO] SRC 3 DST 0 received packet number: 0, of messageId: 0 Success ID for connection: 3
[2590030ns] [INFO] SRC 3 DST 2 received packet number: 0, of messageId: 5 Success Data: 0x48656c6c6f2c2049
[2644317ns] [INFO] SRC 3 DST 2 received packet number: 1, of messageId: 5 Success Data: 0x276d207573657243
[2665202ns] [INFO] SRC 3 DST 2 received packet number: 2, of messageId: 5 Success Data: 0x2073656e64696e67
[2684590ns] [INFO] SRC 3 DST 2 received packet number: 3, of messageId: 5 Success Data: 0x20746f2075736572
[2710969ns] [INFO] SRC 3 DST 2 received packet number: 4, of messageId: 5 Success Data: 0x422100
[4643975ns] [INFO] connection succeed to client socket number: 3
[4792406ns] [INFO] SRC 3 DST 0 received packet number: 0, of messageId: 0 Success ID for connection: 3
[4819111ns] [INFO] SRC 3 DST 2 received packet number: 0, of messageId: 5 Success Data: 0x48656c6c6f2c2049
[4832345ns] [INFO] SRC 3 DST 2 received packet number: 1, of messageId: 5 Success Data: 0x276d207573657242
[4843727ns] [INFO] SRC 3 DST 2 received packet number: 2, of messageId: 5 Success Data: 0x2073656e64696e67
[4853679ns] [INFO] SRC 3 DST 2 received packet number: 3, of messageId: 5 Success Data: 0x20746f2075736572
[4864426ns] [INFO] SRC 3 DST 2 received packet number: 4, of messageId: 5 Success Data: 0x432100
[7304079ns] [INFO] connection succeed to client socket number: 3
[7440557ns] [INFO] SRC 3 DST 0 received packet number: 0, of messageId: 0 Success ID for connection: 3
[7472623ns] [INFO] SRC 3 DST 2 received packet number: 0, of messageId: 5 Success Data: 0x48656c6c6f2c2049
[7487098ns] [INFO] SRC 3 DST 2 received packet number: 1, of messageId: 5 Success Data: 0x276d207573657243
[7499474ns] [INFO] SRC 3 DST 2 received packet number: 2, of messageId: 5 Success Data: 0x2073656e64696e67
[7512720ns] [INFO] SRC 3 DST 2 received packet number: 3, of messageId: 5 Success Data: 0x20746f2075736572
[7523935ns] [INFO] SRC 3 DST 2 received packet number: 4, of messageId: 5 Success Data: 0x422100
[52848ns] [INFO] create a client socket: 3 Success
[94908ns] [INFO] create a server socket: 3
[108512ns] [INFO] server running on port 8080
[2706905ns] [INFO] connection succeed to client socket number: 3
[2891580ns] [INFO] SRC 3 DST 0 received packet number: 0, of messageId: 0 Success ID for connection: 3
[2971438ns] [INFO] SRC 3 DST 2 received packet number: 0, of messageId: 5 Success Data: 0x48656c6c6f2c2049
[2986120ns] [INFO] SRC 3 DST 2 received packet number: 1, of messageId: 5 Success Data: 0x276d207573657243
[2997773ns] [INFO] SRC 3 DST 2 received packet number: 2, of messageId: 5 Success Data: 0x2073656e64696e67
[3008776ns] [INFO] SRC 3 DST 2 received packet number: 3, of messageId: 5 Success Data: 0x20746f2075736572
[3021055ns] [INFO] SRC 3 DST 2 received packet number: 4, of messageId: 5 Success Data: 0x422100
[5087026ns] [INFO] connection succeed to client socket number: 3
[5169664ns] [INFO] SRC 3 DST 0 received packet number: 0, of messageId: 0 Success ID for connection: 3
[5193504ns] [INFO] SRC 3 DST 2 received packet number: 0, of messageId: 5 Success Data: 0x48656c6c6f2c2049
[5208540ns] [INFO] SRC 3 DST 2 received packet number: 1, of messageId: 5 Success Data: 0x276d207573657242
[5221683ns] [INFO] SRC 3 DST 2 received packet number: 2, of messageId: 5 Success Data: 0x2073656e64696e67
[5235351ns] [INFO] SRC 3 DST 2 received packet number: 3, of messageId: 5 Success Data: 0x20746f2075736572
[5248756ns] [INFO] SRC 3 DST 2 received packet number: 4, of messageId: 5 Success Data: 0x432100
[8047066ns] [INFO] connection succeed to client socket number: 3
[8254630ns] [INFO] SRC 3 DST 0 received packet number: 0, of messageId: 0 Success ID for connection: 3
[8292369ns] [INFO] SRC 3 DST 2 received packet number: 0, of messageId: 5 Success Data: 0x48656c6c6f2c2049
[8307674ns] [INFO] SRC 3 DST 2 received packet number: 1, of messageId: 5 Success Data: 0x276d207573657243
[8317875ns] [INFO] SRC 3 DST 2 received packet number: 2, of messageId: 5 Success Data: 0x2073656e64696e67
[8327938ns] [INFO] SRC 3 DST 2 received packet number: 3, of messageId: 5 Success Data: 0x20746f2075736572
[8339864ns] [INFO] SRC 3 DST 2 received packet number: 4, of messageId: 5 Success Data: 0x422100
[50825ns] [INFO] create a client socket: 3 Success
[93778ns] [INFO] create a server socket: 3
[110520ns] [INFO] server running on port 8080
[2207022ns] [INFO] connection succeed to client socket number: 3
[2337098ns] [INFO] SRC 3 DST 0 received packet number: 0, of messageId: 0 Success ID for connection: 3
[2373577ns] [INFO] SRC 3 DST 2 received packet number: 0, of messageId: 5 Success Data: 0x48656c6c6f2c2049
[2388886ns] [INFO] SRC 3 DST 2 received packet number: 1, of messageId: 5 Success Data: 0x276d207573657243
[2400684ns] [INFO] SRC 3 DST 2 received packet number: 2, of messageId: 5 Success Data: 0x2073656e64696e67
[2412214ns] [INFO] SRC 3 DST 2 received packet number: 3, of messageId: 5 Success Data: 0x20746f2075736572
[2424782ns] [INFO] SRC 3 DST 2 received packet number: 4, of messageId: 5 Success Data: 0x422100
[4762091ns] [INFO] connection succeed to client socket number: 3
[4855764ns] [INFO] SRC 3 DST 0 received packet number: 0, of messageId: 0 Success ID for connection: 3
[4877190ns] [INFO] SRC 3 DST 2 received packet number: 0, of messageId: 5 Success Data: 0x48656c6c6f2c2049
[4889168ns] [INFO] SRC 3 DST 2 received packet number: 1, of messageId: 5 Success Data: 0x276d207573657242
[4908901ns] [INFO] SRC 3 DST 2 received packet number: 2, of messageId: 5 Success Data: 0x2073656e64696e67
[4919616ns] [INFO] SRC 3 DST 2 received packet number: 3, of messageId: 5 Success Data: 0x20746f2075736572
[4929960ns] [INFO] SRC 3 DST 2 received packet number: 4, of messageId: 5 Success Data: 0x432100
[6512977ns] [INFO] connection succeed to client socket number: 3
[6629741ns] [INFO] SRC 3 DST 0 received packet number: 0, of messageId: 0 Success ID for connection: 3
[6721834ns] [INFO] SRC 3 DST 2 received packet number: 0, of messageId: 5 Success Data: 0x48656c6c6f2c2049
[6739893ns] [INFO] SRC 3 DST 2 received packet number: 1, of messageId: 5 Success Data: 0x276d207573657243
[6751798ns] [INFO] SRC 3 DST 2 received packet number: 2, of messageId: 5 Success Data: 0x2073656e64696e67
[6763657ns] [INFO] SRC 3 DST 2 received packet number: 3, of messageId: 5 Success Data: 0x20746f2075736572
[6775303ns] [INFO] SRC 3 DST 2 received packet number: 4, of messageId: 5 Success Data: 0x422100
[169186ns] [INFO] create a client socket: 3 Success
[229104ns] [INFO] create a server socket: 3
[252913ns] [INFO] server running on port 8080
[2908004ns] [INFO] connection succeed to client socket number: 3
[2996857ns] [INFO] SRC 3 DST 0 received packet number: 0, of messageId: 0 Success ID for connection: 3
[3031744ns] [INFO] SRC 3 DST 2 received packet number: 0, of messageId: 5 Success Data: 0x48656c6c6f2c2049
[3044667ns] [INFO] SRC 3 DST 2 received packet number: 1, of messageId: 5 Success Data: 0x276d207573657243
[3055384ns] [INFO] SRC 3 DST 2 received packet number: 2, of messageId: 5 Success Data: 0x2073656e64696e67
[3067706ns] [INFO] SRC 3 DST 2 received packet number: 3, of messageId: 5 Success Data: 0x20746f2075736572
[3079131ns] [INFO] SRC 3 DST 2 received packet number: 4, of messageId: 5 Success Data: 0x422100
[4365460ns] [INFO] connection succeed to client socket number: 3
[4434440ns] [INFO] SRC 3 DST 0 received packet number: 0, of messageId: 0 Success ID for connection: 3
[4456492ns] [INFO] SRC 3 DST 2 received packet number: 0, of messageId: 5 Success Data: 0x48656c6c6f2c2049
[4469537ns] [INFO] SRC 3 DST 2 received packet number: 1, of messageId: 5 Success Data: 0x276d207573657242
[4486576ns] [INFO] SRC 3 DST 2 received packet number: 2, of messageId: 5 Success Data: 0x2073656e64696e67
[4541860ns] [INFO] SRC 3 DST 2 received packet number: 3, of messageId: 5 Success Data: 0x20746f2075736572
[4554386ns] [INFO] SRC 3 DST 2 received packet number: 4, of messageId: 5 Success Data: 0x432100
[6799836ns] [INFO] connection succeed to client socket number: 3
[7030139ns] [INFO] SRC 3 DST 0 received packet number: 0, of messageId: 0 Success ID for connection: 3
[7143462ns] [INFO] SRC 3 DST 2 received packet number: 0, of messageId: 5 Success Data: 0x48656c6c6f2c2049
[7161134ns] [INFO] SRC 3 DST 2 received packet number: 1, of messageId: 5 Success Data: 0x276d207573657243
[7173728ns] [INFO] SRC 3 DST 2 received packet number: 2, of messageId: 5 Success Data: 0x2073656e64696e67
[7185899ns] [INFO] SRC 3 DST 2 received packet number: 3, of messageId: 5 Success Data: 0x20746f2075736572
[7198078ns] [INFO] SRC 3 DST 2 received packet number: 4, of messageId: 5 Success Data: 0x422100
[112137ns] [INFO] create a client socket: 3 Success
[172600ns] [INFO] create a server socket: 3
[194684ns] [INFO] server running on port 8080
[2162798ns] [INFO] connection succeed to client socket number: 3
[2290575ns] [INFO] SRC 3 DST 0 received packet number: 0, of messageId: 0 Success ID for connection: 3
[2330146ns] [INFO] SRC 3 DST 2 received packet number: 0, of messageId: 5 Success Data: 0x48656c6c6f2c2049
[2343562ns] [INFO] SRC 3 DST 2 received packet number: 1, of messageId: 5 Success Data: 0x276d207573657243
[2355874ns] [INFO] SRC 3 DST 2 received packet number: 2, of messageId: 5 Success Data: 0x2073656e64696e67
[2367477ns] [INFO] SRC 3 DST 2 received packet number: 3, of messageId: 5 Success Data: 0x20746f2075736572
[2379178ns] [INFO] SRC 3 DST 2 received packet number: 4, of messageId: 5 Success Data: 0x422100
[4404099ns] [INFO] connection succeed to client socket number: 3
[4525865ns] [INFO] SRC 3 DST 0 received packet number: 0, of messageId: 0 Success ID for connection: 3
[4553706ns] [INFO] SRC 3 DST 2 received packet number: 0, of messageId: 5 Success Data: 0x48656c6c6f2c2049
[4580998ns] [INFO] SRC 3 DST 2 received packet number: 1, of messageId: 5 Success Data: 0x276d207573657242
[4592704ns] [INFO] SRC 3 DST 2 received packet number: 2, of messageId: 5 Success Data: 0x2073656e64696e67
[4603443ns] [INFO] SRC 3 DST 2 received packet number: 3, of messageId: 5 Success Data: 0x20746f2075736572
[4614700ns] [INFO] SRC 3 DST 2 received packet number: 4, of messageId: 5 Success Data: 0x432100
[7017841ns] [INFO] connection succeed to client socket number: 3
[12294391ns] [INFO] SRC 3 DST 0 received packet number: 0, of messageId: 0 Success ID for connection: 3
[12373738ns] [INFO] SRC 3 DST 2 received packet number: 0, of messageId: 5 Success Data: 0x48656c6c6f2c2049
[12390591ns] [INFO] SRC 3 DST 2 received packet number: 1, of messageId: 5 Success Data: 0x276d207573657243
[12402448ns] [INFO] SRC 3 DST 2 received packet number: 2, of messageId: 5 Success Data: 0x2073656e64696e67
[12413718ns] [INFO] SRC 3 DST 2 received packet number: 3, of messageId: 5 Success Data: 0x20746f2075736572
[12426665ns] [INFO] SRC 3 DST 2 received packet number: 4, of messageId: 5 Success Data: 0x422100
[73217ns] [INFO] create a client socket: 3 Success
[207268ns] [INFO] create a server socket: 3
[263112ns] [INFO] server running on port 8080
[2950007ns] [INFO] connection succeed to client socket number: 3
[3025806ns] [INFO] SRC 3 DST 0 received packet number: 0, of messageId: 0 Success ID for connection: 3
[3056816ns] [INFO] SRC 3 DST 2 received packet number: 0, of messageId: 5 Success Data: 0x48656c6c6f2c2049
[3103169ns] [INFO] SRC 3 DST 2 received packet number: 1, of messageId: 5 Success Data: 0x276d207573657243
[3118844ns] [INFO] SRC 3 DST 2 received packet number: 2, of messageId: 5 Success Data: 0x2073656e64696e67
[3132143ns] [INFO] SRC 3 DST 2 received packet number: 3, of messageId: 5 Success Data: 0x20746f2075736572
[3145293ns] [INFO] SRC 3 DST 2 received packet number: 4, of messageId: 5 Success Data: 0x422100
[4811934ns] [INFO] connection succeed to client socket number: 3
[4955679ns] [INFO] SRC 3 DST 0 received packet number: 0, of messageId: 0 Success ID for connection: 3
[4984284ns] [INFO] SRC 3 DST 2 received packet number: 0, of messageId: 5 Success Data: 0x48656c6c6f2c2049
[4997038ns] [INFO] SRC 3 DST 2 received packet number: 1, of messageId: 5 Success Data: 0x276d207573657242
[5007348ns] [INFO] SRC 3 DST 2 received packet number: 2, of messageId: 5 Success Data: 0x2073656e64696e67
[5018107ns] [INFO] SRC 3 DST 2 received packet number: 3, of messageId: 5 Success Data: 0x20746f2075736572
[5029434ns] [INFO] SRC 3 DST 2 received packet number: 4, of messageId: 5 Success Data: 0x432100
[7049207ns] [INFO] connection succeed to client socket number: 3
[7372199ns] [INFO] SRC 3 DST 0 received packet number: 0, of messageId: 0 Success ID for connection: 3
[7443942ns] [INFO] SRC 3 DST 2 received packet number: 0, of messageId: 5 Success Data: 0x48656c6c6f2c2049
[7479015ns] [INFO] SRC 3 DST 2 received packet number: 1, of messageId: 5 Success Data: 0x276d207573657243
[7514984ns] [INFO] SRC 3 DST 2 received packet number: 2, of messageId: 5 Success Data: 0x2073656e64696e67
[7560217ns] [INFO] SRC 3 DST 2 received packet number: 3, of messageId: 5 Success Data: 0x20746f2075736572
[7617027ns] [INFO] SRC 3 DST 2 received packet number: 4, of messageId: 5 Success Data: 0x422100
[54653ns] [INFO] create a client socket: 3 Success
[98536ns] [INFO] create a server socket: 3
[114102ns] [INFO] server running on port 8080
[2284841ns] [INFO] connection succeed to client socket number: 3
[2398653ns] [INFO] SRC 3 DST 0 received packet number: 0, of messageId: 0 Success ID for connection: 3
[2435348ns] [INFO] SRC 3 DST 2 received packet number: 0, of messageId: 5 Success Data: 0x48656c6c6f2c2049
[2452897ns] [INFO] SRC 3 DST 2 received packet number: 1, of messageId: 5 Success Data: 0x276d207573657243
[2473479ns] [INFO] SRC 3 DST 2 received packet number: 2, of messageId: 5 Success Data: 0x2073656e64696e67
[2487403ns] [INFO] SRC 3 DST 2 received packet number: 3, of messageId: 5 Success Data: 0x20746f2075736572
[2540763ns] [INFO] SRC 3 DST 2 received packet number: 4, of messageId: 5 Success Data: 0x422100
[3979117ns] [INFO] connection succeed to client socket number: 3
[4085633ns] [INFO] SRC 3 DST 0 received packet number: 0, of messageId: 0 Success ID for connection: 3
[4112586ns] [INFO] SRC 3 DST 2 received packet number: 0, of messageId: 5 Success Data: 0x48656c6c6f2c2049
[4126902ns] [INFO] SRC 3 DST 2 received packet number: 1, of messageId: 5 Success Data: 0x276d207573657242
[4138993ns] [INFO] SRC 3 DST 2 received packet number: 2, of messageId: 5 Success Data: 0x2073656e64696e67
[4150925ns] [INFO] SRC 3 DST 2 received packet number: 3, of messageId: 5 Success Data: 0x20746f2075736572
[4162566ns] [INFO] SRC 3 DST 2 received packet number: 4, of messageId: 5 Success Data: 0x432100
[5968876ns] [INFO] connection succeed to client socket number: 3
[6783170ns] [INFO] SRC 3 DST 0 received packet number: 0, of messageId: 0 Success ID for connection: 3
[6937144ns] [INFO] SRC 3 DST 2 received packet number: 0, of messageId: 5 Success Data: 0x48656c6c6f2c2049
[6954499ns] [INFO] SRC 3 DST 2 received packet number: 1, of messageId: 5 Success Data: 0x276d207573657243
[6965055ns] [INFO] SRC 3 DST 2 received packet number: 2, of messageId: 5 Success Data: 0x2073656e64696e67
[6976576ns] [INFO] SRC 3 DST 2 received packet number: 3, of messageId: 5 Success Data: 0x20746f2075736572
[6989332ns] [INFO] SRC 3 DST 2 received packet number: 4, of messageId: 5 Success Data: 0x422100
[130204ns] [INFO] create a client socket: 3 Success
[174665ns] [INFO] create a server socket: 3
[194154ns] [INFO] server running on port 8080
[2491566ns] [INFO] connection succeed to client socket number: 3
[2616752ns] [INFO] SRC 3 DST 0 received packet number: 0, of messageId: 0 Success ID for connection: 3
[2653959ns] [INFO] SRC 3 DST 2 received packet number: 0, of messageId: 5 Success Data: 0x48656c6c6f2c2049
[2670274ns] [INFO] SRC 3 DST 2 received packet number: 1, of messageId: 5 Success Data: 0x276d207573657243
[2683608ns] [INFO] SRC 3 DST 2 received packet number: 2, of messageId: 5 Success Data: 0x2073656e64696e67
[2696606ns] [INFO] SRC 3 DST 2 received packet number: 3, of messageId: 5 Success Data: 0x20746f2075736572
[2708624ns] [INFO] SRC 3 DST 2 received packet number: 4, of messageId: 5 Success Data: 0x422100
[4787650ns] [INFO] connection succeed to client socket number: 3
[5367484ns] [INFO] SRC 3 DST 0 received packet number: 0, of messageId: 0 Success ID for connection: 3
[5422763ns] [INFO] SRC 3 DST 2 received packet number: 0, of messageId: 5 Success Data: 0x48656c6c6f2c2049
[5437218ns] [INFO] SRC 3 DST 2 received packet number: 1, of messageId: 5 Success Data: 0x276d207573657242
[5448804ns] [INFO] SRC 3 DST 2 received packet number: 2, of messageId: 5 Success Data: 0x2073656e64696e67
[5459495ns] [INFO] SRC 3 DST 2 received packet number: 3, of messageId: 5 Success Data: 0x20746f2075736572
[5470757ns] [INFO] SRC 3 DST 2 received packet number: 4, of messageId: 5 Success Data: 0x432100
[7330012ns] [INFO] connection succeed to client socket number: 3
[7472227ns] [INFO] SRC 3 DST 0 received packet number: 0, of messageId: 0 Success ID for connection: 3
[7504724ns] [INFO] SRC 3 DST 2 received packet number: 0, of messageId: 5 Success Data: 0x48656c6c6f2c2049
[7519832ns] [INFO] SRC 3 DST 2 received packet number: 1, of messageId: 5 Success Data: 0x276d207573657243
[7532675ns] [INFO] SRC 3 DST 2 received packet number: 2, of messageId: 5 Success Data: 0x2073656e64696e67
[7545670ns] [INFO] SRC 3 DST 2 received packet number: 3, of messageId: 5 Success Data: 0x20746f2075736572
[7558082ns] [INFO] SRC 3 DST 2 received packet number: 4, of messageId: 5 Success Data: 0x422100
[69317ns] [INFO] create a client socket: 3 Success
[130386ns] [INFO] create a server socket: 3
[152210ns] [INFO] server running on port 8080
[3323691ns] [INFO] connection succeed to client socket number: 3
[4241104ns] [INFO] SRC 3 DST 0 received packet number: 0, of messageId: 0 Success ID for connection: 3
[4315453ns] [INFO] SRC 3 DST 2 received packet number: 0, of messageId: 5 Success Data: 0x48656c6c6f2c2049
[4329803ns] [INFO] SRC 3 DST 2 received packet number: 1, of messageId: 5 Success Data: 0x276d207573657243
[4342437ns] [INFO] SRC 3 DST 2 received packet number: 2, of messageId: 5 Success Data: 0x2073656e64696e67
[4355728ns] [INFO] SRC 3 DST 2 received packet number: 3, of messageId: 5 Success Data: 0x20746f2075736572
[4369114ns] [INFO] SRC 3 DST 2 received packet number: 4, of messageId: 5 Success Data: 0x422100
[5299120ns] [INFO] connection succeed to client socket number: 3
[5419546ns] [INFO] SRC 3 DST 0 received packet number: 0, of messageId: 0 Success ID for connection: 3
[5449274ns] [INFO] SRC 3 DST 2 received packet number: 0, of messageId: 5 Success Data: 0x48656c6c6f2c2049
[5464047ns] [INFO] SRC 3 DST 2 received packet number: 1, of messageId: 5 Success Data: 0x276d207573657242
[5476773ns] [INFO] SRC 3 DST 2 received packet number: 2, of messageId: 5 Success Data: 0x2073656e64696e67
[5489265ns] [INFO] SRC 3 DST 2 received packet number: 3, of messageId: 5 Success Data: 0x20746f2075736572
[5502536ns] [INFO] SRC 3 DST 2 received packet number: 4, of messageId: 5 Success Data: 0x432100
[7584888ns] [INFO] connection succeed to client socket number: 3
[7762317ns] [INFO] SRC 3 DST 0 received packet number: 0, of messageId: 0 Success ID for connection: 3
[7792350ns] [INFO] SRC 3 DST 2 received packet number: 0, of messageId: 5 Success Data: 0x48656c6c6f2c2049
[7805831ns] [INFO] SRC 3 DST 2 received packet number: 1, of messageId: 5 Success Data: 0x276d207573657243
[7900855ns] [INFO] SRC 3 DST 2 received packet number: 2, of messageId: 5 Success Data: 0x2073656e64696e67
[7920105ns] [INFO] SRC 3 DST 2 received packet number: 3, of messageId: 5 Success Data: 0x20746f2075736572
[7932259ns] [INFO] SRC 3 DST 2 received packet number: 4, of messageId: 5 Success Data: 0x422100
[164999ns] [INFO] create a client socket: 3 Success
[211068ns] [INFO] create a server socket: 3
[309285ns] [INFO] server running on port 8080
[3730150ns] [INFO] connection succeed to client socket number: 3
[3842241ns] [INFO] SRC 3 DST 0 received packet number: 0, of messageId: 0 Success ID for connection: 3
[3872605ns] [INFO] SRC 3 DST 2 received packet number: 0, of messageId: 5 Success Data: 0x48656c6c6f2c2049
[3887106ns] [INFO] SRC 3 DST 2 received packet number: 1, of messageId: 5 Success Data: 0x276d207573657243
[3898770ns] [INFO] SRC 3 DST 2 received packet number: 2, of messageId: 5 Success Data: 0x2073656e64696e67
[3910707ns] [INFO] SRC 3 DST 2 received packet number: 3, of messageId: 5 Success Data: 0x20746f2075736572
[3922807ns] [INFO] SRC 3 DST 2 received packet number: 4, of messageId: 5 Success Data: 0x422100
[6911069ns] [INFO] connection succeed to client socket number: 3
[7365357ns] [INFO] SRC 3 DST 0 received packet number: 0, of messageId: 0 Success ID for connection: 3
[7797630ns] [INFO] SRC 3 DST 2 received packet number: 0, of messageId: 5 Success Data: 0x48656c6c6f2c2049
[7817258ns] [INFO] SRC 3 DST 2 received packet number: 1, of messageId: 5 Success Data: 0x276d207573657242
[7828047ns] [INFO] SRC 3 DST 2 received packet number: 2, of messageId: 5 Success Data: 0x2073656e64696e67
[7838293ns] [INFO] SRC 3 DST 2 received packet number: 3, of messageId: 5 Success Data: 0x20746f2075736572
[7848757ns] [INFO] SRC 3 DST 2 received packet number: 4, of messageId: 5 Success Data: 0x432100
[10060707ns] [INFO] connection succeed to client socket number: 3
[10216057ns] [INFO] SRC 3 DST 0 received packet number: 0, of messageId: 0 Success ID for connection: 3
[10243884ns] [INFO] SRC 3 DST 2 received packet number: 0, of messageId: 5 Success Data: 0x48656c6c6f2c2049
[10257033ns] [INFO] SRC 3 DST 2 received packet number: 1, of messageId: 5 Success Data: 0x276d207573657243
[10270055ns] [INFO] SRC 3 DST 2 received packet number: 2, of messageId: 5 Success Data: 0x2073656e64696e67
[10280670ns] [INFO] SRC 3 DST 2 received packet number: 3, of messageId: 5 Success Data: 0x20746f2075736572
[10300953ns] [INFO] SRC 3 DST 2 received packet number: 4, of messageId: 5 Success Data: 0x422100
